The target system is: Android - 1 - aarch64
The host system is: Linux - 5.4.0-109-generic - x86_64
Determining if the C compiler works passed with the following output:
Change Dir: /home/cyrill/Downloads/ncnn-android-yolov5/app/.cxx/Debug/4t5x27n5/arm64-v8a/CMakeFiles/CMakeTmp

Run Build Command:"/home/cyrill/Android/Sdk/cmake/3.10.2.4988404/bin/ninja" "cmTC_c1570"
[1/2] Building C object CMakeFiles/cmTC_c1570.dir/testCCompiler.c.o
[2/2] Linking C executable cmTC_c1570


Detecting C compiler ABI info compiled with the following output:
Change Dir: /home/cyrill/Downloads/ncnn-android-yolov5/app/.cxx/Debug/4t5x27n5/arm64-v8a/CMakeFiles/CMakeTmp

Run Build Command:"/home/cyrill/Android/Sdk/cmake/3.10.2.4988404/bin/ninja" "cmTC_146e2"
[1/2] Building C object CMakeFiles/cmTC_146e2.dir/CMakeCCompilerABI.c.o
[2/2] Linking C executable cmTC_146e2
Android (8481493, based on r416183c2) clang version 12.0.9 (https://android.googlesource.com/toolchain/llvm-project c935d99d7cf2016289302412d708641d52d2f7ee)
Target: aarch64-none-linux-android24
Thread model: posix
InstalledDir: /home/cyrill/Android/Sdk/ndk/23.2.8568313/toolchains/llvm/prebuilt/linux-x86_64/bin
Found candidate GCC installation: /home/cyrill/Android/Sdk/ndk/23.2.8568313/toolchains/llvm/prebuilt/linux-x86_64/lib/gcc/aarch64-linux-android/4.9.x
Selected GCC installation: /home/cyrill/Android/Sdk/ndk/23.2.8568313/toolchains/llvm/prebuilt/linux-x86_64/lib/gcc/aarch64-linux-android/4.9.x
Candidate multilib: .;@m64
Selected multilib: .;@m64
 "/home/cyrill/Android/Sdk/ndk/23.2.8568313/toolchains/llvm/prebuilt/linux-x86_64/bin/ld" --sysroot=/home/cyrill/Android/Sdk/ndk/23.2.8568313/toolchains/llvm/prebuilt/linux-x86_64/sysroot -pie -z noexecstack -EL --fix-cortex-a53-843419 --warn-shared-textrel -z now -z relro -z max-page-size=4096 --hash-style=gnu --enable-new-dtags --eh-frame-hdr -m aarch64linux -dynamic-linker /system/bin/linker64 -o cmTC_146e2 /home/cyrill/Android/Sdk/ndk/23.2.8568313/toolchains/llvm/prebuilt/linux-x86_64/sysroot/usr/lib/aarch64-linux-android/24/crtbegin_dynamic.o -L/home/cyrill/Android/Sdk/ndk/23.2.8568313/toolchains/llvm/prebuilt/linux-x86_64/lib64/clang/12.0.9/lib/linux/aarch64 -L/home/cyrill/Android/Sdk/ndk/23.2.8568313/toolchains/llvm/prebuilt/linux-x86_64/lib/gcc/aarch64-linux-android/4.9.x -L/home/cyrill/Android/Sdk/ndk/23.2.8568313/toolchains/llvm/prebuilt/linux-x86_64/sysroot/usr/lib/aarch64-linux-android/24 -L/home/cyrill/Android/Sdk/ndk/23.2.8568313/toolchains/llvm/prebuilt/linux-x86_64/sysroot/usr/lib/aarch64-linux-android -L/home/cyrill/Android/Sdk/ndk/23.2.8568313/toolchains/llvm/prebuilt/linux-x86_64/sysroot/usr/lib --build-id=sha1 --no-rosegment --fatal-warnings --no-undefined --gc-sections CMakeFiles/cmTC_146e2.dir/CMakeCCompilerABI.c.o /home/cyrill/Android/Sdk/ndk/23.2.8568313/toolchains/llvm/prebuilt/linux-x86_64/lib64/clang/12.0.9/lib/linux/libclang_rt.builtins-aarch64-android.a -l:libunwind.a -ldl -lc /home/cyrill/Android/Sdk/ndk/23.2.8568313/toolchains/llvm/prebuilt/linux-x86_64/lib64/clang/12.0.9/lib/linux/libclang_rt.builtins-aarch64-android.a -l:libunwind.a -ldl /home/cyrill/Android/Sdk/ndk/23.2.8568313/toolchains/llvm/prebuilt/linux-x86_64/sysroot/usr/lib/aarch64-linux-android/24/crtend_android.o


Parsed C implicit link information from above output:
  link line regex: [^( *|.*[/\])(CMAKE_LINKER-NOTFOUND|CMAKE_LINK_STARTFILE-NOTFOUND|([^/\]+-)?ld|collect2)[^/\]*( |$)]
  ignore line: [Change Dir: /home/cyrill/Downloads/ncnn-android-yolov5/app/.cxx/Debug/4t5x27n5/arm64-v8a/CMakeFiles/CMakeTmp]
  ignore line: []
  ignore line: [Run Build Command:"/home/cyrill/Android/Sdk/cmake/3.10.2.4988404/bin/ninja" "cmTC_146e2"]
  ignore line: [[1/2] Building C object CMakeFiles/cmTC_146e2.dir/CMakeCCompilerABI.c.o]
  ignore line: [[2/2] Linking C executable cmTC_146e2]
  ignore line: [Android (8481493, based on r416183c2) clang version 12.0.9 (https://android.googlesource.com/toolchain/llvm-project c935d99d7cf2016289302412d708641d52d2f7ee)]
  ignore line: [Target: aarch64-none-linux-android24]
  ignore line: [Thread model: posix]
  ignore line: [InstalledDir: /home/cyrill/Android/Sdk/ndk/23.2.8568313/toolchains/llvm/prebuilt/linux-x86_64/bin]
  ignore line: [Found candidate GCC installation: /home/cyrill/Android/Sdk/ndk/23.2.8568313/toolchains/llvm/prebuilt/linux-x86_64/lib/gcc/aarch64-linux-android/4.9.x]
  ignore line: [Selected GCC installation: /home/cyrill/Android/Sdk/ndk/23.2.8568313/toolchains/llvm/prebuilt/linux-x86_64/lib/gcc/aarch64-linux-android/4.9.x]
  ignore line: [Candidate multilib: .]
  ignore line: [@m64]
  ignore line: [Selected multilib: .]
  ignore line: [@m64]
  link line: [ "/home/cyrill/Android/Sdk/ndk/23.2.8568313/toolchains/llvm/prebuilt/linux-x86_64/bin/ld" --sysroot=/home/cyrill/Android/Sdk/ndk/23.2.8568313/toolchains/llvm/prebuilt/linux-x86_64/sysroot -pie -z noexecstack -EL --fix-cortex-a53-843419 --warn-shared-textrel -z now -z relro -z max-page-size=4096 --hash-style=gnu --enable-new-dtags --eh-frame-hdr -m aarch64linux -dynamic-linker /system/bin/linker64 -o cmTC_146e2 /home/cyrill/Android/Sdk/ndk/23.2.8568313/toolchains/llvm/prebuilt/linux-x86_64/sysroot/usr/lib/aarch64-linux-android/24/crtbegin_dynamic.o -L/home/cyrill/Android/Sdk/ndk/23.2.8568313/toolchains/llvm/prebuilt/linux-x86_64/lib64/clang/12.0.9/lib/linux/aarch64 -L/home/cyrill/Android/Sdk/ndk/23.2.8568313/toolchains/llvm/prebuilt/linux-x86_64/lib/gcc/aarch64-linux-android/4.9.x -L/home/cyrill/Android/Sdk/ndk/23.2.8568313/toolchains/llvm/prebuilt/linux-x86_64/sysroot/usr/lib/aarch64-linux-android/24 -L/home/cyrill/Android/Sdk/ndk/23.2.8568313/toolchains/llvm/prebuilt/linux-x86_64/sysroot/usr/lib/aarch64-linux-android -L/home/cyrill/Android/Sdk/ndk/23.2.8568313/toolchains/llvm/prebuilt/linux-x86_64/sysroot/usr/lib --build-id=sha1 --no-rosegment --fatal-warnings --no-undefined --gc-sections CMakeFiles/cmTC_146e2.dir/CMakeCCompilerABI.c.o /home/cyrill/Android/Sdk/ndk/23.2.8568313/toolchains/llvm/prebuilt/linux-x86_64/lib64/clang/12.0.9/lib/linux/libclang_rt.builtins-aarch64-android.a -l:libunwind.a -ldl -lc /home/cyrill/Android/Sdk/ndk/23.2.8568313/toolchains/llvm/prebuilt/linux-x86_64/lib64/clang/12.0.9/lib/linux/libclang_rt.builtins-aarch64-android.a -l:libunwind.a -ldl /home/cyrill/Android/Sdk/ndk/23.2.8568313/toolchains/llvm/prebuilt/linux-x86_64/sysroot/usr/lib/aarch64-linux-android/24/crtend_android.o]
    arg [/home/cyrill/Android/Sdk/ndk/23.2.8568313/toolchains/llvm/prebuilt/linux-x86_64/bin/ld] ==> ignore
    arg [--sysroot=/home/cyrill/Android/Sdk/ndk/23.2.8568313/toolchains/llvm/prebuilt/linux-x86_64/sysroot] ==> ignore
    arg [-pie] ==> ignore
    arg [-znoexecstack] ==> ignore
    arg [-EL] ==> ignore
    arg [--fix-cortex-a53-843419] ==> ignore
    arg [--warn-shared-textrel] ==> ignore
    arg [-znow] ==> ignore
    arg [-zrelro] ==> ignore
    arg [-zmax-page-size=4096] ==> ignore
    arg [--hash-style=gnu] ==> ignore
    arg [--enable-new-dtags] ==> ignore
    arg [--eh-frame-hdr] ==> ignore
    arg [-m] ==> ignore
    arg [aarch64linux] ==> ignore
    arg [-dynamic-linker] ==> ignore
    arg [/system/bin/linker64] ==> ignore
    arg [-o] ==> ignore
    arg [cmTC_146e2] ==> ignore
    arg [/home/cyrill/Android/Sdk/ndk/23.2.8568313/toolchains/llvm/prebuilt/linux-x86_64/sysroot/usr/lib/aarch64-linux-android/24/crtbegin_dynamic.o] ==> ignore
    arg [-L/home/cyrill/Android/Sdk/ndk/23.2.8568313/toolchains/llvm/prebuilt/linux-x86_64/lib64/clang/12.0.9/lib/linux/aarch64] ==> dir [/home/cyrill/Android/Sdk/ndk/23.2.8568313/toolchains/llvm/prebuilt/linux-x86_64/lib64/clang/12.0.9/lib/linux/aarch64]
    arg [-L/home/cyrill/Android/Sdk/ndk/23.2.8568313/toolchains/llvm/prebuilt/linux-x86_64/lib/gcc/aarch64-linux-android/4.9.x] ==> dir [/home/cyrill/Android/Sdk/ndk/23.2.8568313/toolchains/llvm/prebuilt/linux-x86_64/lib/gcc/aarch64-linux-android/4.9.x]
    arg [-L/home/cyrill/Android/Sdk/ndk/23.2.8568313/toolchains/llvm/prebuilt/linux-x86_64/sysroot/usr/lib/aarch64-linux-android/24] ==> dir [/home/cyrill/Android/Sdk/ndk/23.2.8568313/toolchains/llvm/prebuilt/linux-x86_64/sysroot/usr/lib/aarch64-linux-android/24]
    arg [-L/home/cyrill/Android/Sdk/ndk/23.2.8568313/toolchains/llvm/prebuilt/linux-x86_64/sysroot/usr/lib/aarch64-linux-android] ==> dir [/home/cyrill/Android/Sdk/ndk/23.2.8568313/toolchains/llvm/prebuilt/linux-x86_64/sysroot/usr/lib/aarch64-linux-android]
    arg [-L/home/cyrill/Android/Sdk/ndk/23.2.8568313/toolchains/llvm/prebuilt/linux-x86_64/sysroot/usr/lib] ==> dir [/home/cyrill/Android/Sdk/ndk/23.2.8568313/toolchains/llvm/prebuilt/linux-x86_64/sysroot/usr/lib]
    arg [--build-id=sha1] ==> ignore
    arg [--no-rosegment] ==> ignore
    arg [--fatal-warnings] ==> ignore
    arg [--no-undefined] ==> ignore
    arg [--gc-sections] ==> ignore
    arg [CMakeFiles/cmTC_146e2.dir/CMakeCCompilerABI.c.o] ==> ignore
    arg [/home/cyrill/Android/Sdk/ndk/23.2.8568313/toolchains/llvm/prebuilt/linux-x86_64/lib64/clang/12.0.9/lib/linux/libclang_rt.builtins-aarch64-android.a] ==> lib [/home/cyrill/Android/Sdk/ndk/23.2.8568313/toolchains/llvm/prebuilt/linux-x86_64/lib64/clang/12.0.9/lib/linux/libclang_rt.builtins-aarch64-android.a]
    arg [-l:libunwind.a] ==> lib [-l:libunwind.a]
    arg [-ldl] ==> lib [dl]
    arg [-lc] ==> lib [c]
    arg [/home/cyrill/Android/Sdk/ndk/23.2.8568313/toolchains/llvm/prebuilt/linux-x86_64/lib64/clang/12.0.9/lib/linux/libclang_rt.builtins-aarch64-android.a] ==> lib [/home/cyrill/Android/Sdk/ndk/23.2.8568313/toolchains/llvm/prebuilt/linux-x86_64/lib64/clang/12.0.9/lib/linux/libclang_rt.builtins-aarch64-android.a]
    arg [-l:libunwind.a] ==> lib [-l:libunwind.a]
    arg [-ldl] ==> lib [dl]
    arg [/home/cyrill/Android/Sdk/ndk/23.2.8568313/toolchains/llvm/prebuilt/linux-x86_64/sysroot/usr/lib/aarch64-linux-android/24/crtend_android.o] ==> ignore
  remove lib [/home/cyrill/Android/Sdk/ndk/23.2.8568313/toolchains/llvm/prebuilt/linux-x86_64/lib64/clang/12.0.9/lib/linux/libclang_rt.builtins-aarch64-android.a]
  remove lib [/home/cyrill/Android/Sdk/ndk/23.2.8568313/toolchains/llvm/prebuilt/linux-x86_64/lib64/clang/12.0.9/lib/linux/libclang_rt.builtins-aarch64-android.a]
  collapse library dir [/home/cyrill/Android/Sdk/ndk/23.2.8568313/toolchains/llvm/prebuilt/linux-x86_64/lib64/clang/12.0.9/lib/linux/aarch64] ==> [/home/cyrill/Android/Sdk/ndk/23.2.8568313/toolchains/llvm/prebuilt/linux-x86_64/lib64/clang/12.0.9/lib/linux/aarch64]
  collapse library dir [/home/cyrill/Android/Sdk/ndk/23.2.8568313/toolchains/llvm/prebuilt/linux-x86_64/lib/gcc/aarch64-linux-android/4.9.x] ==> [/home/cyrill/Android/Sdk/ndk/23.2.8568313/toolchains/llvm/prebuilt/linux-x86_64/lib/gcc/aarch64-linux-android/4.9.x]
  collapse library dir [/home/cyrill/Android/Sdk/ndk/23.2.8568313/toolchains/llvm/prebuilt/linux-x86_64/sysroot/usr/lib/aarch64-linux-android/24] ==> [/home/cyrill/Android/Sdk/ndk/23.2.8568313/toolchains/llvm/prebuilt/linux-x86_64/sysroot/usr/lib/aarch64-linux-android/24]
  collapse library dir [/home/cyrill/Android/Sdk/ndk/23.2.8568313/toolchains/llvm/prebuilt/linux-x86_64/sysroot/usr/lib/aarch64-linux-android] ==> [/home/cyrill/Android/Sdk/ndk/23.2.8568313/toolchains/llvm/prebuilt/linux-x86_64/sysroot/usr/lib/aarch64-linux-android]
  collapse library dir [/home/cyrill/Android/Sdk/ndk/23.2.8568313/toolchains/llvm/prebuilt/linux-x86_64/sysroot/usr/lib] ==> [/home/cyrill/Android/Sdk/ndk/23.2.8568313/toolchains/llvm/prebuilt/linux-x86_64/sysroot/usr/lib]
  implicit libs: [-l:libunwind.a;dl;c;-l:libunwind.a;dl]
  implicit dirs: [/home/cyrill/Android/Sdk/ndk/23.2.8568313/toolchains/llvm/prebuilt/linux-x86_64/lib64/clang/12.0.9/lib/linux/aarch64;/home/cyrill/Android/Sdk/ndk/23.2.8568313/toolchains/llvm/prebuilt/linux-x86_64/lib/gcc/aarch64-linux-android/4.9.x;/home/cyrill/Android/Sdk/ndk/23.2.8568313/toolchains/llvm/prebuilt/linux-x86_64/sysroot/usr/lib/aarch64-linux-android/24;/home/cyrill/Android/Sdk/ndk/23.2.8568313/toolchains/llvm/prebuilt/linux-x86_64/sysroot/usr/lib/aarch64-linux-android;/home/cyrill/Android/Sdk/ndk/23.2.8568313/toolchains/llvm/prebuilt/linux-x86_64/sysroot/usr/lib]
  implicit fwks: []




Detecting C [-std=c11] compiler features compiled with the following output:
Change Dir: /home/cyrill/Downloads/ncnn-android-yolov5/app/.cxx/Debug/4t5x27n5/arm64-v8a/CMakeFiles/CMakeTmp

Run Build Command:"/home/cyrill/Android/Sdk/cmake/3.10.2.4988404/bin/ninja" "cmTC_a10b0"
[1/2] Building C object CMakeFiles/cmTC_a10b0.dir/feature_tests.c.o
[2/2] Linking C executable cmTC_a10b0


    Feature record: C_FEATURE:1c_function_prototypes
    Feature record: C_FEATURE:1c_restrict
    Feature record: C_FEATURE:1c_static_assert
    Feature record: C_FEATURE:1c_variadic_macros


Detecting C [-std=c99] compiler features compiled with the following output:
Change Dir: /home/cyrill/Downloads/ncnn-android-yolov5/app/.cxx/Debug/4t5x27n5/arm64-v8a/CMakeFiles/CMakeTmp

Run Build Command:"/home/cyrill/Android/Sdk/cmake/3.10.2.4988404/bin/ninja" "cmTC_0a0d5"
[1/2] Building C object CMakeFiles/cmTC_0a0d5.dir/feature_tests.c.o
[2/2] Linking C executable cmTC_0a0d5


    Feature record: C_FEATURE:1c_function_prototypes
    Feature record: C_FEATURE:1c_restrict
    Feature record: C_FEATURE:0c_static_assert
    Feature record: C_FEATURE:1c_variadic_macros


Detecting C [-std=c90] compiler features compiled with the following output:
Change Dir: /home/cyrill/Downloads/ncnn-android-yolov5/app/.cxx/Debug/4t5x27n5/arm64-v8a/CMakeFiles/CMakeTmp

Run Build Command:"/home/cyrill/Android/Sdk/cmake/3.10.2.4988404/bin/ninja" "cmTC_da996"
[1/2] Building C object CMakeFiles/cmTC_da996.dir/feature_tests.c.o
[2/2] Linking C executable cmTC_da996


    Feature record: C_FEATURE:1c_function_prototypes
    Feature record: C_FEATURE:0c_restrict
    Feature record: C_FEATURE:0c_static_assert
    Feature record: C_FEATURE:0c_variadic_macros
Determining if the CXX compiler works passed with the following output:
Change Dir: /home/cyrill/Downloads/ncnn-android-yolov5/app/.cxx/Debug/4t5x27n5/arm64-v8a/CMakeFiles/CMakeTmp

Run Build Command:"/home/cyrill/Android/Sdk/cmake/3.10.2.4988404/bin/ninja" "cmTC_fa255"
[1/2] Building CXX object CMakeFiles/cmTC_fa255.dir/testCXXCompiler.cxx.o
[2/2] Linking CXX executable cmTC_fa255


Detecting CXX compiler ABI info compiled with the following output:
Change Dir: /home/cyrill/Downloads/ncnn-android-yolov5/app/.cxx/Debug/4t5x27n5/arm64-v8a/CMakeFiles/CMakeTmp

Run Build Command:"/home/cyrill/Android/Sdk/cmake/3.10.2.4988404/bin/ninja" "cmTC_348ae"
[1/2] Building CXX object CMakeFiles/cmTC_348ae.dir/CMakeCXXCompilerABI.cpp.o
[2/2] Linking CXX executable cmTC_348ae
Android (8481493, based on r416183c2) clang version 12.0.9 (https://android.googlesource.com/toolchain/llvm-project c935d99d7cf2016289302412d708641d52d2f7ee)
Target: aarch64-none-linux-android24
Thread model: posix
InstalledDir: /home/cyrill/Android/Sdk/ndk/23.2.8568313/toolchains/llvm/prebuilt/linux-x86_64/bin
Found candidate GCC installation: /home/cyrill/Android/Sdk/ndk/23.2.8568313/toolchains/llvm/prebuilt/linux-x86_64/lib/gcc/aarch64-linux-android/4.9.x
Selected GCC installation: /home/cyrill/Android/Sdk/ndk/23.2.8568313/toolchains/llvm/prebuilt/linux-x86_64/lib/gcc/aarch64-linux-android/4.9.x
Candidate multilib: .;@m64
Selected multilib: .;@m64
 "/home/cyrill/Android/Sdk/ndk/23.2.8568313/toolchains/llvm/prebuilt/linux-x86_64/bin/ld" --sysroot=/home/cyrill/Android/Sdk/ndk/23.2.8568313/toolchains/llvm/prebuilt/linux-x86_64/sysroot -pie -z noexecstack -EL --fix-cortex-a53-843419 --warn-shared-textrel -z now -z relro -z max-page-size=4096 --hash-style=gnu --enable-new-dtags --eh-frame-hdr -m aarch64linux -dynamic-linker /system/bin/linker64 -o cmTC_348ae /home/cyrill/Android/Sdk/ndk/23.2.8568313/toolchains/llvm/prebuilt/linux-x86_64/sysroot/usr/lib/aarch64-linux-android/24/crtbegin_dynamic.o -L/home/cyrill/Android/Sdk/ndk/23.2.8568313/toolchains/llvm/prebuilt/linux-x86_64/lib64/clang/12.0.9/lib/linux/aarch64 -L/home/cyrill/Android/Sdk/ndk/23.2.8568313/toolchains/llvm/prebuilt/linux-x86_64/lib/gcc/aarch64-linux-android/4.9.x -L/home/cyrill/Android/Sdk/ndk/23.2.8568313/toolchains/llvm/prebuilt/linux-x86_64/sysroot/usr/lib/aarch64-linux-android/24 -L/home/cyrill/Android/Sdk/ndk/23.2.8568313/toolchains/llvm/prebuilt/linux-x86_64/sysroot/usr/lib/aarch64-linux-android -L/home/cyrill/Android/Sdk/ndk/23.2.8568313/toolchains/llvm/prebuilt/linux-x86_64/sysroot/usr/lib --build-id=sha1 --no-rosegment --fatal-warnings --no-undefined --gc-sections CMakeFiles/cmTC_348ae.dir/CMakeCXXCompilerABI.cpp.o -Bstatic -lc++ -Bdynamic -lm /home/cyrill/Android/Sdk/ndk/23.2.8568313/toolchains/llvm/prebuilt/linux-x86_64/lib64/clang/12.0.9/lib/linux/libclang_rt.builtins-aarch64-android.a -l:libunwind.a -ldl -lc /home/cyrill/Android/Sdk/ndk/23.2.8568313/toolchains/llvm/prebuilt/linux-x86_64/lib64/clang/12.0.9/lib/linux/libclang_rt.builtins-aarch64-android.a -l:libunwind.a -ldl /home/cyrill/Android/Sdk/ndk/23.2.8568313/toolchains/llvm/prebuilt/linux-x86_64/sysroot/usr/lib/aarch64-linux-android/24/crtend_android.o


Parsed CXX implicit link information from above output:
  link line regex: [^( *|.*[/\])(CMAKE_LINKER-NOTFOUND|CMAKE_LINK_STARTFILE-NOTFOUND|([^/\]+-)?ld|collect2)[^/\]*( |$)]
  ignore line: [Change Dir: /home/cyrill/Downloads/ncnn-android-yolov5/app/.cxx/Debug/4t5x27n5/arm64-v8a/CMakeFiles/CMakeTmp]
  ignore line: []
  ignore line: [Run Build Command:"/home/cyrill/Android/Sdk/cmake/3.10.2.4988404/bin/ninja" "cmTC_348ae"]
  ignore line: [[1/2] Building CXX object CMakeFiles/cmTC_348ae.dir/CMakeCXXCompilerABI.cpp.o]
  ignore line: [[2/2] Linking CXX executable cmTC_348ae]
  ignore line: [Android (8481493, based on r416183c2) clang version 12.0.9 (https://android.googlesource.com/toolchain/llvm-project c935d99d7cf2016289302412d708641d52d2f7ee)]
  ignore line: [Target: aarch64-none-linux-android24]
  ignore line: [Thread model: posix]
  ignore line: [InstalledDir: /home/cyrill/Android/Sdk/ndk/23.2.8568313/toolchains/llvm/prebuilt/linux-x86_64/bin]
  ignore line: [Found candidate GCC installation: /home/cyrill/Android/Sdk/ndk/23.2.8568313/toolchains/llvm/prebuilt/linux-x86_64/lib/gcc/aarch64-linux-android/4.9.x]
  ignore line: [Selected GCC installation: /home/cyrill/Android/Sdk/ndk/23.2.8568313/toolchains/llvm/prebuilt/linux-x86_64/lib/gcc/aarch64-linux-android/4.9.x]
  ignore line: [Candidate multilib: .]
  ignore line: [@m64]
  ignore line: [Selected multilib: .]
  ignore line: [@m64]
  link line: [ "/home/cyrill/Android/Sdk/ndk/23.2.8568313/toolchains/llvm/prebuilt/linux-x86_64/bin/ld" --sysroot=/home/cyrill/Android/Sdk/ndk/23.2.8568313/toolchains/llvm/prebuilt/linux-x86_64/sysroot -pie -z noexecstack -EL --fix-cortex-a53-843419 --warn-shared-textrel -z now -z relro -z max-page-size=4096 --hash-style=gnu --enable-new-dtags --eh-frame-hdr -m aarch64linux -dynamic-linker /system/bin/linker64 -o cmTC_348ae /home/cyrill/Android/Sdk/ndk/23.2.8568313/toolchains/llvm/prebuilt/linux-x86_64/sysroot/usr/lib/aarch64-linux-android/24/crtbegin_dynamic.o -L/home/cyrill/Android/Sdk/ndk/23.2.8568313/toolchains/llvm/prebuilt/linux-x86_64/lib64/clang/12.0.9/lib/linux/aarch64 -L/home/cyrill/Android/Sdk/ndk/23.2.8568313/toolchains/llvm/prebuilt/linux-x86_64/lib/gcc/aarch64-linux-android/4.9.x -L/home/cyrill/Android/Sdk/ndk/23.2.8568313/toolchains/llvm/prebuilt/linux-x86_64/sysroot/usr/lib/aarch64-linux-android/24 -L/home/cyrill/Android/Sdk/ndk/23.2.8568313/toolchains/llvm/prebuilt/linux-x86_64/sysroot/usr/lib/aarch64-linux-android -L/home/cyrill/Android/Sdk/ndk/23.2.8568313/toolchains/llvm/prebuilt/linux-x86_64/sysroot/usr/lib --build-id=sha1 --no-rosegment --fatal-warnings --no-undefined --gc-sections CMakeFiles/cmTC_348ae.dir/CMakeCXXCompilerABI.cpp.o -Bstatic -lc++ -Bdynamic -lm /home/cyrill/Android/Sdk/ndk/23.2.8568313/toolchains/llvm/prebuilt/linux-x86_64/lib64/clang/12.0.9/lib/linux/libclang_rt.builtins-aarch64-android.a -l:libunwind.a -ldl -lc /home/cyrill/Android/Sdk/ndk/23.2.8568313/toolchains/llvm/prebuilt/linux-x86_64/lib64/clang/12.0.9/lib/linux/libclang_rt.builtins-aarch64-android.a -l:libunwind.a -ldl /home/cyrill/Android/Sdk/ndk/23.2.8568313/toolchains/llvm/prebuilt/linux-x86_64/sysroot/usr/lib/aarch64-linux-android/24/crtend_android.o]
    arg [/home/cyrill/Android/Sdk/ndk/23.2.8568313/toolchains/llvm/prebuilt/linux-x86_64/bin/ld] ==> ignore
    arg [--sysroot=/home/cyrill/Android/Sdk/ndk/23.2.8568313/toolchains/llvm/prebuilt/linux-x86_64/sysroot] ==> ignore
    arg [-pie] ==> ignore
    arg [-znoexecstack] ==> ignore
    arg [-EL] ==> ignore
    arg [--fix-cortex-a53-843419] ==> ignore
    arg [--warn-shared-textrel] ==> ignore
    arg [-znow] ==> ignore
    arg [-zrelro] ==> ignore
    arg [-zmax-page-size=4096] ==> ignore
    arg [--hash-style=gnu] ==> ignore
    arg [--enable-new-dtags] ==> ignore
    arg [--eh-frame-hdr] ==> ignore
    arg [-m] ==> ignore
    arg [aarch64linux] ==> ignore
    arg [-dynamic-linker] ==> ignore
    arg [/system/bin/linker64] ==> ignore
    arg [-o] ==> ignore
    arg [cmTC_348ae] ==> ignore
    arg [/home/cyrill/Android/Sdk/ndk/23.2.8568313/toolchains/llvm/prebuilt/linux-x86_64/sysroot/usr/lib/aarch64-linux-android/24/crtbegin_dynamic.o] ==> ignore
    arg [-L/home/cyrill/Android/Sdk/ndk/23.2.8568313/toolchains/llvm/prebuilt/linux-x86_64/lib64/clang/12.0.9/lib/linux/aarch64] ==> dir [/home/cyrill/Android/Sdk/ndk/23.2.8568313/toolchains/llvm/prebuilt/linux-x86_64/lib64/clang/12.0.9/lib/linux/aarch64]
    arg [-L/home/cyrill/Android/Sdk/ndk/23.2.8568313/toolchains/llvm/prebuilt/linux-x86_64/lib/gcc/aarch64-linux-android/4.9.x] ==> dir [/home/cyrill/Android/Sdk/ndk/23.2.8568313/toolchains/llvm/prebuilt/linux-x86_64/lib/gcc/aarch64-linux-android/4.9.x]
    arg [-L/home/cyrill/Android/Sdk/ndk/23.2.8568313/toolchains/llvm/prebuilt/linux-x86_64/sysroot/usr/lib/aarch64-linux-android/24] ==> dir [/home/cyrill/Android/Sdk/ndk/23.2.8568313/toolchains/llvm/prebuilt/linux-x86_64/sysroot/usr/lib/aarch64-linux-android/24]
    arg [-L/home/cyrill/Android/Sdk/ndk/23.2.8568313/toolchains/llvm/prebuilt/linux-x86_64/sysroot/usr/lib/aarch64-linux-android] ==> dir [/home/cyrill/Android/Sdk/ndk/23.2.8568313/toolchains/llvm/prebuilt/linux-x86_64/sysroot/usr/lib/aarch64-linux-android]
    arg [-L/home/cyrill/Android/Sdk/ndk/23.2.8568313/toolchains/llvm/prebuilt/linux-x86_64/sysroot/usr/lib] ==> dir [/home/cyrill/Android/Sdk/ndk/23.2.8568313/toolchains/llvm/prebuilt/linux-x86_64/sysroot/usr/lib]
    arg [--build-id=sha1] ==> ignore
    arg [--no-rosegment] ==> ignore
    arg [--fatal-warnings] ==> ignore
    arg [--no-undefined] ==> ignore
    arg [--gc-sections] ==> ignore
    arg [CMakeFiles/cmTC_348ae.dir/CMakeCXXCompilerABI.cpp.o] ==> ignore
    arg [-Bstatic] ==> ignore
    arg [-lc++] ==> lib [c++]
    arg [-Bdynamic] ==> ignore
    arg [-lm] ==> lib [m]
    arg [/home/cyrill/Android/Sdk/ndk/23.2.8568313/toolchains/llvm/prebuilt/linux-x86_64/lib64/clang/12.0.9/lib/linux/libclang_rt.builtins-aarch64-android.a] ==> lib [/home/cyrill/Android/Sdk/ndk/23.2.8568313/toolchains/llvm/prebuilt/linux-x86_64/lib64/clang/12.0.9/lib/linux/libclang_rt.builtins-aarch64-android.a]
    arg [-l:libunwind.a] ==> lib [-l:libunwind.a]
    arg [-ldl] ==> lib [dl]
    arg [-lc] ==> lib [c]
    arg [/home/cyrill/Android/Sdk/ndk/23.2.8568313/toolchains/llvm/prebuilt/linux-x86_64/lib64/clang/12.0.9/lib/linux/libclang_rt.builtins-aarch64-android.a] ==> lib [/home/cyrill/Android/Sdk/ndk/23.2.8568313/toolchains/llvm/prebuilt/linux-x86_64/lib64/clang/12.0.9/lib/linux/libclang_rt.builtins-aarch64-android.a]
    arg [-l:libunwind.a] ==> lib [-l:libunwind.a]
    arg [-ldl] ==> lib [dl]
    arg [/home/cyrill/Android/Sdk/ndk/23.2.8568313/toolchains/llvm/prebuilt/linux-x86_64/sysroot/usr/lib/aarch64-linux-android/24/crtend_android.o] ==> ignore
  remove lib [/home/cyrill/Android/Sdk/ndk/23.2.8568313/toolchains/llvm/prebuilt/linux-x86_64/lib64/clang/12.0.9/lib/linux/libclang_rt.builtins-aarch64-android.a]
  remove lib [/home/cyrill/Android/Sdk/ndk/23.2.8568313/toolchains/llvm/prebuilt/linux-x86_64/lib64/clang/12.0.9/lib/linux/libclang_rt.builtins-aarch64-android.a]
  collapse library dir [/home/cyrill/Android/Sdk/ndk/23.2.8568313/toolchains/llvm/prebuilt/linux-x86_64/lib64/clang/12.0.9/lib/linux/aarch64] ==> [/home/cyrill/Android/Sdk/ndk/23.2.8568313/toolchains/llvm/prebuilt/linux-x86_64/lib64/clang/12.0.9/lib/linux/aarch64]
  collapse library dir [/home/cyrill/Android/Sdk/ndk/23.2.8568313/toolchains/llvm/prebuilt/linux-x86_64/lib/gcc/aarch64-linux-android/4.9.x] ==> [/home/cyrill/Android/Sdk/ndk/23.2.8568313/toolchains/llvm/prebuilt/linux-x86_64/lib/gcc/aarch64-linux-android/4.9.x]
  collapse library dir [/home/cyrill/Android/Sdk/ndk/23.2.8568313/toolchains/llvm/prebuilt/linux-x86_64/sysroot/usr/lib/aarch64-linux-android/24] ==> [/home/cyrill/Android/Sdk/ndk/23.2.8568313/toolchains/llvm/prebuilt/linux-x86_64/sysroot/usr/lib/aarch64-linux-android/24]
  collapse library dir [/home/cyrill/Android/Sdk/ndk/23.2.8568313/toolchains/llvm/prebuilt/linux-x86_64/sysroot/usr/lib/aarch64-linux-android] ==> [/home/cyrill/Android/Sdk/ndk/23.2.8568313/toolchains/llvm/prebuilt/linux-x86_64/sysroot/usr/lib/aarch64-linux-android]
  collapse library dir [/home/cyrill/Android/Sdk/ndk/23.2.8568313/toolchains/llvm/prebuilt/linux-x86_64/sysroot/usr/lib] ==> [/home/cyrill/Android/Sdk/ndk/23.2.8568313/toolchains/llvm/prebuilt/linux-x86_64/sysroot/usr/lib]
  implicit libs: [c++;m;-l:libunwind.a;dl;c;-l:libunwind.a;dl]
  implicit dirs: [/home/cyrill/Android/Sdk/ndk/23.2.8568313/toolchains/llvm/prebuilt/linux-x86_64/lib64/clang/12.0.9/lib/linux/aarch64;/home/cyrill/Android/Sdk/ndk/23.2.8568313/toolchains/llvm/prebuilt/linux-x86_64/lib/gcc/aarch64-linux-android/4.9.x;/home/cyrill/Android/Sdk/ndk/23.2.8568313/toolchains/llvm/prebuilt/linux-x86_64/sysroot/usr/lib/aarch64-linux-android/24;/home/cyrill/Android/Sdk/ndk/23.2.8568313/toolchains/llvm/prebuilt/linux-x86_64/sysroot/usr/lib/aarch64-linux-android;/home/cyrill/Android/Sdk/ndk/23.2.8568313/toolchains/llvm/prebuilt/linux-x86_64/sysroot/usr/lib]
  implicit fwks: []




Detecting CXX [-std=c++1z] compiler features compiled with the following output:
Change Dir: /home/cyrill/Downloads/ncnn-android-yolov5/app/.cxx/Debug/4t5x27n5/arm64-v8a/CMakeFiles/CMakeTmp

Run Build Command:"/home/cyrill/Android/Sdk/cmake/3.10.2.4988404/bin/ninja" "cmTC_58dbf"
[1/2] Building CXX object CMakeFiles/cmTC_58dbf.dir/feature_tests.cxx.o
[2/2] Linking CXX executable cmTC_58dbf


    Feature record: CXX_FEATURE:1cxx_aggregate_default_initializers
    Feature record: CXX_FEATURE:1cxx_alias_templates
    Feature record: CXX_FEATURE:1cxx_alignas
    Feature record: CXX_FEATURE:1cxx_alignof
    Feature record: CXX_FEATURE:1cxx_attributes
    Feature record: CXX_FEATURE:1cxx_attribute_deprecated
    Feature record: CXX_FEATURE:1cxx_auto_type
    Feature record: CXX_FEATURE:1cxx_binary_literals
    Feature record: CXX_FEATURE:1cxx_constexpr
    Feature record: CXX_FEATURE:1cxx_contextual_conversions
    Feature record: CXX_FEATURE:1cxx_decltype
    Feature record: CXX_FEATURE:1cxx_decltype_auto
    Feature record: CXX_FEATURE:1cxx_decltype_incomplete_return_types
    Feature record: CXX_FEATURE:1cxx_default_function_template_args
    Feature record: CXX_FEATURE:1cxx_defaulted_functions
    Feature record: CXX_FEATURE:1cxx_defaulted_move_initializers
    Feature record: CXX_FEATURE:1cxx_delegating_constructors
    Feature record: CXX_FEATURE:1cxx_deleted_functions
    Feature record: CXX_FEATURE:1cxx_digit_separators
    Feature record: CXX_FEATURE:1cxx_enum_forward_declarations
    Feature record: CXX_FEATURE:1cxx_explicit_conversions
    Feature record: CXX_FEATURE:1cxx_extended_friend_declarations
    Feature record: CXX_FEATURE:1cxx_extern_templates
    Feature record: CXX_FEATURE:1cxx_final
    Feature record: CXX_FEATURE:1cxx_func_identifier
    Feature record: CXX_FEATURE:1cxx_generalized_initializers
    Feature record: CXX_FEATURE:1cxx_generic_lambdas
    Feature record: CXX_FEATURE:1cxx_inheriting_constructors
    Feature record: CXX_FEATURE:1cxx_inline_namespaces
    Feature record: CXX_FEATURE:1cxx_lambdas
    Feature record: CXX_FEATURE:1cxx_lambda_init_captures
    Feature record: CXX_FEATURE:1cxx_local_type_template_args
    Feature record: CXX_FEATURE:1cxx_long_long_type
    Feature record: CXX_FEATURE:1cxx_noexcept
    Feature record: CXX_FEATURE:1cxx_nonstatic_member_init
    Feature record: CXX_FEATURE:1cxx_nullptr
    Feature record: CXX_FEATURE:1cxx_override
    Feature record: CXX_FEATURE:1cxx_range_for
    Feature record: CXX_FEATURE:1cxx_raw_string_literals
    Feature record: CXX_FEATURE:1cxx_reference_qualified_functions
    Feature record: CXX_FEATURE:1cxx_relaxed_constexpr
    Feature record: CXX_FEATURE:1cxx_return_type_deduction
    Feature record: CXX_FEATURE:1cxx_right_angle_brackets
    Feature record: CXX_FEATURE:1cxx_rvalue_references
    Feature record: CXX_FEATURE:1cxx_sizeof_member
    Feature record: CXX_FEATURE:1cxx_static_assert
    Feature record: CXX_FEATURE:1cxx_strong_enums
    Feature record: CXX_FEATURE:1cxx_template_template_parameters
    Feature record: CXX_FEATURE:1cxx_thread_local
    Feature record: CXX_FEATURE:1cxx_trailing_return_types
    Feature record: CXX_FEATURE:1cxx_unicode_literals
    Feature record: CXX_FEATURE:1cxx_uniform_initialization
    Feature record: CXX_FEATURE:1cxx_unrestricted_unions
    Feature record: CXX_FEATURE:1cxx_user_literals
    Feature record: CXX_FEATURE:1cxx_variable_templates
    Feature record: CXX_FEATURE:1cxx_variadic_macros
    Feature record: CXX_FEATURE:1cxx_variadic_templates


Detecting CXX [-std=c++14] compiler features compiled with the following output:
Change Dir: /home/cyrill/Downloads/ncnn-android-yolov5/app/.cxx/Debug/4t5x27n5/arm64-v8a/CMakeFiles/CMakeTmp

Run Build Command:"/home/cyrill/Android/Sdk/cmake/3.10.2.4988404/bin/ninja" "cmTC_c994e"
[1/2] Building CXX object CMakeFiles/cmTC_c994e.dir/feature_tests.cxx.o
[2/2] Linking CXX executable cmTC_c994e


    Feature record: CXX_FEATURE:1cxx_aggregate_default_initializers
    Feature record: CXX_FEATURE:1cxx_alias_templates
    Feature record: CXX_FEATURE:1cxx_alignas
    Feature record: CXX_FEATURE:1cxx_alignof
    Feature record: CXX_FEATURE:1cxx_attributes
    Feature record: CXX_FEATURE:1cxx_attribute_deprecated
    Feature record: CXX_FEATURE:1cxx_auto_type
    Feature record: CXX_FEATURE:1cxx_binary_literals
    Feature record: CXX_FEATURE:1cxx_constexpr
    Feature record: CXX_FEATURE:1cxx_contextual_conversions
    Feature record: CXX_FEATURE:1cxx_decltype
    Feature record: CXX_FEATURE:1cxx_decltype_auto
    Feature record: CXX_FEATURE:1cxx_decltype_incomplete_return_types
    Feature record: CXX_FEATURE:1cxx_default_function_template_args
    Feature record: CXX_FEATURE:1cxx_defaulted_functions
    Feature record: CXX_FEATURE:1cxx_defaulted_move_initializers
    Feature record: CXX_FEATURE:1cxx_delegating_constructors
    Feature record: CXX_FEATURE:1cxx_deleted_functions
    Feature record: CXX_FEATURE:1cxx_digit_separators
    Feature record: CXX_FEATURE:1cxx_enum_forward_declarations
    Feature record: CXX_FEATURE:1cxx_explicit_conversions
    Feature record: CXX_FEATURE:1cxx_extended_friend_declarations
    Feature record: CXX_FEATURE:1cxx_extern_templates
    Feature record: CXX_FEATURE:1cxx_final
    Feature record: CXX_FEATURE:1cxx_func_identifier
    Feature record: CXX_FEATURE:1cxx_generalized_initializers
    Feature record: CXX_FEATURE:1cxx_generic_lambdas
    Feature record: CXX_FEATURE:1cxx_inheriting_constructors
    Feature record: CXX_FEATURE:1cxx_inline_namespaces
    Feature record: CXX_FEATURE:1cxx_lambdas
    Feature record: CXX_FEATURE:1cxx_lambda_init_captures
    Feature record: CXX_FEATURE:1cxx_local_type_template_args
    Feature record: CXX_FEATURE:1cxx_long_long_type
    Feature record: CXX_FEATURE:1cxx_noexcept
    Feature record: CXX_FEATURE:1cxx_nonstatic_member_init
    Feature record: CXX_FEATURE:1cxx_nullptr
    Feature record: CXX_FEATURE:1cxx_override
    Feature record: CXX_FEATURE:1cxx_range_for
    Feature record: CXX_FEATURE:1cxx_raw_string_literals
    Feature record: CXX_FEATURE:1cxx_reference_qualified_functions
    Feature record: CXX_FEATURE:1cxx_relaxed_constexpr
    Feature record: CXX_FEATURE:1cxx_return_type_deduction
    Feature record: CXX_FEATURE:1cxx_right_angle_brackets
    Feature record: CXX_FEATURE:1cxx_rvalue_references
    Feature record: CXX_FEATURE:1cxx_sizeof_member
    Feature record: CXX_FEATURE:1cxx_static_assert
    Feature record: CXX_FEATURE:1cxx_strong_enums
    Feature record: CXX_FEATURE:1cxx_template_template_parameters
    Feature record: CXX_FEATURE:1cxx_thread_local
    Feature record: CXX_FEATURE:1cxx_trailing_return_types
    Feature record: CXX_FEATURE:1cxx_unicode_literals
    Feature record: CXX_FEATURE:1cxx_uniform_initialization
    Feature record: CXX_FEATURE:1cxx_unrestricted_unions
    Feature record: CXX_FEATURE:1cxx_user_literals
    Feature record: CXX_FEATURE:1cxx_variable_templates
    Feature record: CXX_FEATURE:1cxx_variadic_macros
    Feature record: CXX_FEATURE:1cxx_variadic_templates


Detecting CXX [-std=c++11] compiler features compiled with the following output:
Change Dir: /home/cyrill/Downloads/ncnn-android-yolov5/app/.cxx/Debug/4t5x27n5/arm64-v8a/CMakeFiles/CMakeTmp

Run Build Command:"/home/cyrill/Android/Sdk/cmake/3.10.2.4988404/bin/ninja" "cmTC_e14fa"
[1/2] Building CXX object CMakeFiles/cmTC_e14fa.dir/feature_tests.cxx.o
[2/2] Linking CXX executable cmTC_e14fa


    Feature record: CXX_FEATURE:0cxx_aggregate_default_initializers
    Feature record: CXX_FEATURE:1cxx_alias_templates
    Feature record: CXX_FEATURE:1cxx_alignas
    Feature record: CXX_FEATURE:1cxx_alignof
    Feature record: CXX_FEATURE:1cxx_attributes
    Feature record: CXX_FEATURE:0cxx_attribute_deprecated
    Feature record: CXX_FEATURE:1cxx_auto_type
    Feature record: CXX_FEATURE:0cxx_binary_literals
    Feature record: CXX_FEATURE:1cxx_constexpr
    Feature record: CXX_FEATURE:0cxx_contextual_conversions
    Feature record: CXX_FEATURE:1cxx_decltype
    Feature record: CXX_FEATURE:0cxx_decltype_auto
    Feature record: CXX_FEATURE:1cxx_decltype_incomplete_return_types
    Feature record: CXX_FEATURE:1cxx_default_function_template_args
    Feature record: CXX_FEATURE:1cxx_defaulted_functions
    Feature record: CXX_FEATURE:1cxx_defaulted_move_initializers
    Feature record: CXX_FEATURE:1cxx_delegating_constructors
    Feature record: CXX_FEATURE:1cxx_deleted_functions
    Feature record: CXX_FEATURE:0cxx_digit_separators
    Feature record: CXX_FEATURE:1cxx_enum_forward_declarations
    Feature record: CXX_FEATURE:1cxx_explicit_conversions
    Feature record: CXX_FEATURE:1cxx_extended_friend_declarations
    Feature record: CXX_FEATURE:1cxx_extern_templates
    Feature record: CXX_FEATURE:1cxx_final
    Feature record: CXX_FEATURE:1cxx_func_identifier
    Feature record: CXX_FEATURE:1cxx_generalized_initializers
    Feature record: CXX_FEATURE:0cxx_generic_lambdas
    Feature record: CXX_FEATURE:1cxx_inheriting_constructors
    Feature record: CXX_FEATURE:1cxx_inline_namespaces
    Feature record: CXX_FEATURE:1cxx_lambdas
    Feature record: CXX_FEATURE:0cxx_lambda_init_captures
    Feature record: CXX_FEATURE:1cxx_local_type_template_args
    Feature record: CXX_FEATURE:1cxx_long_long_type
    Feature record: CXX_FEATURE:1cxx_noexcept
    Feature record: CXX_FEATURE:1cxx_nonstatic_member_init
    Feature record: CXX_FEATURE:1cxx_nullptr
    Feature record: CXX_FEATURE:1cxx_override
    Feature record: CXX_FEATURE:1cxx_range_for
    Feature record: CXX_FEATURE:1cxx_raw_string_literals
    Feature record: CXX_FEATURE:1cxx_reference_qualified_functions
    Feature record: CXX_FEATURE:0cxx_relaxed_constexpr
    Feature record: CXX_FEATURE:0cxx_return_type_deduction
    Feature record: CXX_FEATURE:1cxx_right_angle_brackets
    Feature record: CXX_FEATURE:1cxx_rvalue_references
    Feature record: CXX_FEATURE:1cxx_sizeof_member
    Feature record: CXX_FEATURE:1cxx_static_assert
    Feature record: CXX_FEATURE:1cxx_strong_enums
    Feature record: CXX_FEATURE:1cxx_template_template_parameters
    Feature record: CXX_FEATURE:1cxx_thread_local
    Feature record: CXX_FEATURE:1cxx_trailing_return_types
    Feature record: CXX_FEATURE:1cxx_unicode_literals
    Feature record: CXX_FEATURE:1cxx_uniform_initialization
    Feature record: CXX_FEATURE:1cxx_unrestricted_unions
    Feature record: CXX_FEATURE:1cxx_user_literals
    Feature record: CXX_FEATURE:0cxx_variable_templates
    Feature record: CXX_FEATURE:1cxx_variadic_macros
    Feature record: CXX_FEATURE:1cxx_variadic_templates


Detecting CXX [-std=c++98] compiler features compiled with the following output:
Change Dir: /home/cyrill/Downloads/ncnn-android-yolov5/app/.cxx/Debug/4t5x27n5/arm64-v8a/CMakeFiles/CMakeTmp

Run Build Command:"/home/cyrill/Android/Sdk/cmake/3.10.2.4988404/bin/ninja" "cmTC_0cc96"
[1/2] Building CXX object CMakeFiles/cmTC_0cc96.dir/feature_tests.cxx.o
[2/2] Linking CXX executable cmTC_0cc96


    Feature record: CXX_FEATURE:0cxx_aggregate_default_initializers
    Feature record: CXX_FEATURE:0cxx_alias_templates
    Feature record: CXX_FEATURE:0cxx_alignas
    Feature record: CXX_FEATURE:0cxx_alignof
    Feature record: CXX_FEATURE:0cxx_attributes
    Feature record: CXX_FEATURE:0cxx_attribute_deprecated
    Feature record: CXX_FEATURE:0cxx_auto_type
    Feature record: CXX_FEATURE:0cxx_binary_literals
    Feature record: CXX_FEATURE:0cxx_constexpr
    Feature record: CXX_FEATURE:0cxx_contextual_conversions
    Feature record: CXX_FEATURE:0cxx_decltype
    Feature record: CXX_FEATURE:0cxx_decltype_auto
    Feature record: CXX_FEATURE:0cxx_decltype_incomplete_return_types
    Feature record: CXX_FEATURE:0cxx_default_function_template_args
    Feature record: CXX_FEATURE:0cxx_defaulted_functions
    Feature record: CXX_FEATURE:0cxx_defaulted_move_initializers
    Feature record: CXX_FEATURE:0cxx_delegating_constructors
    Feature record: CXX_FEATURE:0cxx_deleted_functions
    Feature record: CXX_FEATURE:0cxx_digit_separators
    Feature record: CXX_FEATURE:0cxx_enum_forward_declarations
    Feature record: CXX_FEATURE:0cxx_explicit_conversions
    Feature record: CXX_FEATURE:0cxx_extended_friend_declarations
    Feature record: CXX_FEATURE:0cxx_extern_templates
    Feature record: CXX_FEATURE:0cxx_final
    Feature record: CXX_FEATURE:0cxx_func_identifier
    Feature record: CXX_FEATURE:0cxx_generalized_initializers
    Feature record: CXX_FEATURE:0cxx_generic_lambdas
    Feature record: CXX_FEATURE:0cxx_inheriting_constructors
    Feature record: CXX_FEATURE:0cxx_inline_namespaces
    Feature record: CXX_FEATURE:0cxx_lambdas
    Feature record: CXX_FEATURE:0cxx_lambda_init_captures
    Feature record: CXX_FEATURE:0cxx_local_type_template_args
    Feature record: CXX_FEATURE:0cxx_long_long_type
    Feature record: CXX_FEATURE:0cxx_noexcept
    Feature record: CXX_FEATURE:0cxx_nonstatic_member_init
    Feature record: CXX_FEATURE:0cxx_nullptr
    Feature record: CXX_FEATURE:0cxx_override
    Feature record: CXX_FEATURE:0cxx_range_for
    Feature record: CXX_FEATURE:0cxx_raw_string_literals
    Feature record: CXX_FEATURE:0cxx_reference_qualified_functions
    Feature record: CXX_FEATURE:0cxx_relaxed_constexpr
    Feature record: CXX_FEATURE:0cxx_return_type_deduction
    Feature record: CXX_FEATURE:0cxx_right_angle_brackets
    Feature record: CXX_FEATURE:0cxx_rvalue_references
    Feature record: CXX_FEATURE:0cxx_sizeof_member
    Feature record: CXX_FEATURE:0cxx_static_assert
    Feature record: CXX_FEATURE:0cxx_strong_enums
    Feature record: CXX_FEATURE:1cxx_template_template_parameters
    Feature record: CXX_FEATURE:0cxx_thread_local
    Feature record: CXX_FEATURE:0cxx_trailing_return_types
    Feature record: CXX_FEATURE:0cxx_unicode_literals
    Feature record: CXX_FEATURE:0cxx_uniform_initialization
    Feature record: CXX_FEATURE:0cxx_unrestricted_unions
    Feature record: CXX_FEATURE:0cxx_user_literals
    Feature record: CXX_FEATURE:0cxx_variable_templates
    Feature record: CXX_FEATURE:0cxx_variadic_macros
    Feature record: CXX_FEATURE:0cxx_variadic_templates
Detecting C OpenMP compiler ABI info compiled with the following output:
Change Dir: /home/cyrill/Downloads/ncnn-android-yolov5/app/.cxx/Debug/4t5x27n5/arm64-v8a/CMakeFiles/CMakeTmp

Run Build Command:"/home/cyrill/Android/Sdk/cmake/3.10.2.4988404/bin/ninja" "cmTC_8c75c"
[1/2] Building C object CMakeFiles/cmTC_8c75c.dir/OpenMPTryFlag.c.o
Android (8481493, based on r416183c2) clang version 12.0.9 (https://android.googlesource.com/toolchain/llvm-project c935d99d7cf2016289302412d708641d52d2f7ee)
Target: aarch64-none-linux-android24
Thread model: posix
InstalledDir: /home/cyrill/Android/Sdk/ndk/23.2.8568313/toolchains/llvm/prebuilt/linux-x86_64/bin
Found candidate GCC installation: /home/cyrill/Android/Sdk/ndk/23.2.8568313/toolchains/llvm/prebuilt/linux-x86_64/lib/gcc/aarch64-linux-android/4.9.x
Selected GCC installation: /home/cyrill/Android/Sdk/ndk/23.2.8568313/toolchains/llvm/prebuilt/linux-x86_64/lib/gcc/aarch64-linux-android/4.9.x
Candidate multilib: .;@m64
Selected multilib: .;@m64
 (in-process)
 "/home/cyrill/Android/Sdk/ndk/23.2.8568313/toolchains/llvm/prebuilt/linux-x86_64/bin/clang" -cc1 -triple aarch64-none-linux-android24 -emit-obj -mrelax-all --mrelax-relocations -mnoexecstack -disable-free -disable-llvm-verifier -discard-value-names -main-file-name OpenMPTryFlag.c -mrelocation-model pic -pic-level 2 -pic-is-pie -mframe-pointer=non-leaf -fno-rounding-math -mconstructor-aliases -munwind-tables -target-cpu generic -target-feature +neon -target-abi aapcs -mllvm -aarch64-fix-cortex-a53-835769=1 -fallow-half-arguments-and-returns -fno-split-dwarf-inlining -debug-info-kind=limited -dwarf-version=4 -debugger-tuning=gdb -v -ffunction-sections -fdata-sections -resource-dir /home/cyrill/Android/Sdk/ndk/23.2.8568313/toolchains/llvm/prebuilt/linux-x86_64/lib64/clang/12.0.9 -D ANDROID -D _FORTIFY_SOURCE=2 -isysroot /home/cyrill/Android/Sdk/ndk/23.2.8568313/toolchains/llvm/prebuilt/linux-x86_64/sysroot -internal-isystem /home/cyrill/Android/Sdk/ndk/23.2.8568313/toolchains/llvm/prebuilt/linux-x86_64/sysroot/usr/local/include -internal-isystem /home/cyrill/Android/Sdk/ndk/23.2.8568313/toolchains/llvm/prebuilt/linux-x86_64/lib64/clang/12.0.9/include -internal-externc-isystem /home/cyrill/Android/Sdk/ndk/23.2.8568313/toolchains/llvm/prebuilt/linux-x86_64/sysroot/usr/include/aarch64-linux-android -internal-externc-isystem /home/cyrill/Android/Sdk/ndk/23.2.8568313/toolchains/llvm/prebuilt/linux-x86_64/sysroot/include -internal-externc-isystem /home/cyrill/Android/Sdk/ndk/23.2.8568313/toolchains/llvm/prebuilt/linux-x86_64/sysroot/usr/include -Wformat -Werror=format-security -fdebug-compilation-dir /home/cyrill/Downloads/ncnn-android-yolov5/app/.cxx/Debug/4t5x27n5/arm64-v8a/CMakeFiles/CMakeTmp -ferror-limit 19 -fopenmp -fopenmp-cuda-parallel-target-regions -stack-protector 2 -fno-signed-char -fgnuc-version=4.2.1 -o CMakeFiles/cmTC_8c75c.dir/OpenMPTryFlag.c.o -x c /home/cyrill/Downloads/ncnn-android-yolov5/app/.cxx/Debug/4t5x27n5/arm64-v8a/CMakeFiles/FindOpenMP/OpenMPTryFlag.c
clang -cc1 version 12.0.9 based upon LLVM 12.0.9git default target x86_64-unknown-linux-gnu
ignoring nonexistent directory "/home/cyrill/Android/Sdk/ndk/23.2.8568313/toolchains/llvm/prebuilt/linux-x86_64/sysroot/include"
#include "..." search starts here:
#include <...> search starts here:
 /home/cyrill/Android/Sdk/ndk/23.2.8568313/toolchains/llvm/prebuilt/linux-x86_64/sysroot/usr/local/include
 /home/cyrill/Android/Sdk/ndk/23.2.8568313/toolchains/llvm/prebuilt/linux-x86_64/lib64/clang/12.0.9/include
 /home/cyrill/Android/Sdk/ndk/23.2.8568313/toolchains/llvm/prebuilt/linux-x86_64/sysroot/usr/include/aarch64-linux-android
 /home/cyrill/Android/Sdk/ndk/23.2.8568313/toolchains/llvm/prebuilt/linux-x86_64/sysroot/usr/include
End of search list.
[2/2] Linking C executable cmTC_8c75c
Android (8481493, based on r416183c2) clang version 12.0.9 (https://android.googlesource.com/toolchain/llvm-project c935d99d7cf2016289302412d708641d52d2f7ee)
Target: aarch64-none-linux-android24
Thread model: posix
InstalledDir: /home/cyrill/Android/Sdk/ndk/23.2.8568313/toolchains/llvm/prebuilt/linux-x86_64/bin
Found candidate GCC installation: /home/cyrill/Android/Sdk/ndk/23.2.8568313/toolchains/llvm/prebuilt/linux-x86_64/lib/gcc/aarch64-linux-android/4.9.x
Selected GCC installation: /home/cyrill/Android/Sdk/ndk/23.2.8568313/toolchains/llvm/prebuilt/linux-x86_64/lib/gcc/aarch64-linux-android/4.9.x
Candidate multilib: .;@m64
Selected multilib: .;@m64
 "/home/cyrill/Android/Sdk/ndk/23.2.8568313/toolchains/llvm/prebuilt/linux-x86_64/bin/ld" --sysroot=/home/cyrill/Android/Sdk/ndk/23.2.8568313/toolchains/llvm/prebuilt/linux-x86_64/sysroot -pie -z noexecstack -EL --fix-cortex-a53-843419 --warn-shared-textrel -z now -z relro -z max-page-size=4096 --hash-style=gnu --enable-new-dtags --eh-frame-hdr -m aarch64linux -dynamic-linker /system/bin/linker64 -o cmTC_8c75c /home/cyrill/Android/Sdk/ndk/23.2.8568313/toolchains/llvm/prebuilt/linux-x86_64/sysroot/usr/lib/aarch64-linux-android/24/crtbegin_dynamic.o -L/home/cyrill/Android/Sdk/ndk/23.2.8568313/toolchains/llvm/prebuilt/linux-x86_64/lib64/clang/12.0.9/lib/linux/aarch64 -L/home/cyrill/Android/Sdk/ndk/23.2.8568313/toolchains/llvm/prebuilt/linux-x86_64/lib/gcc/aarch64-linux-android/4.9.x -L/home/cyrill/Android/Sdk/ndk/23.2.8568313/toolchains/llvm/prebuilt/linux-x86_64/sysroot/usr/lib/aarch64-linux-android/24 -L/home/cyrill/Android/Sdk/ndk/23.2.8568313/toolchains/llvm/prebuilt/linux-x86_64/sysroot/usr/lib/aarch64-linux-android -L/home/cyrill/Android/Sdk/ndk/23.2.8568313/toolchains/llvm/prebuilt/linux-x86_64/sysroot/usr/lib --build-id=sha1 --no-rosegment --fatal-warnings --no-undefined --gc-sections CMakeFiles/cmTC_8c75c.dir/OpenMPTryFlag.c.o -latomic -lm -lomp /home/cyrill/Android/Sdk/ndk/23.2.8568313/toolchains/llvm/prebuilt/linux-x86_64/lib64/clang/12.0.9/lib/linux/libclang_rt.builtins-aarch64-android.a -l:libunwind.a -ldl -lc /home/cyrill/Android/Sdk/ndk/23.2.8568313/toolchains/llvm/prebuilt/linux-x86_64/lib64/clang/12.0.9/lib/linux/libclang_rt.builtins-aarch64-android.a -l:libunwind.a -ldl /home/cyrill/Android/Sdk/ndk/23.2.8568313/toolchains/llvm/prebuilt/linux-x86_64/sysroot/usr/lib/aarch64-linux-android/24/crtend_android.o


Parsed C OpenMP implicit link information from above output:
  link line regex: [^( *|.*[/\])(CMAKE_LINKER-NOTFOUND|CMAKE_LINK_STARTFILE-NOTFOUND|([^/\]+-)?ld|collect2)[^/\]*( |$)]
  ignore line: [Change Dir: /home/cyrill/Downloads/ncnn-android-yolov5/app/.cxx/Debug/4t5x27n5/arm64-v8a/CMakeFiles/CMakeTmp]
  ignore line: []
  ignore line: [Run Build Command:"/home/cyrill/Android/Sdk/cmake/3.10.2.4988404/bin/ninja" "cmTC_8c75c"]
  ignore line: [[1/2] Building C object CMakeFiles/cmTC_8c75c.dir/OpenMPTryFlag.c.o]
  ignore line: [Android (8481493, based on r416183c2) clang version 12.0.9 (https://android.googlesource.com/toolchain/llvm-project c935d99d7cf2016289302412d708641d52d2f7ee)]
  ignore line: [Target: aarch64-none-linux-android24]
  ignore line: [Thread model: posix]
  ignore line: [InstalledDir: /home/cyrill/Android/Sdk/ndk/23.2.8568313/toolchains/llvm/prebuilt/linux-x86_64/bin]
  ignore line: [Found candidate GCC installation: /home/cyrill/Android/Sdk/ndk/23.2.8568313/toolchains/llvm/prebuilt/linux-x86_64/lib/gcc/aarch64-linux-android/4.9.x]
  ignore line: [Selected GCC installation: /home/cyrill/Android/Sdk/ndk/23.2.8568313/toolchains/llvm/prebuilt/linux-x86_64/lib/gcc/aarch64-linux-android/4.9.x]
  ignore line: [Candidate multilib: .]
  ignore line: [@m64]
  ignore line: [Selected multilib: .]
  ignore line: [@m64]
  ignore line: [ (in-process)]
  ignore line: [ "/home/cyrill/Android/Sdk/ndk/23.2.8568313/toolchains/llvm/prebuilt/linux-x86_64/bin/clang" -cc1 -triple aarch64-none-linux-android24 -emit-obj -mrelax-all --mrelax-relocations -mnoexecstack -disable-free -disable-llvm-verifier -discard-value-names -main-file-name OpenMPTryFlag.c -mrelocation-model pic -pic-level 2 -pic-is-pie -mframe-pointer=non-leaf -fno-rounding-math -mconstructor-aliases -munwind-tables -target-cpu generic -target-feature +neon -target-abi aapcs -mllvm -aarch64-fix-cortex-a53-835769=1 -fallow-half-arguments-and-returns -fno-split-dwarf-inlining -debug-info-kind=limited -dwarf-version=4 -debugger-tuning=gdb -v -ffunction-sections -fdata-sections -resource-dir /home/cyrill/Android/Sdk/ndk/23.2.8568313/toolchains/llvm/prebuilt/linux-x86_64/lib64/clang/12.0.9 -D ANDROID -D _FORTIFY_SOURCE=2 -isysroot /home/cyrill/Android/Sdk/ndk/23.2.8568313/toolchains/llvm/prebuilt/linux-x86_64/sysroot -internal-isystem /home/cyrill/Android/Sdk/ndk/23.2.8568313/toolchains/llvm/prebuilt/linux-x86_64/sysroot/usr/local/include -internal-isystem /home/cyrill/Android/Sdk/ndk/23.2.8568313/toolchains/llvm/prebuilt/linux-x86_64/lib64/clang/12.0.9/include -internal-externc-isystem /home/cyrill/Android/Sdk/ndk/23.2.8568313/toolchains/llvm/prebuilt/linux-x86_64/sysroot/usr/include/aarch64-linux-android -internal-externc-isystem /home/cyrill/Android/Sdk/ndk/23.2.8568313/toolchains/llvm/prebuilt/linux-x86_64/sysroot/include -internal-externc-isystem /home/cyrill/Android/Sdk/ndk/23.2.8568313/toolchains/llvm/prebuilt/linux-x86_64/sysroot/usr/include -Wformat -Werror=format-security -fdebug-compilation-dir /home/cyrill/Downloads/ncnn-android-yolov5/app/.cxx/Debug/4t5x27n5/arm64-v8a/CMakeFiles/CMakeTmp -ferror-limit 19 -fopenmp -fopenmp-cuda-parallel-target-regions -stack-protector 2 -fno-signed-char -fgnuc-version=4.2.1 -o CMakeFiles/cmTC_8c75c.dir/OpenMPTryFlag.c.o -x c /home/cyrill/Downloads/ncnn-android-yolov5/app/.cxx/Debug/4t5x27n5/arm64-v8a/CMakeFiles/FindOpenMP/OpenMPTryFlag.c]
  ignore line: [clang -cc1 version 12.0.9 based upon LLVM 12.0.9git default target x86_64-unknown-linux-gnu]
  ignore line: [ignoring nonexistent directory "/home/cyrill/Android/Sdk/ndk/23.2.8568313/toolchains/llvm/prebuilt/linux-x86_64/sysroot/include"]
  ignore line: [#include "..." search starts here:]
  ignore line: [#include <...> search starts here:]
  ignore line: [ /home/cyrill/Android/Sdk/ndk/23.2.8568313/toolchains/llvm/prebuilt/linux-x86_64/sysroot/usr/local/include]
  ignore line: [ /home/cyrill/Android/Sdk/ndk/23.2.8568313/toolchains/llvm/prebuilt/linux-x86_64/lib64/clang/12.0.9/include]
  ignore line: [ /home/cyrill/Android/Sdk/ndk/23.2.8568313/toolchains/llvm/prebuilt/linux-x86_64/sysroot/usr/include/aarch64-linux-android]
  ignore line: [ /home/cyrill/Android/Sdk/ndk/23.2.8568313/toolchains/llvm/prebuilt/linux-x86_64/sysroot/usr/include]
  ignore line: [End of search list.]
  ignore line: [[2/2] Linking C executable cmTC_8c75c]
  ignore line: [Android (8481493, based on r416183c2) clang version 12.0.9 (https://android.googlesource.com/toolchain/llvm-project c935d99d7cf2016289302412d708641d52d2f7ee)]
  ignore line: [Target: aarch64-none-linux-android24]
  ignore line: [Thread model: posix]
  ignore line: [InstalledDir: /home/cyrill/Android/Sdk/ndk/23.2.8568313/toolchains/llvm/prebuilt/linux-x86_64/bin]
  ignore line: [Found candidate GCC installation: /home/cyrill/Android/Sdk/ndk/23.2.8568313/toolchains/llvm/prebuilt/linux-x86_64/lib/gcc/aarch64-linux-android/4.9.x]
  ignore line: [Selected GCC installation: /home/cyrill/Android/Sdk/ndk/23.2.8568313/toolchains/llvm/prebuilt/linux-x86_64/lib/gcc/aarch64-linux-android/4.9.x]
  ignore line: [Candidate multilib: .]
  ignore line: [@m64]
  ignore line: [Selected multilib: .]
  ignore line: [@m64]
  link line: [ "/home/cyrill/Android/Sdk/ndk/23.2.8568313/toolchains/llvm/prebuilt/linux-x86_64/bin/ld" --sysroot=/home/cyrill/Android/Sdk/ndk/23.2.8568313/toolchains/llvm/prebuilt/linux-x86_64/sysroot -pie -z noexecstack -EL --fix-cortex-a53-843419 --warn-shared-textrel -z now -z relro -z max-page-size=4096 --hash-style=gnu --enable-new-dtags --eh-frame-hdr -m aarch64linux -dynamic-linker /system/bin/linker64 -o cmTC_8c75c /home/cyrill/Android/Sdk/ndk/23.2.8568313/toolchains/llvm/prebuilt/linux-x86_64/sysroot/usr/lib/aarch64-linux-android/24/crtbegin_dynamic.o -L/home/cyrill/Android/Sdk/ndk/23.2.8568313/toolchains/llvm/prebuilt/linux-x86_64/lib64/clang/12.0.9/lib/linux/aarch64 -L/home/cyrill/Android/Sdk/ndk/23.2.8568313/toolchains/llvm/prebuilt/linux-x86_64/lib/gcc/aarch64-linux-android/4.9.x -L/home/cyrill/Android/Sdk/ndk/23.2.8568313/toolchains/llvm/prebuilt/linux-x86_64/sysroot/usr/lib/aarch64-linux-android/24 -L/home/cyrill/Android/Sdk/ndk/23.2.8568313/toolchains/llvm/prebuilt/linux-x86_64/sysroot/usr/lib/aarch64-linux-android -L/home/cyrill/Android/Sdk/ndk/23.2.8568313/toolchains/llvm/prebuilt/linux-x86_64/sysroot/usr/lib --build-id=sha1 --no-rosegment --fatal-warnings --no-undefined --gc-sections CMakeFiles/cmTC_8c75c.dir/OpenMPTryFlag.c.o -latomic -lm -lomp /home/cyrill/Android/Sdk/ndk/23.2.8568313/toolchains/llvm/prebuilt/linux-x86_64/lib64/clang/12.0.9/lib/linux/libclang_rt.builtins-aarch64-android.a -l:libunwind.a -ldl -lc /home/cyrill/Android/Sdk/ndk/23.2.8568313/toolchains/llvm/prebuilt/linux-x86_64/lib64/clang/12.0.9/lib/linux/libclang_rt.builtins-aarch64-android.a -l:libunwind.a -ldl /home/cyrill/Android/Sdk/ndk/23.2.8568313/toolchains/llvm/prebuilt/linux-x86_64/sysroot/usr/lib/aarch64-linux-android/24/crtend_android.o]
    arg [/home/cyrill/Android/Sdk/ndk/23.2.8568313/toolchains/llvm/prebuilt/linux-x86_64/bin/ld] ==> ignore
    arg [--sysroot=/home/cyrill/Android/Sdk/ndk/23.2.8568313/toolchains/llvm/prebuilt/linux-x86_64/sysroot] ==> ignore
    arg [-pie] ==> ignore
    arg [-znoexecstack] ==> ignore
    arg [-EL] ==> ignore
    arg [--fix-cortex-a53-843419] ==> ignore
    arg [--warn-shared-textrel] ==> ignore
    arg [-znow] ==> ignore
    arg [-zrelro] ==> ignore
    arg [-zmax-page-size=4096] ==> ignore
    arg [--hash-style=gnu] ==> ignore
    arg [--enable-new-dtags] ==> ignore
    arg [--eh-frame-hdr] ==> ignore
    arg [-m] ==> ignore
    arg [aarch64linux] ==> ignore
    arg [-dynamic-linker] ==> ignore
    arg [/system/bin/linker64] ==> ignore
    arg [-o] ==> ignore
    arg [cmTC_8c75c] ==> ignore
    arg [/home/cyrill/Android/Sdk/ndk/23.2.8568313/toolchains/llvm/prebuilt/linux-x86_64/sysroot/usr/lib/aarch64-linux-android/24/crtbegin_dynamic.o] ==> ignore
    arg [-L/home/cyrill/Android/Sdk/ndk/23.2.8568313/toolchains/llvm/prebuilt/linux-x86_64/lib64/clang/12.0.9/lib/linux/aarch64] ==> dir [/home/cyrill/Android/Sdk/ndk/23.2.8568313/toolchains/llvm/prebuilt/linux-x86_64/lib64/clang/12.0.9/lib/linux/aarch64]
    arg [-L/home/cyrill/Android/Sdk/ndk/23.2.8568313/toolchains/llvm/prebuilt/linux-x86_64/lib/gcc/aarch64-linux-android/4.9.x] ==> dir [/home/cyrill/Android/Sdk/ndk/23.2.8568313/toolchains/llvm/prebuilt/linux-x86_64/lib/gcc/aarch64-linux-android/4.9.x]
    arg [-L/home/cyrill/Android/Sdk/ndk/23.2.8568313/toolchains/llvm/prebuilt/linux-x86_64/sysroot/usr/lib/aarch64-linux-android/24] ==> dir [/home/cyrill/Android/Sdk/ndk/23.2.8568313/toolchains/llvm/prebuilt/linux-x86_64/sysroot/usr/lib/aarch64-linux-android/24]
    arg [-L/home/cyrill/Android/Sdk/ndk/23.2.8568313/toolchains/llvm/prebuilt/linux-x86_64/sysroot/usr/lib/aarch64-linux-android] ==> dir [/home/cyrill/Android/Sdk/ndk/23.2.8568313/toolchains/llvm/prebuilt/linux-x86_64/sysroot/usr/lib/aarch64-linux-android]
    arg [-L/home/cyrill/Android/Sdk/ndk/23.2.8568313/toolchains/llvm/prebuilt/linux-x86_64/sysroot/usr/lib] ==> dir [/home/cyrill/Android/Sdk/ndk/23.2.8568313/toolchains/llvm/prebuilt/linux-x86_64/sysroot/usr/lib]
    arg [--build-id=sha1] ==> ignore
    arg [--no-rosegment] ==> ignore
    arg [--fatal-warnings] ==> ignore
    arg [--no-undefined] ==> ignore
    arg [--gc-sections] ==> ignore
    arg [CMakeFiles/cmTC_8c75c.dir/OpenMPTryFlag.c.o] ==> ignore
    arg [-latomic] ==> lib [atomic]
    arg [-lm] ==> lib [m]
    arg [-lomp] ==> lib [omp]
    arg [/home/cyrill/Android/Sdk/ndk/23.2.8568313/toolchains/llvm/prebuilt/linux-x86_64/lib64/clang/12.0.9/lib/linux/libclang_rt.builtins-aarch64-android.a] ==> lib [/home/cyrill/Android/Sdk/ndk/23.2.8568313/toolchains/llvm/prebuilt/linux-x86_64/lib64/clang/12.0.9/lib/linux/libclang_rt.builtins-aarch64-android.a]
    arg [-l:libunwind.a] ==> lib [-l:libunwind.a]
    arg [-ldl] ==> lib [dl]
    arg [-lc] ==> lib [c]
    arg [/home/cyrill/Android/Sdk/ndk/23.2.8568313/toolchains/llvm/prebuilt/linux-x86_64/lib64/clang/12.0.9/lib/linux/libclang_rt.builtins-aarch64-android.a] ==> lib [/home/cyrill/Android/Sdk/ndk/23.2.8568313/toolchains/llvm/prebuilt/linux-x86_64/lib64/clang/12.0.9/lib/linux/libclang_rt.builtins-aarch64-android.a]
    arg [-l:libunwind.a] ==> lib [-l:libunwind.a]
    arg [-ldl] ==> lib [dl]
    arg [/home/cyrill/Android/Sdk/ndk/23.2.8568313/toolchains/llvm/prebuilt/linux-x86_64/sysroot/usr/lib/aarch64-linux-android/24/crtend_android.o] ==> ignore
  remove lib [/home/cyrill/Android/Sdk/ndk/23.2.8568313/toolchains/llvm/prebuilt/linux-x86_64/lib64/clang/12.0.9/lib/linux/libclang_rt.builtins-aarch64-android.a]
  remove lib [/home/cyrill/Android/Sdk/ndk/23.2.8568313/toolchains/llvm/prebuilt/linux-x86_64/lib64/clang/12.0.9/lib/linux/libclang_rt.builtins-aarch64-android.a]
  collapse library dir [/home/cyrill/Android/Sdk/ndk/23.2.8568313/toolchains/llvm/prebuilt/linux-x86_64/lib64/clang/12.0.9/lib/linux/aarch64] ==> [/home/cyrill/Android/Sdk/ndk/23.2.8568313/toolchains/llvm/prebuilt/linux-x86_64/lib64/clang/12.0.9/lib/linux/aarch64]
  collapse library dir [/home/cyrill/Android/Sdk/ndk/23.2.8568313/toolchains/llvm/prebuilt/linux-x86_64/lib/gcc/aarch64-linux-android/4.9.x] ==> [/home/cyrill/Android/Sdk/ndk/23.2.8568313/toolchains/llvm/prebuilt/linux-x86_64/lib/gcc/aarch64-linux-android/4.9.x]
  collapse library dir [/home/cyrill/Android/Sdk/ndk/23.2.8568313/toolchains/llvm/prebuilt/linux-x86_64/sysroot/usr/lib/aarch64-linux-android/24] ==> [/home/cyrill/Android/Sdk/ndk/23.2.8568313/toolchains/llvm/prebuilt/linux-x86_64/sysroot/usr/lib/aarch64-linux-android/24]
  collapse library dir [/home/cyrill/Android/Sdk/ndk/23.2.8568313/toolchains/llvm/prebuilt/linux-x86_64/sysroot/usr/lib/aarch64-linux-android] ==> [/home/cyrill/Android/Sdk/ndk/23.2.8568313/toolchains/llvm/prebuilt/linux-x86_64/sysroot/usr/lib/aarch64-linux-android]
  collapse library dir [/home/cyrill/Android/Sdk/ndk/23.2.8568313/toolchains/llvm/prebuilt/linux-x86_64/sysroot/usr/lib] ==> [/home/cyrill/Android/Sdk/ndk/23.2.8568313/toolchains/llvm/prebuilt/linux-x86_64/sysroot/usr/lib]
  implicit libs: [atomic;m;omp;-l:libunwind.a;dl;c;-l:libunwind.a;dl]
  implicit dirs: [/home/cyrill/Android/Sdk/ndk/23.2.8568313/toolchains/llvm/prebuilt/linux-x86_64/lib64/clang/12.0.9/lib/linux/aarch64;/home/cyrill/Android/Sdk/ndk/23.2.8568313/toolchains/llvm/prebuilt/linux-x86_64/lib/gcc/aarch64-linux-android/4.9.x;/home/cyrill/Android/Sdk/ndk/23.2.8568313/toolchains/llvm/prebuilt/linux-x86_64/sysroot/usr/lib/aarch64-linux-android/24;/home/cyrill/Android/Sdk/ndk/23.2.8568313/toolchains/llvm/prebuilt/linux-x86_64/sysroot/usr/lib/aarch64-linux-android;/home/cyrill/Android/Sdk/ndk/23.2.8568313/toolchains/llvm/prebuilt/linux-x86_64/sysroot/usr/lib]
  implicit fwks: []


Detecting CXX OpenMP compiler ABI info compiled with the following output:
Change Dir: /home/cyrill/Downloads/ncnn-android-yolov5/app/.cxx/Debug/4t5x27n5/arm64-v8a/CMakeFiles/CMakeTmp

Run Build Command:"/home/cyrill/Android/Sdk/cmake/3.10.2.4988404/bin/ninja" "cmTC_b7fdc"
[1/2] Building CXX object CMakeFiles/cmTC_b7fdc.dir/OpenMPTryFlag.cpp.o
Android (8481493, based on r416183c2) clang version 12.0.9 (https://android.googlesource.com/toolchain/llvm-project c935d99d7cf2016289302412d708641d52d2f7ee)
Target: aarch64-none-linux-android24
Thread model: posix
InstalledDir: /home/cyrill/Android/Sdk/ndk/23.2.8568313/toolchains/llvm/prebuilt/linux-x86_64/bin
Found candidate GCC installation: /home/cyrill/Android/Sdk/ndk/23.2.8568313/toolchains/llvm/prebuilt/linux-x86_64/lib/gcc/aarch64-linux-android/4.9.x
Selected GCC installation: /home/cyrill/Android/Sdk/ndk/23.2.8568313/toolchains/llvm/prebuilt/linux-x86_64/lib/gcc/aarch64-linux-android/4.9.x
Candidate multilib: .;@m64
Selected multilib: .;@m64
 (in-process)
 "/home/cyrill/Android/Sdk/ndk/23.2.8568313/toolchains/llvm/prebuilt/linux-x86_64/bin/clang++" -cc1 -triple aarch64-none-linux-android24 -emit-obj -mrelax-all --mrelax-relocations -mnoexecstack -disable-free -disable-llvm-verifier -discard-value-names -main-file-name OpenMPTryFlag.cpp -mrelocation-model pic -pic-level 2 -pic-is-pie -mframe-pointer=non-leaf -fno-rounding-math -mconstructor-aliases -munwind-tables -target-cpu generic -target-feature +neon -target-abi aapcs -mllvm -aarch64-fix-cortex-a53-835769=1 -fallow-half-arguments-and-returns -fno-split-dwarf-inlining -debug-info-kind=limited -dwarf-version=4 -debugger-tuning=gdb -v -ffunction-sections -fdata-sections -resource-dir /home/cyrill/Android/Sdk/ndk/23.2.8568313/toolchains/llvm/prebuilt/linux-x86_64/lib64/clang/12.0.9 -D ANDROID -D _FORTIFY_SOURCE=2 -isysroot /home/cyrill/Android/Sdk/ndk/23.2.8568313/toolchains/llvm/prebuilt/linux-x86_64/sysroot -internal-isystem /home/cyrill/Android/Sdk/ndk/23.2.8568313/toolchains/llvm/prebuilt/linux-x86_64/sysroot/usr/include/c++/v1 -internal-isystem /home/cyrill/Android/Sdk/ndk/23.2.8568313/toolchains/llvm/prebuilt/linux-x86_64/sysroot/usr/local/include -internal-isystem /home/cyrill/Android/Sdk/ndk/23.2.8568313/toolchains/llvm/prebuilt/linux-x86_64/lib64/clang/12.0.9/include -internal-externc-isystem /home/cyrill/Android/Sdk/ndk/23.2.8568313/toolchains/llvm/prebuilt/linux-x86_64/sysroot/usr/include/aarch64-linux-android -internal-externc-isystem /home/cyrill/Android/Sdk/ndk/23.2.8568313/toolchains/llvm/prebuilt/linux-x86_64/sysroot/include -internal-externc-isystem /home/cyrill/Android/Sdk/ndk/23.2.8568313/toolchains/llvm/prebuilt/linux-x86_64/sysroot/usr/include -Wformat -Werror=format-security -fdeprecated-macro -fdebug-compilation-dir /home/cyrill/Downloads/ncnn-android-yolov5/app/.cxx/Debug/4t5x27n5/arm64-v8a/CMakeFiles/CMakeTmp -ferror-limit 19 -fopenmp -fopenmp-cuda-parallel-target-regions -stack-protector 2 -fno-signed-char -fgnuc-version=4.2.1 -fcxx-exceptions -fexceptions -o CMakeFiles/cmTC_b7fdc.dir/OpenMPTryFlag.cpp.o -x c++ /home/cyrill/Downloads/ncnn-android-yolov5/app/.cxx/Debug/4t5x27n5/arm64-v8a/CMakeFiles/FindOpenMP/OpenMPTryFlag.cpp
clang -cc1 version 12.0.9 based upon LLVM 12.0.9git default target x86_64-unknown-linux-gnu
ignoring nonexistent directory "/home/cyrill/Android/Sdk/ndk/23.2.8568313/toolchains/llvm/prebuilt/linux-x86_64/sysroot/include"
#include "..." search starts here:
#include <...> search starts here:
 /home/cyrill/Android/Sdk/ndk/23.2.8568313/toolchains/llvm/prebuilt/linux-x86_64/sysroot/usr/include/c++/v1
 /home/cyrill/Android/Sdk/ndk/23.2.8568313/toolchains/llvm/prebuilt/linux-x86_64/sysroot/usr/local/include
 /home/cyrill/Android/Sdk/ndk/23.2.8568313/toolchains/llvm/prebuilt/linux-x86_64/lib64/clang/12.0.9/include
 /home/cyrill/Android/Sdk/ndk/23.2.8568313/toolchains/llvm/prebuilt/linux-x86_64/sysroot/usr/include/aarch64-linux-android
 /home/cyrill/Android/Sdk/ndk/23.2.8568313/toolchains/llvm/prebuilt/linux-x86_64/sysroot/usr/include
End of search list.
[2/2] Linking CXX executable cmTC_b7fdc
Android (8481493, based on r416183c2) clang version 12.0.9 (https://android.googlesource.com/toolchain/llvm-project c935d99d7cf2016289302412d708641d52d2f7ee)
Target: aarch64-none-linux-android24
Thread model: posix
InstalledDir: /home/cyrill/Android/Sdk/ndk/23.2.8568313/toolchains/llvm/prebuilt/linux-x86_64/bin
Found candidate GCC installation: /home/cyrill/Android/Sdk/ndk/23.2.8568313/toolchains/llvm/prebuilt/linux-x86_64/lib/gcc/aarch64-linux-android/4.9.x
Selected GCC installation: /home/cyrill/Android/Sdk/ndk/23.2.8568313/toolchains/llvm/prebuilt/linux-x86_64/lib/gcc/aarch64-linux-android/4.9.x
Candidate multilib: .;@m64
Selected multilib: .;@m64
 "/home/cyrill/Android/Sdk/ndk/23.2.8568313/toolchains/llvm/prebuilt/linux-x86_64/bin/ld" --sysroot=/home/cyrill/Android/Sdk/ndk/23.2.8568313/toolchains/llvm/prebuilt/linux-x86_64/sysroot -pie -z noexecstack -EL --fix-cortex-a53-843419 --warn-shared-textrel -z now -z relro -z max-page-size=4096 --hash-style=gnu --enable-new-dtags --eh-frame-hdr -m aarch64linux -dynamic-linker /system/bin/linker64 -o cmTC_b7fdc /home/cyrill/Android/Sdk/ndk/23.2.8568313/toolchains/llvm/prebuilt/linux-x86_64/sysroot/usr/lib/aarch64-linux-android/24/crtbegin_dynamic.o -L/home/cyrill/Android/Sdk/ndk/23.2.8568313/toolchains/llvm/prebuilt/linux-x86_64/lib64/clang/12.0.9/lib/linux/aarch64 -L/home/cyrill/Android/Sdk/ndk/23.2.8568313/toolchains/llvm/prebuilt/linux-x86_64/lib/gcc/aarch64-linux-android/4.9.x -L/home/cyrill/Android/Sdk/ndk/23.2.8568313/toolchains/llvm/prebuilt/linux-x86_64/sysroot/usr/lib/aarch64-linux-android/24 -L/home/cyrill/Android/Sdk/ndk/23.2.8568313/toolchains/llvm/prebuilt/linux-x86_64/sysroot/usr/lib/aarch64-linux-android -L/home/cyrill/Android/Sdk/ndk/23.2.8568313/toolchains/llvm/prebuilt/linux-x86_64/sysroot/usr/lib --build-id=sha1 --no-rosegment --fatal-warnings --no-undefined --gc-sections CMakeFiles/cmTC_b7fdc.dir/OpenMPTryFlag.cpp.o -latomic -lm -Bstatic -lc++ -Bdynamic -lm -lomp /home/cyrill/Android/Sdk/ndk/23.2.8568313/toolchains/llvm/prebuilt/linux-x86_64/lib64/clang/12.0.9/lib/linux/libclang_rt.builtins-aarch64-android.a -l:libunwind.a -ldl -lc /home/cyrill/Android/Sdk/ndk/23.2.8568313/toolchains/llvm/prebuilt/linux-x86_64/lib64/clang/12.0.9/lib/linux/libclang_rt.builtins-aarch64-android.a -l:libunwind.a -ldl /home/cyrill/Android/Sdk/ndk/23.2.8568313/toolchains/llvm/prebuilt/linux-x86_64/sysroot/usr/lib/aarch64-linux-android/24/crtend_android.o


Parsed CXX OpenMP implicit link information from above output:
  link line regex: [^( *|.*[/\])(CMAKE_LINKER-NOTFOUND|CMAKE_LINK_STARTFILE-NOTFOUND|([^/\]+-)?ld|collect2)[^/\]*( |$)]
  ignore line: [Change Dir: /home/cyrill/Downloads/ncnn-android-yolov5/app/.cxx/Debug/4t5x27n5/arm64-v8a/CMakeFiles/CMakeTmp]
  ignore line: []
  ignore line: [Run Build Command:"/home/cyrill/Android/Sdk/cmake/3.10.2.4988404/bin/ninja" "cmTC_b7fdc"]
  ignore line: [[1/2] Building CXX object CMakeFiles/cmTC_b7fdc.dir/OpenMPTryFlag.cpp.o]
  ignore line: [Android (8481493, based on r416183c2) clang version 12.0.9 (https://android.googlesource.com/toolchain/llvm-project c935d99d7cf2016289302412d708641d52d2f7ee)]
  ignore line: [Target: aarch64-none-linux-android24]
  ignore line: [Thread model: posix]
  ignore line: [InstalledDir: /home/cyrill/Android/Sdk/ndk/23.2.8568313/toolchains/llvm/prebuilt/linux-x86_64/bin]
  ignore line: [Found candidate GCC installation: /home/cyrill/Android/Sdk/ndk/23.2.8568313/toolchains/llvm/prebuilt/linux-x86_64/lib/gcc/aarch64-linux-android/4.9.x]
  ignore line: [Selected GCC installation: /home/cyrill/Android/Sdk/ndk/23.2.8568313/toolchains/llvm/prebuilt/linux-x86_64/lib/gcc/aarch64-linux-android/4.9.x]
  ignore line: [Candidate multilib: .]
  ignore line: [@m64]
  ignore line: [Selected multilib: .]
  ignore line: [@m64]
  ignore line: [ (in-process)]
  ignore line: [ "/home/cyrill/Android/Sdk/ndk/23.2.8568313/toolchains/llvm/prebuilt/linux-x86_64/bin/clang++" -cc1 -triple aarch64-none-linux-android24 -emit-obj -mrelax-all --mrelax-relocations -mnoexecstack -disable-free -disable-llvm-verifier -discard-value-names -main-file-name OpenMPTryFlag.cpp -mrelocation-model pic -pic-level 2 -pic-is-pie -mframe-pointer=non-leaf -fno-rounding-math -mconstructor-aliases -munwind-tables -target-cpu generic -target-feature +neon -target-abi aapcs -mllvm -aarch64-fix-cortex-a53-835769=1 -fallow-half-arguments-and-returns -fno-split-dwarf-inlining -debug-info-kind=limited -dwarf-version=4 -debugger-tuning=gdb -v -ffunction-sections -fdata-sections -resource-dir /home/cyrill/Android/Sdk/ndk/23.2.8568313/toolchains/llvm/prebuilt/linux-x86_64/lib64/clang/12.0.9 -D ANDROID -D _FORTIFY_SOURCE=2 -isysroot /home/cyrill/Android/Sdk/ndk/23.2.8568313/toolchains/llvm/prebuilt/linux-x86_64/sysroot -internal-isystem /home/cyrill/Android/Sdk/ndk/23.2.8568313/toolchains/llvm/prebuilt/linux-x86_64/sysroot/usr/include/c++/v1 -internal-isystem /home/cyrill/Android/Sdk/ndk/23.2.8568313/toolchains/llvm/prebuilt/linux-x86_64/sysroot/usr/local/include -internal-isystem /home/cyrill/Android/Sdk/ndk/23.2.8568313/toolchains/llvm/prebuilt/linux-x86_64/lib64/clang/12.0.9/include -internal-externc-isystem /home/cyrill/Android/Sdk/ndk/23.2.8568313/toolchains/llvm/prebuilt/linux-x86_64/sysroot/usr/include/aarch64-linux-android -internal-externc-isystem /home/cyrill/Android/Sdk/ndk/23.2.8568313/toolchains/llvm/prebuilt/linux-x86_64/sysroot/include -internal-externc-isystem /home/cyrill/Android/Sdk/ndk/23.2.8568313/toolchains/llvm/prebuilt/linux-x86_64/sysroot/usr/include -Wformat -Werror=format-security -fdeprecated-macro -fdebug-compilation-dir /home/cyrill/Downloads/ncnn-android-yolov5/app/.cxx/Debug/4t5x27n5/arm64-v8a/CMakeFiles/CMakeTmp -ferror-limit 19 -fopenmp -fopenmp-cuda-parallel-target-regions -stack-protector 2 -fno-signed-char -fgnuc-version=4.2.1 -fcxx-exceptions -fexceptions -o CMakeFiles/cmTC_b7fdc.dir/OpenMPTryFlag.cpp.o -x c++ /home/cyrill/Downloads/ncnn-android-yolov5/app/.cxx/Debug/4t5x27n5/arm64-v8a/CMakeFiles/FindOpenMP/OpenMPTryFlag.cpp]
  ignore line: [clang -cc1 version 12.0.9 based upon LLVM 12.0.9git default target x86_64-unknown-linux-gnu]
  ignore line: [ignoring nonexistent directory "/home/cyrill/Android/Sdk/ndk/23.2.8568313/toolchains/llvm/prebuilt/linux-x86_64/sysroot/include"]
  ignore line: [#include "..." search starts here:]
  ignore line: [#include <...> search starts here:]
  ignore line: [ /home/cyrill/Android/Sdk/ndk/23.2.8568313/toolchains/llvm/prebuilt/linux-x86_64/sysroot/usr/include/c++/v1]
  ignore line: [ /home/cyrill/Android/Sdk/ndk/23.2.8568313/toolchains/llvm/prebuilt/linux-x86_64/sysroot/usr/local/include]
  ignore line: [ /home/cyrill/Android/Sdk/ndk/23.2.8568313/toolchains/llvm/prebuilt/linux-x86_64/lib64/clang/12.0.9/include]
  ignore line: [ /home/cyrill/Android/Sdk/ndk/23.2.8568313/toolchains/llvm/prebuilt/linux-x86_64/sysroot/usr/include/aarch64-linux-android]
  ignore line: [ /home/cyrill/Android/Sdk/ndk/23.2.8568313/toolchains/llvm/prebuilt/linux-x86_64/sysroot/usr/include]
  ignore line: [End of search list.]
  ignore line: [[2/2] Linking CXX executable cmTC_b7fdc]
  ignore line: [Android (8481493, based on r416183c2) clang version 12.0.9 (https://android.googlesource.com/toolchain/llvm-project c935d99d7cf2016289302412d708641d52d2f7ee)]
  ignore line: [Target: aarch64-none-linux-android24]
  ignore line: [Thread model: posix]
  ignore line: [InstalledDir: /home/cyrill/Android/Sdk/ndk/23.2.8568313/toolchains/llvm/prebuilt/linux-x86_64/bin]
  ignore line: [Found candidate GCC installation: /home/cyrill/Android/Sdk/ndk/23.2.8568313/toolchains/llvm/prebuilt/linux-x86_64/lib/gcc/aarch64-linux-android/4.9.x]
  ignore line: [Selected GCC installation: /home/cyrill/Android/Sdk/ndk/23.2.8568313/toolchains/llvm/prebuilt/linux-x86_64/lib/gcc/aarch64-linux-android/4.9.x]
  ignore line: [Candidate multilib: .]
  ignore line: [@m64]
  ignore line: [Selected multilib: .]
  ignore line: [@m64]
  link line: [ "/home/cyrill/Android/Sdk/ndk/23.2.8568313/toolchains/llvm/prebuilt/linux-x86_64/bin/ld" --sysroot=/home/cyrill/Android/Sdk/ndk/23.2.8568313/toolchains/llvm/prebuilt/linux-x86_64/sysroot -pie -z noexecstack -EL --fix-cortex-a53-843419 --warn-shared-textrel -z now -z relro -z max-page-size=4096 --hash-style=gnu --enable-new-dtags --eh-frame-hdr -m aarch64linux -dynamic-linker /system/bin/linker64 -o cmTC_b7fdc /home/cyrill/Android/Sdk/ndk/23.2.8568313/toolchains/llvm/prebuilt/linux-x86_64/sysroot/usr/lib/aarch64-linux-android/24/crtbegin_dynamic.o -L/home/cyrill/Android/Sdk/ndk/23.2.8568313/toolchains/llvm/prebuilt/linux-x86_64/lib64/clang/12.0.9/lib/linux/aarch64 -L/home/cyrill/Android/Sdk/ndk/23.2.8568313/toolchains/llvm/prebuilt/linux-x86_64/lib/gcc/aarch64-linux-android/4.9.x -L/home/cyrill/Android/Sdk/ndk/23.2.8568313/toolchains/llvm/prebuilt/linux-x86_64/sysroot/usr/lib/aarch64-linux-android/24 -L/home/cyrill/Android/Sdk/ndk/23.2.8568313/toolchains/llvm/prebuilt/linux-x86_64/sysroot/usr/lib/aarch64-linux-android -L/home/cyrill/Android/Sdk/ndk/23.2.8568313/toolchains/llvm/prebuilt/linux-x86_64/sysroot/usr/lib --build-id=sha1 --no-rosegment --fatal-warnings --no-undefined --gc-sections CMakeFiles/cmTC_b7fdc.dir/OpenMPTryFlag.cpp.o -latomic -lm -Bstatic -lc++ -Bdynamic -lm -lomp /home/cyrill/Android/Sdk/ndk/23.2.8568313/toolchains/llvm/prebuilt/linux-x86_64/lib64/clang/12.0.9/lib/linux/libclang_rt.builtins-aarch64-android.a -l:libunwind.a -ldl -lc /home/cyrill/Android/Sdk/ndk/23.2.8568313/toolchains/llvm/prebuilt/linux-x86_64/lib64/clang/12.0.9/lib/linux/libclang_rt.builtins-aarch64-android.a -l:libunwind.a -ldl /home/cyrill/Android/Sdk/ndk/23.2.8568313/toolchains/llvm/prebuilt/linux-x86_64/sysroot/usr/lib/aarch64-linux-android/24/crtend_android.o]
    arg [/home/cyrill/Android/Sdk/ndk/23.2.8568313/toolchains/llvm/prebuilt/linux-x86_64/bin/ld] ==> ignore
    arg [--sysroot=/home/cyrill/Android/Sdk/ndk/23.2.8568313/toolchains/llvm/prebuilt/linux-x86_64/sysroot] ==> ignore
    arg [-pie] ==> ignore
    arg [-znoexecstack] ==> ignore
    arg [-EL] ==> ignore
    arg [--fix-cortex-a53-843419] ==> ignore
    arg [--warn-shared-textrel] ==> ignore
    arg [-znow] ==> ignore
    arg [-zrelro] ==> ignore
    arg [-zmax-page-size=4096] ==> ignore
    arg [--hash-style=gnu] ==> ignore
    arg [--enable-new-dtags] ==> ignore
    arg [--eh-frame-hdr] ==> ignore
    arg [-m] ==> ignore
    arg [aarch64linux] ==> ignore
    arg [-dynamic-linker] ==> ignore
    arg [/system/bin/linker64] ==> ignore
    arg [-o] ==> ignore
    arg [cmTC_b7fdc] ==> ignore
    arg [/home/cyrill/Android/Sdk/ndk/23.2.8568313/toolchains/llvm/prebuilt/linux-x86_64/sysroot/usr/lib/aarch64-linux-android/24/crtbegin_dynamic.o] ==> ignore
    arg [-L/home/cyrill/Android/Sdk/ndk/23.2.8568313/toolchains/llvm/prebuilt/linux-x86_64/lib64/clang/12.0.9/lib/linux/aarch64] ==> dir [/home/cyrill/Android/Sdk/ndk/23.2.8568313/toolchains/llvm/prebuilt/linux-x86_64/lib64/clang/12.0.9/lib/linux/aarch64]
    arg [-L/home/cyrill/Android/Sdk/ndk/23.2.8568313/toolchains/llvm/prebuilt/linux-x86_64/lib/gcc/aarch64-linux-android/4.9.x] ==> dir [/home/cyrill/Android/Sdk/ndk/23.2.8568313/toolchains/llvm/prebuilt/linux-x86_64/lib/gcc/aarch64-linux-android/4.9.x]
    arg [-L/home/cyrill/Android/Sdk/ndk/23.2.8568313/toolchains/llvm/prebuilt/linux-x86_64/sysroot/usr/lib/aarch64-linux-android/24] ==> dir [/home/cyrill/Android/Sdk/ndk/23.2.8568313/toolchains/llvm/prebuilt/linux-x86_64/sysroot/usr/lib/aarch64-linux-android/24]
    arg [-L/home/cyrill/Android/Sdk/ndk/23.2.8568313/toolchains/llvm/prebuilt/linux-x86_64/sysroot/usr/lib/aarch64-linux-android] ==> dir [/home/cyrill/Android/Sdk/ndk/23.2.8568313/toolchains/llvm/prebuilt/linux-x86_64/sysroot/usr/lib/aarch64-linux-android]
    arg [-L/home/cyrill/Android/Sdk/ndk/23.2.8568313/toolchains/llvm/prebuilt/linux-x86_64/sysroot/usr/lib] ==> dir [/home/cyrill/Android/Sdk/ndk/23.2.8568313/toolchains/llvm/prebuilt/linux-x86_64/sysroot/usr/lib]
    arg [--build-id=sha1] ==> ignore
    arg [--no-rosegment] ==> ignore
    arg [--fatal-warnings] ==> ignore
    arg [--no-undefined] ==> ignore
    arg [--gc-sections] ==> ignore
    arg [CMakeFiles/cmTC_b7fdc.dir/OpenMPTryFlag.cpp.o] ==> ignore
    arg [-latomic] ==> lib [atomic]
    arg [-lm] ==> lib [m]
    arg [-Bstatic] ==> ignore
    arg [-lc++] ==> lib [c++]
    arg [-Bdynamic] ==> ignore
    arg [-lm] ==> lib [m]
    arg [-lomp] ==> lib [omp]
    arg [/home/cyrill/Android/Sdk/ndk/23.2.8568313/toolchains/llvm/prebuilt/linux-x86_64/lib64/clang/12.0.9/lib/linux/libclang_rt.builtins-aarch64-android.a] ==> lib [/home/cyrill/Android/Sdk/ndk/23.2.8568313/toolchains/llvm/prebuilt/linux-x86_64/lib64/clang/12.0.9/lib/linux/libclang_rt.builtins-aarch64-android.a]
    arg [-l:libunwind.a] ==> lib [-l:libunwind.a]
    arg [-ldl] ==> lib [dl]
    arg [-lc] ==> lib [c]
    arg [/home/cyrill/Android/Sdk/ndk/23.2.8568313/toolchains/llvm/prebuilt/linux-x86_64/lib64/clang/12.0.9/lib/linux/libclang_rt.builtins-aarch64-android.a] ==> lib [/home/cyrill/Android/Sdk/ndk/23.2.8568313/toolchains/llvm/prebuilt/linux-x86_64/lib64/clang/12.0.9/lib/linux/libclang_rt.builtins-aarch64-android.a]
    arg [-l:libunwind.a] ==> lib [-l:libunwind.a]
    arg [-ldl] ==> lib [dl]
    arg [/home/cyrill/Android/Sdk/ndk/23.2.8568313/toolchains/llvm/prebuilt/linux-x86_64/sysroot/usr/lib/aarch64-linux-android/24/crtend_android.o] ==> ignore
  remove lib [/home/cyrill/Android/Sdk/ndk/23.2.8568313/toolchains/llvm/prebuilt/linux-x86_64/lib64/clang/12.0.9/lib/linux/libclang_rt.builtins-aarch64-android.a]
  remove lib [/home/cyrill/Android/Sdk/ndk/23.2.8568313/toolchains/llvm/prebuilt/linux-x86_64/lib64/clang/12.0.9/lib/linux/libclang_rt.builtins-aarch64-android.a]
  collapse library dir [/home/cyrill/Android/Sdk/ndk/23.2.8568313/toolchains/llvm/prebuilt/linux-x86_64/lib64/clang/12.0.9/lib/linux/aarch64] ==> [/home/cyrill/Android/Sdk/ndk/23.2.8568313/toolchains/llvm/prebuilt/linux-x86_64/lib64/clang/12.0.9/lib/linux/aarch64]
  collapse library dir [/home/cyrill/Android/Sdk/ndk/23.2.8568313/toolchains/llvm/prebuilt/linux-x86_64/lib/gcc/aarch64-linux-android/4.9.x] ==> [/home/cyrill/Android/Sdk/ndk/23.2.8568313/toolchains/llvm/prebuilt/linux-x86_64/lib/gcc/aarch64-linux-android/4.9.x]
  collapse library dir [/home/cyrill/Android/Sdk/ndk/23.2.8568313/toolchains/llvm/prebuilt/linux-x86_64/sysroot/usr/lib/aarch64-linux-android/24] ==> [/home/cyrill/Android/Sdk/ndk/23.2.8568313/toolchains/llvm/prebuilt/linux-x86_64/sysroot/usr/lib/aarch64-linux-android/24]
  collapse library dir [/home/cyrill/Android/Sdk/ndk/23.2.8568313/toolchains/llvm/prebuilt/linux-x86_64/sysroot/usr/lib/aarch64-linux-android] ==> [/home/cyrill/Android/Sdk/ndk/23.2.8568313/toolchains/llvm/prebuilt/linux-x86_64/sysroot/usr/lib/aarch64-linux-android]
  collapse library dir [/home/cyrill/Android/Sdk/ndk/23.2.8568313/toolchains/llvm/prebuilt/linux-x86_64/sysroot/usr/lib] ==> [/home/cyrill/Android/Sdk/ndk/23.2.8568313/toolchains/llvm/prebuilt/linux-x86_64/sysroot/usr/lib]
  implicit libs: [atomic;m;c++;m;omp;-l:libunwind.a;dl;c;-l:libunwind.a;dl]
  implicit dirs: [/home/cyrill/Android/Sdk/ndk/23.2.8568313/toolchains/llvm/prebuilt/linux-x86_64/lib64/clang/12.0.9/lib/linux/aarch64;/home/cyrill/Android/Sdk/ndk/23.2.8568313/toolchains/llvm/prebuilt/linux-x86_64/lib/gcc/aarch64-linux-android/4.9.x;/home/cyrill/Android/Sdk/ndk/23.2.8568313/toolchains/llvm/prebuilt/linux-x86_64/sysroot/usr/lib/aarch64-linux-android/24;/home/cyrill/Android/Sdk/ndk/23.2.8568313/toolchains/llvm/prebuilt/linux-x86_64/sysroot/usr/lib/aarch64-linux-android;/home/cyrill/Android/Sdk/ndk/23.2.8568313/toolchains/llvm/prebuilt/linux-x86_64/sysroot/usr/lib]
  implicit fwks: []


Determining if the include file pthread.h exists passed with the following output:
Change Dir: /home/cyrill/Downloads/ncnn-android-yolov5/app/.cxx/Debug/4t5x27n5/arm64-v8a/CMakeFiles/CMakeTmp

Run Build Command:"/home/cyrill/Android/Sdk/cmake/3.10.2.4988404/bin/ninja" "cmTC_63256"
[1/2] Building C object CMakeFiles/cmTC_63256.dir/CheckIncludeFile.c.o
[2/2] Linking C executable cmTC_63256


Determining if the pthread_create exist passed with the following output:
Change Dir: /home/cyrill/Downloads/ncnn-android-yolov5/app/.cxx/Debug/4t5x27n5/arm64-v8a/CMakeFiles/CMakeTmp

Run Build Command:"/home/cyrill/Android/Sdk/cmake/3.10.2.4988404/bin/ninja" "cmTC_29172"
[1/2] Building C object CMakeFiles/cmTC_29172.dir/CheckSymbolExists.c.o
[2/2] Linking C executable cmTC_29172

File /home/cyrill/Downloads/ncnn-android-yolov5/app/.cxx/Debug/4t5x27n5/arm64-v8a/CMakeFiles/CMakeTmp/CheckSymbolExists.c:
/* */
#include <pthread.h>

int main(int argc, char** argv)
{
  (void)argv;
#ifndef pthread_create
  return ((int*)(&pthread_create))[argc];
#else
  (void)argc;
  return 0;
#endif
}

