The target system is: Android - 1 - armv7-a
The host system is: Linux - 5.4.0-109-generic - x86_64
Determining if the C compiler works passed with the following output:
Change Dir: /home/cyrill/Downloads/ncnn-android-yolov5/app/.cxx/cmake/debug/armeabi-v7a/CMakeFiles/CMakeTmp

Run Build Command:"/home/cyrill/Android/Sdk/cmake/3.10.2.4988404/bin/ninja" "cmTC_26d0a"
[1/2] Building C object CMakeFiles/cmTC_26d0a.dir/testCCompiler.c.o
[2/2] Linking C executable cmTC_26d0a


Detecting C compiler ABI info compiled with the following output:
Change Dir: /home/cyrill/Downloads/ncnn-android-yolov5/app/.cxx/cmake/debug/armeabi-v7a/CMakeFiles/CMakeTmp

Run Build Command:"/home/cyrill/Android/Sdk/cmake/3.10.2.4988404/bin/ninja" "cmTC_2b5aa"
[1/2] Building C object CMakeFiles/cmTC_2b5aa.dir/CMakeCCompilerABI.c.o
[2/2] Linking C executable cmTC_2b5aa
Android (8075178, based on r437112b) clang version 14.0.1 (https://android.googlesource.com/toolchain/llvm-project 8671348b81b95fc603505dfc881b45103bee1731)
Target: armv7-none-linux-android24
Thread model: posix
InstalledDir: /home/cyrill/Android/Sdk/ndk/24.0.8215888/toolchains/llvm/prebuilt/linux-x86_64/bin
 "/home/cyrill/Android/Sdk/ndk/24.0.8215888/toolchains/llvm/prebuilt/linux-x86_64/bin/ld" --sysroot=/home/cyrill/Android/Sdk/ndk/24.0.8215888/toolchains/llvm/prebuilt/linux-x86_64/sysroot -pie -z noexecstack -EL --warn-shared-textrel -z now -z relro -z max-page-size=4096 -X --hash-style=gnu --enable-new-dtags --eh-frame-hdr -m armelf_linux_eabi -dynamic-linker /system/bin/linker -o cmTC_2b5aa /home/cyrill/Android/Sdk/ndk/24.0.8215888/toolchains/llvm/prebuilt/linux-x86_64/sysroot/usr/lib/arm-linux-androideabi/24/crtbegin_dynamic.o -L/home/cyrill/Android/Sdk/ndk/24.0.8215888/toolchains/llvm/prebuilt/linux-x86_64/lib64/clang/14.0.1/lib/linux/arm -L/home/cyrill/Android/Sdk/ndk/24.0.8215888/toolchains/llvm/prebuilt/linux-x86_64/sysroot/usr/lib/arm-linux-androideabi/24 -L/home/cyrill/Android/Sdk/ndk/24.0.8215888/toolchains/llvm/prebuilt/linux-x86_64/sysroot/usr/lib/arm-linux-androideabi -L/home/cyrill/Android/Sdk/ndk/24.0.8215888/toolchains/llvm/prebuilt/linux-x86_64/sysroot/usr/lib/../lib -L/home/cyrill/Android/Sdk/ndk/24.0.8215888/toolchains/llvm/prebuilt/linux-x86_64/sysroot/usr/lib --build-id=sha1 --no-rosegment --fatal-warnings --no-undefined --gc-sections CMakeFiles/cmTC_2b5aa.dir/CMakeCCompilerABI.c.o /home/cyrill/Android/Sdk/ndk/24.0.8215888/toolchains/llvm/prebuilt/linux-x86_64/lib64/clang/14.0.1/lib/linux/libclang_rt.builtins-arm-android.a -l:libunwind.a -ldl -lc /home/cyrill/Android/Sdk/ndk/24.0.8215888/toolchains/llvm/prebuilt/linux-x86_64/lib64/clang/14.0.1/lib/linux/libclang_rt.builtins-arm-android.a -l:libunwind.a -ldl /home/cyrill/Android/Sdk/ndk/24.0.8215888/toolchains/llvm/prebuilt/linux-x86_64/sysroot/usr/lib/arm-linux-androideabi/24/crtend_android.o


Parsed C implicit link information from above output:
  link line regex: [^( *|.*[/\])(CMAKE_LINKER-NOTFOUND|CMAKE_LINK_STARTFILE-NOTFOUND|([^/\]+-)?ld|collect2)[^/\]*( |$)]
  ignore line: [Change Dir: /home/cyrill/Downloads/ncnn-android-yolov5/app/.cxx/cmake/debug/armeabi-v7a/CMakeFiles/CMakeTmp]
  ignore line: []
  ignore line: [Run Build Command:"/home/cyrill/Android/Sdk/cmake/3.10.2.4988404/bin/ninja" "cmTC_2b5aa"]
  ignore line: [[1/2] Building C object CMakeFiles/cmTC_2b5aa.dir/CMakeCCompilerABI.c.o]
  ignore line: [[2/2] Linking C executable cmTC_2b5aa]
  ignore line: [Android (8075178, based on r437112b) clang version 14.0.1 (https://android.googlesource.com/toolchain/llvm-project 8671348b81b95fc603505dfc881b45103bee1731)]
  ignore line: [Target: armv7-none-linux-android24]
  ignore line: [Thread model: posix]
  ignore line: [InstalledDir: /home/cyrill/Android/Sdk/ndk/24.0.8215888/toolchains/llvm/prebuilt/linux-x86_64/bin]
  link line: [ "/home/cyrill/Android/Sdk/ndk/24.0.8215888/toolchains/llvm/prebuilt/linux-x86_64/bin/ld" --sysroot=/home/cyrill/Android/Sdk/ndk/24.0.8215888/toolchains/llvm/prebuilt/linux-x86_64/sysroot -pie -z noexecstack -EL --warn-shared-textrel -z now -z relro -z max-page-size=4096 -X --hash-style=gnu --enable-new-dtags --eh-frame-hdr -m armelf_linux_eabi -dynamic-linker /system/bin/linker -o cmTC_2b5aa /home/cyrill/Android/Sdk/ndk/24.0.8215888/toolchains/llvm/prebuilt/linux-x86_64/sysroot/usr/lib/arm-linux-androideabi/24/crtbegin_dynamic.o -L/home/cyrill/Android/Sdk/ndk/24.0.8215888/toolchains/llvm/prebuilt/linux-x86_64/lib64/clang/14.0.1/lib/linux/arm -L/home/cyrill/Android/Sdk/ndk/24.0.8215888/toolchains/llvm/prebuilt/linux-x86_64/sysroot/usr/lib/arm-linux-androideabi/24 -L/home/cyrill/Android/Sdk/ndk/24.0.8215888/toolchains/llvm/prebuilt/linux-x86_64/sysroot/usr/lib/arm-linux-androideabi -L/home/cyrill/Android/Sdk/ndk/24.0.8215888/toolchains/llvm/prebuilt/linux-x86_64/sysroot/usr/lib/../lib -L/home/cyrill/Android/Sdk/ndk/24.0.8215888/toolchains/llvm/prebuilt/linux-x86_64/sysroot/usr/lib --build-id=sha1 --no-rosegment --fatal-warnings --no-undefined --gc-sections CMakeFiles/cmTC_2b5aa.dir/CMakeCCompilerABI.c.o /home/cyrill/Android/Sdk/ndk/24.0.8215888/toolchains/llvm/prebuilt/linux-x86_64/lib64/clang/14.0.1/lib/linux/libclang_rt.builtins-arm-android.a -l:libunwind.a -ldl -lc /home/cyrill/Android/Sdk/ndk/24.0.8215888/toolchains/llvm/prebuilt/linux-x86_64/lib64/clang/14.0.1/lib/linux/libclang_rt.builtins-arm-android.a -l:libunwind.a -ldl /home/cyrill/Android/Sdk/ndk/24.0.8215888/toolchains/llvm/prebuilt/linux-x86_64/sysroot/usr/lib/arm-linux-androideabi/24/crtend_android.o]
    arg [/home/cyrill/Android/Sdk/ndk/24.0.8215888/toolchains/llvm/prebuilt/linux-x86_64/bin/ld] ==> ignore
    arg [--sysroot=/home/cyrill/Android/Sdk/ndk/24.0.8215888/toolchains/llvm/prebuilt/linux-x86_64/sysroot] ==> ignore
    arg [-pie] ==> ignore
    arg [-znoexecstack] ==> ignore
    arg [-EL] ==> ignore
    arg [--warn-shared-textrel] ==> ignore
    arg [-znow] ==> ignore
    arg [-zrelro] ==> ignore
    arg [-zmax-page-size=4096] ==> ignore
    arg [-X] ==> ignore
    arg [--hash-style=gnu] ==> ignore
    arg [--enable-new-dtags] ==> ignore
    arg [--eh-frame-hdr] ==> ignore
    arg [-m] ==> ignore
    arg [armelf_linux_eabi] ==> ignore
    arg [-dynamic-linker] ==> ignore
    arg [/system/bin/linker] ==> ignore
    arg [-o] ==> ignore
    arg [cmTC_2b5aa] ==> ignore
    arg [/home/cyrill/Android/Sdk/ndk/24.0.8215888/toolchains/llvm/prebuilt/linux-x86_64/sysroot/usr/lib/arm-linux-androideabi/24/crtbegin_dynamic.o] ==> ignore
    arg [-L/home/cyrill/Android/Sdk/ndk/24.0.8215888/toolchains/llvm/prebuilt/linux-x86_64/lib64/clang/14.0.1/lib/linux/arm] ==> dir [/home/cyrill/Android/Sdk/ndk/24.0.8215888/toolchains/llvm/prebuilt/linux-x86_64/lib64/clang/14.0.1/lib/linux/arm]
    arg [-L/home/cyrill/Android/Sdk/ndk/24.0.8215888/toolchains/llvm/prebuilt/linux-x86_64/sysroot/usr/lib/arm-linux-androideabi/24] ==> dir [/home/cyrill/Android/Sdk/ndk/24.0.8215888/toolchains/llvm/prebuilt/linux-x86_64/sysroot/usr/lib/arm-linux-androideabi/24]
    arg [-L/home/cyrill/Android/Sdk/ndk/24.0.8215888/toolchains/llvm/prebuilt/linux-x86_64/sysroot/usr/lib/arm-linux-androideabi] ==> dir [/home/cyrill/Android/Sdk/ndk/24.0.8215888/toolchains/llvm/prebuilt/linux-x86_64/sysroot/usr/lib/arm-linux-androideabi]
    arg [-L/home/cyrill/Android/Sdk/ndk/24.0.8215888/toolchains/llvm/prebuilt/linux-x86_64/sysroot/usr/lib/../lib] ==> dir [/home/cyrill/Android/Sdk/ndk/24.0.8215888/toolchains/llvm/prebuilt/linux-x86_64/sysroot/usr/lib/../lib]
    arg [-L/home/cyrill/Android/Sdk/ndk/24.0.8215888/toolchains/llvm/prebuilt/linux-x86_64/sysroot/usr/lib] ==> dir [/home/cyrill/Android/Sdk/ndk/24.0.8215888/toolchains/llvm/prebuilt/linux-x86_64/sysroot/usr/lib]
    arg [--build-id=sha1] ==> ignore
    arg [--no-rosegment] ==> ignore
    arg [--fatal-warnings] ==> ignore
    arg [--no-undefined] ==> ignore
    arg [--gc-sections] ==> ignore
    arg [CMakeFiles/cmTC_2b5aa.dir/CMakeCCompilerABI.c.o] ==> ignore
    arg [/home/cyrill/Android/Sdk/ndk/24.0.8215888/toolchains/llvm/prebuilt/linux-x86_64/lib64/clang/14.0.1/lib/linux/libclang_rt.builtins-arm-android.a] ==> lib [/home/cyrill/Android/Sdk/ndk/24.0.8215888/toolchains/llvm/prebuilt/linux-x86_64/lib64/clang/14.0.1/lib/linux/libclang_rt.builtins-arm-android.a]
    arg [-l:libunwind.a] ==> lib [-l:libunwind.a]
    arg [-ldl] ==> lib [dl]
    arg [-lc] ==> lib [c]
    arg [/home/cyrill/Android/Sdk/ndk/24.0.8215888/toolchains/llvm/prebuilt/linux-x86_64/lib64/clang/14.0.1/lib/linux/libclang_rt.builtins-arm-android.a] ==> lib [/home/cyrill/Android/Sdk/ndk/24.0.8215888/toolchains/llvm/prebuilt/linux-x86_64/lib64/clang/14.0.1/lib/linux/libclang_rt.builtins-arm-android.a]
    arg [-l:libunwind.a] ==> lib [-l:libunwind.a]
    arg [-ldl] ==> lib [dl]
    arg [/home/cyrill/Android/Sdk/ndk/24.0.8215888/toolchains/llvm/prebuilt/linux-x86_64/sysroot/usr/lib/arm-linux-androideabi/24/crtend_android.o] ==> ignore
  remove lib [/home/cyrill/Android/Sdk/ndk/24.0.8215888/toolchains/llvm/prebuilt/linux-x86_64/lib64/clang/14.0.1/lib/linux/libclang_rt.builtins-arm-android.a]
  remove lib [/home/cyrill/Android/Sdk/ndk/24.0.8215888/toolchains/llvm/prebuilt/linux-x86_64/lib64/clang/14.0.1/lib/linux/libclang_rt.builtins-arm-android.a]
  collapse library dir [/home/cyrill/Android/Sdk/ndk/24.0.8215888/toolchains/llvm/prebuilt/linux-x86_64/lib64/clang/14.0.1/lib/linux/arm] ==> [/home/cyrill/Android/Sdk/ndk/24.0.8215888/toolchains/llvm/prebuilt/linux-x86_64/lib64/clang/14.0.1/lib/linux/arm]
  collapse library dir [/home/cyrill/Android/Sdk/ndk/24.0.8215888/toolchains/llvm/prebuilt/linux-x86_64/sysroot/usr/lib/arm-linux-androideabi/24] ==> [/home/cyrill/Android/Sdk/ndk/24.0.8215888/toolchains/llvm/prebuilt/linux-x86_64/sysroot/usr/lib/arm-linux-androideabi/24]
  collapse library dir [/home/cyrill/Android/Sdk/ndk/24.0.8215888/toolchains/llvm/prebuilt/linux-x86_64/sysroot/usr/lib/arm-linux-androideabi] ==> [/home/cyrill/Android/Sdk/ndk/24.0.8215888/toolchains/llvm/prebuilt/linux-x86_64/sysroot/usr/lib/arm-linux-androideabi]
  collapse library dir [/home/cyrill/Android/Sdk/ndk/24.0.8215888/toolchains/llvm/prebuilt/linux-x86_64/sysroot/usr/lib/../lib] ==> [/home/cyrill/Android/Sdk/ndk/24.0.8215888/toolchains/llvm/prebuilt/linux-x86_64/sysroot/usr/lib]
  collapse library dir [/home/cyrill/Android/Sdk/ndk/24.0.8215888/toolchains/llvm/prebuilt/linux-x86_64/sysroot/usr/lib] ==> [/home/cyrill/Android/Sdk/ndk/24.0.8215888/toolchains/llvm/prebuilt/linux-x86_64/sysroot/usr/lib]
  implicit libs: [-l:libunwind.a;dl;c;-l:libunwind.a;dl]
  implicit dirs: [/home/cyrill/Android/Sdk/ndk/24.0.8215888/toolchains/llvm/prebuilt/linux-x86_64/lib64/clang/14.0.1/lib/linux/arm;/home/cyrill/Android/Sdk/ndk/24.0.8215888/toolchains/llvm/prebuilt/linux-x86_64/sysroot/usr/lib/arm-linux-androideabi/24;/home/cyrill/Android/Sdk/ndk/24.0.8215888/toolchains/llvm/prebuilt/linux-x86_64/sysroot/usr/lib/arm-linux-androideabi;/home/cyrill/Android/Sdk/ndk/24.0.8215888/toolchains/llvm/prebuilt/linux-x86_64/sysroot/usr/lib]
  implicit fwks: []




Detecting C [-std=c11] compiler features compiled with the following output:
Change Dir: /home/cyrill/Downloads/ncnn-android-yolov5/app/.cxx/cmake/debug/armeabi-v7a/CMakeFiles/CMakeTmp

Run Build Command:"/home/cyrill/Android/Sdk/cmake/3.10.2.4988404/bin/ninja" "cmTC_a6e20"
[1/2] Building C object CMakeFiles/cmTC_a6e20.dir/feature_tests.c.o
[2/2] Linking C executable cmTC_a6e20


    Feature record: C_FEATURE:1c_function_prototypes
    Feature record: C_FEATURE:1c_restrict
    Feature record: C_FEATURE:1c_static_assert
    Feature record: C_FEATURE:1c_variadic_macros


Detecting C [-std=c99] compiler features compiled with the following output:
Change Dir: /home/cyrill/Downloads/ncnn-android-yolov5/app/.cxx/cmake/debug/armeabi-v7a/CMakeFiles/CMakeTmp

Run Build Command:"/home/cyrill/Android/Sdk/cmake/3.10.2.4988404/bin/ninja" "cmTC_aac01"
[1/2] Building C object CMakeFiles/cmTC_aac01.dir/feature_tests.c.o
[2/2] Linking C executable cmTC_aac01


    Feature record: C_FEATURE:1c_function_prototypes
    Feature record: C_FEATURE:1c_restrict
    Feature record: C_FEATURE:0c_static_assert
    Feature record: C_FEATURE:1c_variadic_macros


Detecting C [-std=c90] compiler features compiled with the following output:
Change Dir: /home/cyrill/Downloads/ncnn-android-yolov5/app/.cxx/cmake/debug/armeabi-v7a/CMakeFiles/CMakeTmp

Run Build Command:"/home/cyrill/Android/Sdk/cmake/3.10.2.4988404/bin/ninja" "cmTC_57a95"
[1/2] Building C object CMakeFiles/cmTC_57a95.dir/feature_tests.c.o
[2/2] Linking C executable cmTC_57a95


    Feature record: C_FEATURE:1c_function_prototypes
    Feature record: C_FEATURE:0c_restrict
    Feature record: C_FEATURE:0c_static_assert
    Feature record: C_FEATURE:0c_variadic_macros
Determining if the CXX compiler works passed with the following output:
Change Dir: /home/cyrill/Downloads/ncnn-android-yolov5/app/.cxx/cmake/debug/armeabi-v7a/CMakeFiles/CMakeTmp

Run Build Command:"/home/cyrill/Android/Sdk/cmake/3.10.2.4988404/bin/ninja" "cmTC_864c3"
[1/2] Building CXX object CMakeFiles/cmTC_864c3.dir/testCXXCompiler.cxx.o
[2/2] Linking CXX executable cmTC_864c3


Detecting CXX compiler ABI info compiled with the following output:
Change Dir: /home/cyrill/Downloads/ncnn-android-yolov5/app/.cxx/cmake/debug/armeabi-v7a/CMakeFiles/CMakeTmp

Run Build Command:"/home/cyrill/Android/Sdk/cmake/3.10.2.4988404/bin/ninja" "cmTC_9f352"
[1/2] Building CXX object CMakeFiles/cmTC_9f352.dir/CMakeCXXCompilerABI.cpp.o
[2/2] Linking CXX executable cmTC_9f352
Android (8075178, based on r437112b) clang version 14.0.1 (https://android.googlesource.com/toolchain/llvm-project 8671348b81b95fc603505dfc881b45103bee1731)
Target: armv7-none-linux-android24
Thread model: posix
InstalledDir: /home/cyrill/Android/Sdk/ndk/24.0.8215888/toolchains/llvm/prebuilt/linux-x86_64/bin
 "/home/cyrill/Android/Sdk/ndk/24.0.8215888/toolchains/llvm/prebuilt/linux-x86_64/bin/ld" --sysroot=/home/cyrill/Android/Sdk/ndk/24.0.8215888/toolchains/llvm/prebuilt/linux-x86_64/sysroot -pie -z noexecstack -EL --warn-shared-textrel -z now -z relro -z max-page-size=4096 -X --hash-style=gnu --enable-new-dtags --eh-frame-hdr -m armelf_linux_eabi -dynamic-linker /system/bin/linker -o cmTC_9f352 /home/cyrill/Android/Sdk/ndk/24.0.8215888/toolchains/llvm/prebuilt/linux-x86_64/sysroot/usr/lib/arm-linux-androideabi/24/crtbegin_dynamic.o -L/home/cyrill/Android/Sdk/ndk/24.0.8215888/toolchains/llvm/prebuilt/linux-x86_64/lib64/clang/14.0.1/lib/linux/arm -L/home/cyrill/Android/Sdk/ndk/24.0.8215888/toolchains/llvm/prebuilt/linux-x86_64/sysroot/usr/lib/arm-linux-androideabi/24 -L/home/cyrill/Android/Sdk/ndk/24.0.8215888/toolchains/llvm/prebuilt/linux-x86_64/sysroot/usr/lib/arm-linux-androideabi -L/home/cyrill/Android/Sdk/ndk/24.0.8215888/toolchains/llvm/prebuilt/linux-x86_64/sysroot/usr/lib/../lib -L/home/cyrill/Android/Sdk/ndk/24.0.8215888/toolchains/llvm/prebuilt/linux-x86_64/sysroot/usr/lib --build-id=sha1 --no-rosegment --fatal-warnings --no-undefined --gc-sections CMakeFiles/cmTC_9f352.dir/CMakeCXXCompilerABI.cpp.o -Bstatic -lc++ -Bdynamic -lm /home/cyrill/Android/Sdk/ndk/24.0.8215888/toolchains/llvm/prebuilt/linux-x86_64/lib64/clang/14.0.1/lib/linux/libclang_rt.builtins-arm-android.a -l:libunwind.a -ldl -lc /home/cyrill/Android/Sdk/ndk/24.0.8215888/toolchains/llvm/prebuilt/linux-x86_64/lib64/clang/14.0.1/lib/linux/libclang_rt.builtins-arm-android.a -l:libunwind.a -ldl /home/cyrill/Android/Sdk/ndk/24.0.8215888/toolchains/llvm/prebuilt/linux-x86_64/sysroot/usr/lib/arm-linux-androideabi/24/crtend_android.o


Parsed CXX implicit link information from above output:
  link line regex: [^( *|.*[/\])(CMAKE_LINKER-NOTFOUND|CMAKE_LINK_STARTFILE-NOTFOUND|([^/\]+-)?ld|collect2)[^/\]*( |$)]
  ignore line: [Change Dir: /home/cyrill/Downloads/ncnn-android-yolov5/app/.cxx/cmake/debug/armeabi-v7a/CMakeFiles/CMakeTmp]
  ignore line: []
  ignore line: [Run Build Command:"/home/cyrill/Android/Sdk/cmake/3.10.2.4988404/bin/ninja" "cmTC_9f352"]
  ignore line: [[1/2] Building CXX object CMakeFiles/cmTC_9f352.dir/CMakeCXXCompilerABI.cpp.o]
  ignore line: [[2/2] Linking CXX executable cmTC_9f352]
  ignore line: [Android (8075178, based on r437112b) clang version 14.0.1 (https://android.googlesource.com/toolchain/llvm-project 8671348b81b95fc603505dfc881b45103bee1731)]
  ignore line: [Target: armv7-none-linux-android24]
  ignore line: [Thread model: posix]
  ignore line: [InstalledDir: /home/cyrill/Android/Sdk/ndk/24.0.8215888/toolchains/llvm/prebuilt/linux-x86_64/bin]
  link line: [ "/home/cyrill/Android/Sdk/ndk/24.0.8215888/toolchains/llvm/prebuilt/linux-x86_64/bin/ld" --sysroot=/home/cyrill/Android/Sdk/ndk/24.0.8215888/toolchains/llvm/prebuilt/linux-x86_64/sysroot -pie -z noexecstack -EL --warn-shared-textrel -z now -z relro -z max-page-size=4096 -X --hash-style=gnu --enable-new-dtags --eh-frame-hdr -m armelf_linux_eabi -dynamic-linker /system/bin/linker -o cmTC_9f352 /home/cyrill/Android/Sdk/ndk/24.0.8215888/toolchains/llvm/prebuilt/linux-x86_64/sysroot/usr/lib/arm-linux-androideabi/24/crtbegin_dynamic.o -L/home/cyrill/Android/Sdk/ndk/24.0.8215888/toolchains/llvm/prebuilt/linux-x86_64/lib64/clang/14.0.1/lib/linux/arm -L/home/cyrill/Android/Sdk/ndk/24.0.8215888/toolchains/llvm/prebuilt/linux-x86_64/sysroot/usr/lib/arm-linux-androideabi/24 -L/home/cyrill/Android/Sdk/ndk/24.0.8215888/toolchains/llvm/prebuilt/linux-x86_64/sysroot/usr/lib/arm-linux-androideabi -L/home/cyrill/Android/Sdk/ndk/24.0.8215888/toolchains/llvm/prebuilt/linux-x86_64/sysroot/usr/lib/../lib -L/home/cyrill/Android/Sdk/ndk/24.0.8215888/toolchains/llvm/prebuilt/linux-x86_64/sysroot/usr/lib --build-id=sha1 --no-rosegment --fatal-warnings --no-undefined --gc-sections CMakeFiles/cmTC_9f352.dir/CMakeCXXCompilerABI.cpp.o -Bstatic -lc++ -Bdynamic -lm /home/cyrill/Android/Sdk/ndk/24.0.8215888/toolchains/llvm/prebuilt/linux-x86_64/lib64/clang/14.0.1/lib/linux/libclang_rt.builtins-arm-android.a -l:libunwind.a -ldl -lc /home/cyrill/Android/Sdk/ndk/24.0.8215888/toolchains/llvm/prebuilt/linux-x86_64/lib64/clang/14.0.1/lib/linux/libclang_rt.builtins-arm-android.a -l:libunwind.a -ldl /home/cyrill/Android/Sdk/ndk/24.0.8215888/toolchains/llvm/prebuilt/linux-x86_64/sysroot/usr/lib/arm-linux-androideabi/24/crtend_android.o]
    arg [/home/cyrill/Android/Sdk/ndk/24.0.8215888/toolchains/llvm/prebuilt/linux-x86_64/bin/ld] ==> ignore
    arg [--sysroot=/home/cyrill/Android/Sdk/ndk/24.0.8215888/toolchains/llvm/prebuilt/linux-x86_64/sysroot] ==> ignore
    arg [-pie] ==> ignore
    arg [-znoexecstack] ==> ignore
    arg [-EL] ==> ignore
    arg [--warn-shared-textrel] ==> ignore
    arg [-znow] ==> ignore
    arg [-zrelro] ==> ignore
    arg [-zmax-page-size=4096] ==> ignore
    arg [-X] ==> ignore
    arg [--hash-style=gnu] ==> ignore
    arg [--enable-new-dtags] ==> ignore
    arg [--eh-frame-hdr] ==> ignore
    arg [-m] ==> ignore
    arg [armelf_linux_eabi] ==> ignore
    arg [-dynamic-linker] ==> ignore
    arg [/system/bin/linker] ==> ignore
    arg [-o] ==> ignore
    arg [cmTC_9f352] ==> ignore
    arg [/home/cyrill/Android/Sdk/ndk/24.0.8215888/toolchains/llvm/prebuilt/linux-x86_64/sysroot/usr/lib/arm-linux-androideabi/24/crtbegin_dynamic.o] ==> ignore
    arg [-L/home/cyrill/Android/Sdk/ndk/24.0.8215888/toolchains/llvm/prebuilt/linux-x86_64/lib64/clang/14.0.1/lib/linux/arm] ==> dir [/home/cyrill/Android/Sdk/ndk/24.0.8215888/toolchains/llvm/prebuilt/linux-x86_64/lib64/clang/14.0.1/lib/linux/arm]
    arg [-L/home/cyrill/Android/Sdk/ndk/24.0.8215888/toolchains/llvm/prebuilt/linux-x86_64/sysroot/usr/lib/arm-linux-androideabi/24] ==> dir [/home/cyrill/Android/Sdk/ndk/24.0.8215888/toolchains/llvm/prebuilt/linux-x86_64/sysroot/usr/lib/arm-linux-androideabi/24]
    arg [-L/home/cyrill/Android/Sdk/ndk/24.0.8215888/toolchains/llvm/prebuilt/linux-x86_64/sysroot/usr/lib/arm-linux-androideabi] ==> dir [/home/cyrill/Android/Sdk/ndk/24.0.8215888/toolchains/llvm/prebuilt/linux-x86_64/sysroot/usr/lib/arm-linux-androideabi]
    arg [-L/home/cyrill/Android/Sdk/ndk/24.0.8215888/toolchains/llvm/prebuilt/linux-x86_64/sysroot/usr/lib/../lib] ==> dir [/home/cyrill/Android/Sdk/ndk/24.0.8215888/toolchains/llvm/prebuilt/linux-x86_64/sysroot/usr/lib/../lib]
    arg [-L/home/cyrill/Android/Sdk/ndk/24.0.8215888/toolchains/llvm/prebuilt/linux-x86_64/sysroot/usr/lib] ==> dir [/home/cyrill/Android/Sdk/ndk/24.0.8215888/toolchains/llvm/prebuilt/linux-x86_64/sysroot/usr/lib]
    arg [--build-id=sha1] ==> ignore
    arg [--no-rosegment] ==> ignore
    arg [--fatal-warnings] ==> ignore
    arg [--no-undefined] ==> ignore
    arg [--gc-sections] ==> ignore
    arg [CMakeFiles/cmTC_9f352.dir/CMakeCXXCompilerABI.cpp.o] ==> ignore
    arg [-Bstatic] ==> ignore
    arg [-lc++] ==> lib [c++]
    arg [-Bdynamic] ==> ignore
    arg [-lm] ==> lib [m]
    arg [/home/cyrill/Android/Sdk/ndk/24.0.8215888/toolchains/llvm/prebuilt/linux-x86_64/lib64/clang/14.0.1/lib/linux/libclang_rt.builtins-arm-android.a] ==> lib [/home/cyrill/Android/Sdk/ndk/24.0.8215888/toolchains/llvm/prebuilt/linux-x86_64/lib64/clang/14.0.1/lib/linux/libclang_rt.builtins-arm-android.a]
    arg [-l:libunwind.a] ==> lib [-l:libunwind.a]
    arg [-ldl] ==> lib [dl]
    arg [-lc] ==> lib [c]
    arg [/home/cyrill/Android/Sdk/ndk/24.0.8215888/toolchains/llvm/prebuilt/linux-x86_64/lib64/clang/14.0.1/lib/linux/libclang_rt.builtins-arm-android.a] ==> lib [/home/cyrill/Android/Sdk/ndk/24.0.8215888/toolchains/llvm/prebuilt/linux-x86_64/lib64/clang/14.0.1/lib/linux/libclang_rt.builtins-arm-android.a]
    arg [-l:libunwind.a] ==> lib [-l:libunwind.a]
    arg [-ldl] ==> lib [dl]
    arg [/home/cyrill/Android/Sdk/ndk/24.0.8215888/toolchains/llvm/prebuilt/linux-x86_64/sysroot/usr/lib/arm-linux-androideabi/24/crtend_android.o] ==> ignore
  remove lib [/home/cyrill/Android/Sdk/ndk/24.0.8215888/toolchains/llvm/prebuilt/linux-x86_64/lib64/clang/14.0.1/lib/linux/libclang_rt.builtins-arm-android.a]
  remove lib [/home/cyrill/Android/Sdk/ndk/24.0.8215888/toolchains/llvm/prebuilt/linux-x86_64/lib64/clang/14.0.1/lib/linux/libclang_rt.builtins-arm-android.a]
  collapse library dir [/home/cyrill/Android/Sdk/ndk/24.0.8215888/toolchains/llvm/prebuilt/linux-x86_64/lib64/clang/14.0.1/lib/linux/arm] ==> [/home/cyrill/Android/Sdk/ndk/24.0.8215888/toolchains/llvm/prebuilt/linux-x86_64/lib64/clang/14.0.1/lib/linux/arm]
  collapse library dir [/home/cyrill/Android/Sdk/ndk/24.0.8215888/toolchains/llvm/prebuilt/linux-x86_64/sysroot/usr/lib/arm-linux-androideabi/24] ==> [/home/cyrill/Android/Sdk/ndk/24.0.8215888/toolchains/llvm/prebuilt/linux-x86_64/sysroot/usr/lib/arm-linux-androideabi/24]
  collapse library dir [/home/cyrill/Android/Sdk/ndk/24.0.8215888/toolchains/llvm/prebuilt/linux-x86_64/sysroot/usr/lib/arm-linux-androideabi] ==> [/home/cyrill/Android/Sdk/ndk/24.0.8215888/toolchains/llvm/prebuilt/linux-x86_64/sysroot/usr/lib/arm-linux-androideabi]
  collapse library dir [/home/cyrill/Android/Sdk/ndk/24.0.8215888/toolchains/llvm/prebuilt/linux-x86_64/sysroot/usr/lib/../lib] ==> [/home/cyrill/Android/Sdk/ndk/24.0.8215888/toolchains/llvm/prebuilt/linux-x86_64/sysroot/usr/lib]
  collapse library dir [/home/cyrill/Android/Sdk/ndk/24.0.8215888/toolchains/llvm/prebuilt/linux-x86_64/sysroot/usr/lib] ==> [/home/cyrill/Android/Sdk/ndk/24.0.8215888/toolchains/llvm/prebuilt/linux-x86_64/sysroot/usr/lib]
  implicit libs: [c++;m;-l:libunwind.a;dl;c;-l:libunwind.a;dl]
  implicit dirs: [/home/cyrill/Android/Sdk/ndk/24.0.8215888/toolchains/llvm/prebuilt/linux-x86_64/lib64/clang/14.0.1/lib/linux/arm;/home/cyrill/Android/Sdk/ndk/24.0.8215888/toolchains/llvm/prebuilt/linux-x86_64/sysroot/usr/lib/arm-linux-androideabi/24;/home/cyrill/Android/Sdk/ndk/24.0.8215888/toolchains/llvm/prebuilt/linux-x86_64/sysroot/usr/lib/arm-linux-androideabi;/home/cyrill/Android/Sdk/ndk/24.0.8215888/toolchains/llvm/prebuilt/linux-x86_64/sysroot/usr/lib]
  implicit fwks: []




Detecting CXX [-std=c++1z] compiler features compiled with the following output:
Change Dir: /home/cyrill/Downloads/ncnn-android-yolov5/app/.cxx/cmake/debug/armeabi-v7a/CMakeFiles/CMakeTmp

Run Build Command:"/home/cyrill/Android/Sdk/cmake/3.10.2.4988404/bin/ninja" "cmTC_53a94"
[1/2] Building CXX object CMakeFiles/cmTC_53a94.dir/feature_tests.cxx.o
[2/2] Linking CXX executable cmTC_53a94


    Feature record: CXX_FEATURE:1cxx_aggregate_default_initializers
    Feature record: CXX_FEATURE:1cxx_alias_templates
    Feature record: CXX_FEATURE:1cxx_alignas
    Feature record: CXX_FEATURE:1cxx_alignof
    Feature record: CXX_FEATURE:1cxx_attributes
    Feature record: CXX_FEATURE:1cxx_attribute_deprecated
    Feature record: CXX_FEATURE:1cxx_auto_type
    Feature record: CXX_FEATURE:1cxx_binary_literals
    Feature record: CXX_FEATURE:1cxx_constexpr
    Feature record: CXX_FEATURE:1cxx_contextual_conversions
    Feature record: CXX_FEATURE:1cxx_decltype
    Feature record: CXX_FEATURE:1cxx_decltype_auto
    Feature record: CXX_FEATURE:1cxx_decltype_incomplete_return_types
    Feature record: CXX_FEATURE:1cxx_default_function_template_args
    Feature record: CXX_FEATURE:1cxx_defaulted_functions
    Feature record: CXX_FEATURE:1cxx_defaulted_move_initializers
    Feature record: CXX_FEATURE:1cxx_delegating_constructors
    Feature record: CXX_FEATURE:1cxx_deleted_functions
    Feature record: CXX_FEATURE:1cxx_digit_separators
    Feature record: CXX_FEATURE:1cxx_enum_forward_declarations
    Feature record: CXX_FEATURE:1cxx_explicit_conversions
    Feature record: CXX_FEATURE:1cxx_extended_friend_declarations
    Feature record: CXX_FEATURE:1cxx_extern_templates
    Feature record: CXX_FEATURE:1cxx_final
    Feature record: CXX_FEATURE:1cxx_func_identifier
    Feature record: CXX_FEATURE:1cxx_generalized_initializers
    Feature record: CXX_FEATURE:1cxx_generic_lambdas
    Feature record: CXX_FEATURE:1cxx_inheriting_constructors
    Feature record: CXX_FEATURE:1cxx_inline_namespaces
    Feature record: CXX_FEATURE:1cxx_lambdas
    Feature record: CXX_FEATURE:1cxx_lambda_init_captures
    Feature record: CXX_FEATURE:1cxx_local_type_template_args
    Feature record: CXX_FEATURE:1cxx_long_long_type
    Feature record: CXX_FEATURE:1cxx_noexcept
    Feature record: CXX_FEATURE:1cxx_nonstatic_member_init
    Feature record: CXX_FEATURE:1cxx_nullptr
    Feature record: CXX_FEATURE:1cxx_override
    Feature record: CXX_FEATURE:1cxx_range_for
    Feature record: CXX_FEATURE:1cxx_raw_string_literals
    Feature record: CXX_FEATURE:1cxx_reference_qualified_functions
    Feature record: CXX_FEATURE:1cxx_relaxed_constexpr
    Feature record: CXX_FEATURE:1cxx_return_type_deduction
    Feature record: CXX_FEATURE:1cxx_right_angle_brackets
    Feature record: CXX_FEATURE:1cxx_rvalue_references
    Feature record: CXX_FEATURE:1cxx_sizeof_member
    Feature record: CXX_FEATURE:1cxx_static_assert
    Feature record: CXX_FEATURE:1cxx_strong_enums
    Feature record: CXX_FEATURE:1cxx_template_template_parameters
    Feature record: CXX_FEATURE:1cxx_thread_local
    Feature record: CXX_FEATURE:1cxx_trailing_return_types
    Feature record: CXX_FEATURE:1cxx_unicode_literals
    Feature record: CXX_FEATURE:1cxx_uniform_initialization
    Feature record: CXX_FEATURE:1cxx_unrestricted_unions
    Feature record: CXX_FEATURE:1cxx_user_literals
    Feature record: CXX_FEATURE:1cxx_variable_templates
    Feature record: CXX_FEATURE:1cxx_variadic_macros
    Feature record: CXX_FEATURE:1cxx_variadic_templates


Detecting CXX [-std=c++14] compiler features compiled with the following output:
Change Dir: /home/cyrill/Downloads/ncnn-android-yolov5/app/.cxx/cmake/debug/armeabi-v7a/CMakeFiles/CMakeTmp

Run Build Command:"/home/cyrill/Android/Sdk/cmake/3.10.2.4988404/bin/ninja" "cmTC_3914b"
[1/2] Building CXX object CMakeFiles/cmTC_3914b.dir/feature_tests.cxx.o
[2/2] Linking CXX executable cmTC_3914b


    Feature record: CXX_FEATURE:1cxx_aggregate_default_initializers
    Feature record: CXX_FEATURE:1cxx_alias_templates
    Feature record: CXX_FEATURE:1cxx_alignas
    Feature record: CXX_FEATURE:1cxx_alignof
    Feature record: CXX_FEATURE:1cxx_attributes
    Feature record: CXX_FEATURE:1cxx_attribute_deprecated
    Feature record: CXX_FEATURE:1cxx_auto_type
    Feature record: CXX_FEATURE:1cxx_binary_literals
    Feature record: CXX_FEATURE:1cxx_constexpr
    Feature record: CXX_FEATURE:1cxx_contextual_conversions
    Feature record: CXX_FEATURE:1cxx_decltype
    Feature record: CXX_FEATURE:1cxx_decltype_auto
    Feature record: CXX_FEATURE:1cxx_decltype_incomplete_return_types
    Feature record: CXX_FEATURE:1cxx_default_function_template_args
    Feature record: CXX_FEATURE:1cxx_defaulted_functions
    Feature record: CXX_FEATURE:1cxx_defaulted_move_initializers
    Feature record: CXX_FEATURE:1cxx_delegating_constructors
    Feature record: CXX_FEATURE:1cxx_deleted_functions
    Feature record: CXX_FEATURE:1cxx_digit_separators
    Feature record: CXX_FEATURE:1cxx_enum_forward_declarations
    Feature record: CXX_FEATURE:1cxx_explicit_conversions
    Feature record: CXX_FEATURE:1cxx_extended_friend_declarations
    Feature record: CXX_FEATURE:1cxx_extern_templates
    Feature record: CXX_FEATURE:1cxx_final
    Feature record: CXX_FEATURE:1cxx_func_identifier
    Feature record: CXX_FEATURE:1cxx_generalized_initializers
    Feature record: CXX_FEATURE:1cxx_generic_lambdas
    Feature record: CXX_FEATURE:1cxx_inheriting_constructors
    Feature record: CXX_FEATURE:1cxx_inline_namespaces
    Feature record: CXX_FEATURE:1cxx_lambdas
    Feature record: CXX_FEATURE:1cxx_lambda_init_captures
    Feature record: CXX_FEATURE:1cxx_local_type_template_args
    Feature record: CXX_FEATURE:1cxx_long_long_type
    Feature record: CXX_FEATURE:1cxx_noexcept
    Feature record: CXX_FEATURE:1cxx_nonstatic_member_init
    Feature record: CXX_FEATURE:1cxx_nullptr
    Feature record: CXX_FEATURE:1cxx_override
    Feature record: CXX_FEATURE:1cxx_range_for
    Feature record: CXX_FEATURE:1cxx_raw_string_literals
    Feature record: CXX_FEATURE:1cxx_reference_qualified_functions
    Feature record: CXX_FEATURE:1cxx_relaxed_constexpr
    Feature record: CXX_FEATURE:1cxx_return_type_deduction
    Feature record: CXX_FEATURE:1cxx_right_angle_brackets
    Feature record: CXX_FEATURE:1cxx_rvalue_references
    Feature record: CXX_FEATURE:1cxx_sizeof_member
    Feature record: CXX_FEATURE:1cxx_static_assert
    Feature record: CXX_FEATURE:1cxx_strong_enums
    Feature record: CXX_FEATURE:1cxx_template_template_parameters
    Feature record: CXX_FEATURE:1cxx_thread_local
    Feature record: CXX_FEATURE:1cxx_trailing_return_types
    Feature record: CXX_FEATURE:1cxx_unicode_literals
    Feature record: CXX_FEATURE:1cxx_uniform_initialization
    Feature record: CXX_FEATURE:1cxx_unrestricted_unions
    Feature record: CXX_FEATURE:1cxx_user_literals
    Feature record: CXX_FEATURE:1cxx_variable_templates
    Feature record: CXX_FEATURE:1cxx_variadic_macros
    Feature record: CXX_FEATURE:1cxx_variadic_templates


Detecting CXX [-std=c++11] compiler features compiled with the following output:
Change Dir: /home/cyrill/Downloads/ncnn-android-yolov5/app/.cxx/cmake/debug/armeabi-v7a/CMakeFiles/CMakeTmp

Run Build Command:"/home/cyrill/Android/Sdk/cmake/3.10.2.4988404/bin/ninja" "cmTC_09b5e"
[1/2] Building CXX object CMakeFiles/cmTC_09b5e.dir/feature_tests.cxx.o
[2/2] Linking CXX executable cmTC_09b5e


    Feature record: CXX_FEATURE:0cxx_aggregate_default_initializers
    Feature record: CXX_FEATURE:1cxx_alias_templates
    Feature record: CXX_FEATURE:1cxx_alignas
    Feature record: CXX_FEATURE:1cxx_alignof
    Feature record: CXX_FEATURE:1cxx_attributes
    Feature record: CXX_FEATURE:0cxx_attribute_deprecated
    Feature record: CXX_FEATURE:1cxx_auto_type
    Feature record: CXX_FEATURE:0cxx_binary_literals
    Feature record: CXX_FEATURE:1cxx_constexpr
    Feature record: CXX_FEATURE:0cxx_contextual_conversions
    Feature record: CXX_FEATURE:1cxx_decltype
    Feature record: CXX_FEATURE:0cxx_decltype_auto
    Feature record: CXX_FEATURE:1cxx_decltype_incomplete_return_types
    Feature record: CXX_FEATURE:1cxx_default_function_template_args
    Feature record: CXX_FEATURE:1cxx_defaulted_functions
    Feature record: CXX_FEATURE:1cxx_defaulted_move_initializers
    Feature record: CXX_FEATURE:1cxx_delegating_constructors
    Feature record: CXX_FEATURE:1cxx_deleted_functions
    Feature record: CXX_FEATURE:0cxx_digit_separators
    Feature record: CXX_FEATURE:1cxx_enum_forward_declarations
    Feature record: CXX_FEATURE:1cxx_explicit_conversions
    Feature record: CXX_FEATURE:1cxx_extended_friend_declarations
    Feature record: CXX_FEATURE:1cxx_extern_templates
    Feature record: CXX_FEATURE:1cxx_final
    Feature record: CXX_FEATURE:1cxx_func_identifier
    Feature record: CXX_FEATURE:1cxx_generalized_initializers
    Feature record: CXX_FEATURE:0cxx_generic_lambdas
    Feature record: CXX_FEATURE:1cxx_inheriting_constructors
    Feature record: CXX_FEATURE:1cxx_inline_namespaces
    Feature record: CXX_FEATURE:1cxx_lambdas
    Feature record: CXX_FEATURE:0cxx_lambda_init_captures
    Feature record: CXX_FEATURE:1cxx_local_type_template_args
    Feature record: CXX_FEATURE:1cxx_long_long_type
    Feature record: CXX_FEATURE:1cxx_noexcept
    Feature record: CXX_FEATURE:1cxx_nonstatic_member_init
    Feature record: CXX_FEATURE:1cxx_nullptr
    Feature record: CXX_FEATURE:1cxx_override
    Feature record: CXX_FEATURE:1cxx_range_for
    Feature record: CXX_FEATURE:1cxx_raw_string_literals
    Feature record: CXX_FEATURE:1cxx_reference_qualified_functions
    Feature record: CXX_FEATURE:0cxx_relaxed_constexpr
    Feature record: CXX_FEATURE:0cxx_return_type_deduction
    Feature record: CXX_FEATURE:1cxx_right_angle_brackets
    Feature record: CXX_FEATURE:1cxx_rvalue_references
    Feature record: CXX_FEATURE:1cxx_sizeof_member
    Feature record: CXX_FEATURE:1cxx_static_assert
    Feature record: CXX_FEATURE:1cxx_strong_enums
    Feature record: CXX_FEATURE:1cxx_template_template_parameters
    Feature record: CXX_FEATURE:1cxx_thread_local
    Feature record: CXX_FEATURE:1cxx_trailing_return_types
    Feature record: CXX_FEATURE:1cxx_unicode_literals
    Feature record: CXX_FEATURE:1cxx_uniform_initialization
    Feature record: CXX_FEATURE:1cxx_unrestricted_unions
    Feature record: CXX_FEATURE:1cxx_user_literals
    Feature record: CXX_FEATURE:0cxx_variable_templates
    Feature record: CXX_FEATURE:1cxx_variadic_macros
    Feature record: CXX_FEATURE:1cxx_variadic_templates


Detecting CXX [-std=c++98] compiler features compiled with the following output:
Change Dir: /home/cyrill/Downloads/ncnn-android-yolov5/app/.cxx/cmake/debug/armeabi-v7a/CMakeFiles/CMakeTmp

Run Build Command:"/home/cyrill/Android/Sdk/cmake/3.10.2.4988404/bin/ninja" "cmTC_53326"
[1/2] Building CXX object CMakeFiles/cmTC_53326.dir/feature_tests.cxx.o
[2/2] Linking CXX executable cmTC_53326


    Feature record: CXX_FEATURE:0cxx_aggregate_default_initializers
    Feature record: CXX_FEATURE:0cxx_alias_templates
    Feature record: CXX_FEATURE:0cxx_alignas
    Feature record: CXX_FEATURE:0cxx_alignof
    Feature record: CXX_FEATURE:0cxx_attributes
    Feature record: CXX_FEATURE:0cxx_attribute_deprecated
    Feature record: CXX_FEATURE:0cxx_auto_type
    Feature record: CXX_FEATURE:0cxx_binary_literals
    Feature record: CXX_FEATURE:0cxx_constexpr
    Feature record: CXX_FEATURE:0cxx_contextual_conversions
    Feature record: CXX_FEATURE:0cxx_decltype
    Feature record: CXX_FEATURE:0cxx_decltype_auto
    Feature record: CXX_FEATURE:0cxx_decltype_incomplete_return_types
    Feature record: CXX_FEATURE:0cxx_default_function_template_args
    Feature record: CXX_FEATURE:0cxx_defaulted_functions
    Feature record: CXX_FEATURE:0cxx_defaulted_move_initializers
    Feature record: CXX_FEATURE:0cxx_delegating_constructors
    Feature record: CXX_FEATURE:0cxx_deleted_functions
    Feature record: CXX_FEATURE:0cxx_digit_separators
    Feature record: CXX_FEATURE:0cxx_enum_forward_declarations
    Feature record: CXX_FEATURE:0cxx_explicit_conversions
    Feature record: CXX_FEATURE:0cxx_extended_friend_declarations
    Feature record: CXX_FEATURE:0cxx_extern_templates
    Feature record: CXX_FEATURE:0cxx_final
    Feature record: CXX_FEATURE:0cxx_func_identifier
    Feature record: CXX_FEATURE:0cxx_generalized_initializers
    Feature record: CXX_FEATURE:0cxx_generic_lambdas
    Feature record: CXX_FEATURE:0cxx_inheriting_constructors
    Feature record: CXX_FEATURE:0cxx_inline_namespaces
    Feature record: CXX_FEATURE:0cxx_lambdas
    Feature record: CXX_FEATURE:0cxx_lambda_init_captures
    Feature record: CXX_FEATURE:0cxx_local_type_template_args
    Feature record: CXX_FEATURE:0cxx_long_long_type
    Feature record: CXX_FEATURE:0cxx_noexcept
    Feature record: CXX_FEATURE:0cxx_nonstatic_member_init
    Feature record: CXX_FEATURE:0cxx_nullptr
    Feature record: CXX_FEATURE:0cxx_override
    Feature record: CXX_FEATURE:0cxx_range_for
    Feature record: CXX_FEATURE:0cxx_raw_string_literals
    Feature record: CXX_FEATURE:0cxx_reference_qualified_functions
    Feature record: CXX_FEATURE:0cxx_relaxed_constexpr
    Feature record: CXX_FEATURE:0cxx_return_type_deduction
    Feature record: CXX_FEATURE:0cxx_right_angle_brackets
    Feature record: CXX_FEATURE:0cxx_rvalue_references
    Feature record: CXX_FEATURE:0cxx_sizeof_member
    Feature record: CXX_FEATURE:0cxx_static_assert
    Feature record: CXX_FEATURE:0cxx_strong_enums
    Feature record: CXX_FEATURE:1cxx_template_template_parameters
    Feature record: CXX_FEATURE:0cxx_thread_local
    Feature record: CXX_FEATURE:0cxx_trailing_return_types
    Feature record: CXX_FEATURE:0cxx_unicode_literals
    Feature record: CXX_FEATURE:0cxx_uniform_initialization
    Feature record: CXX_FEATURE:0cxx_unrestricted_unions
    Feature record: CXX_FEATURE:0cxx_user_literals
    Feature record: CXX_FEATURE:0cxx_variable_templates
    Feature record: CXX_FEATURE:0cxx_variadic_macros
    Feature record: CXX_FEATURE:0cxx_variadic_templates
Detecting C OpenMP compiler ABI info compiled with the following output:
Change Dir: /home/cyrill/Downloads/ncnn-android-yolov5/app/.cxx/cmake/debug/armeabi-v7a/CMakeFiles/CMakeTmp

Run Build Command:"/home/cyrill/Android/Sdk/cmake/3.10.2.4988404/bin/ninja" "cmTC_103c0"
[1/2] Building C object CMakeFiles/cmTC_103c0.dir/OpenMPTryFlag.c.o
Android (8075178, based on r437112b) clang version 14.0.1 (https://android.googlesource.com/toolchain/llvm-project 8671348b81b95fc603505dfc881b45103bee1731)
Target: armv7-none-linux-android24
Thread model: posix
InstalledDir: /home/cyrill/Android/Sdk/ndk/24.0.8215888/toolchains/llvm/prebuilt/linux-x86_64/bin
 (in-process)
 "/home/cyrill/Android/Sdk/ndk/24.0.8215888/toolchains/llvm/prebuilt/linux-x86_64/bin/clang" -cc1 -triple thumbv7-none-linux-android24 -emit-obj -mrelax-all --mrelax-relocations -mnoexecstack -disable-free -disable-llvm-verifier -discard-value-names -main-file-name OpenMPTryFlag.c -mrelocation-model pic -pic-level 2 -pic-is-pie -mframe-pointer=all -fno-rounding-math -mconstructor-aliases -munwind-tables -target-cpu generic -target-feature +soft-float-abi -target-feature +vfp2 -target-feature +vfp2sp -target-feature +vfp3 -target-feature +vfp3d16 -target-feature +vfp3d16sp -target-feature +vfp3sp -target-feature -fp16 -target-feature -vfp4 -target-feature -vfp4d16 -target-feature -vfp4d16sp -target-feature -vfp4sp -target-feature -fp-armv8 -target-feature -fp-armv8d16 -target-feature -fp-armv8d16sp -target-feature -fp-armv8sp -target-feature -fullfp16 -target-feature +fp64 -target-feature +d32 -target-feature +neon -target-feature -sha2 -target-feature -aes -target-feature -fp16fml -target-abi aapcs-linux -mfloat-abi soft -fallow-half-arguments-and-returns -debug-info-kind=constructor -dwarf-version=4 -debugger-tuning=gdb -v -ffunction-sections -fdata-sections -fcoverage-compilation-dir=/home/cyrill/Downloads/ncnn-android-yolov5/app/.cxx/cmake/debug/armeabi-v7a/CMakeFiles/CMakeTmp -resource-dir /home/cyrill/Android/Sdk/ndk/24.0.8215888/toolchains/llvm/prebuilt/linux-x86_64/lib64/clang/14.0.1 -D ANDROID -D _FORTIFY_SOURCE=2 -isysroot /home/cyrill/Android/Sdk/ndk/24.0.8215888/toolchains/llvm/prebuilt/linux-x86_64/sysroot -internal-isystem /home/cyrill/Android/Sdk/ndk/24.0.8215888/toolchains/llvm/prebuilt/linux-x86_64/lib64/clang/14.0.1/include -internal-isystem /home/cyrill/Android/Sdk/ndk/24.0.8215888/toolchains/llvm/prebuilt/linux-x86_64/sysroot/usr/local/include -internal-externc-isystem /home/cyrill/Android/Sdk/ndk/24.0.8215888/toolchains/llvm/prebuilt/linux-x86_64/sysroot/usr/include/arm-linux-androideabi -internal-externc-isystem /home/cyrill/Android/Sdk/ndk/24.0.8215888/toolchains/llvm/prebuilt/linux-x86_64/sysroot/include -internal-externc-isystem /home/cyrill/Android/Sdk/ndk/24.0.8215888/toolchains/llvm/prebuilt/linux-x86_64/sysroot/usr/include -Wformat -Werror=format-security -fdebug-compilation-dir=/home/cyrill/Downloads/ncnn-android-yolov5/app/.cxx/cmake/debug/armeabi-v7a/CMakeFiles/CMakeTmp -ferror-limit 19 -fopenmp -stack-protector 2 -fno-signed-char -fgnuc-version=4.2.1 -D__GCC_HAVE_DWARF2_CFI_ASM=1 -o CMakeFiles/cmTC_103c0.dir/OpenMPTryFlag.c.o -x c /home/cyrill/Downloads/ncnn-android-yolov5/app/.cxx/cmake/debug/armeabi-v7a/CMakeFiles/FindOpenMP/OpenMPTryFlag.c
clang -cc1 version 14.0.1 based upon LLVM 14.0.1git default target x86_64-unknown-linux-gnu
ignoring nonexistent directory "/home/cyrill/Android/Sdk/ndk/24.0.8215888/toolchains/llvm/prebuilt/linux-x86_64/sysroot/include"
#include "..." search starts here:
#include <...> search starts here:
 /home/cyrill/Android/Sdk/ndk/24.0.8215888/toolchains/llvm/prebuilt/linux-x86_64/lib64/clang/14.0.1/include
 /home/cyrill/Android/Sdk/ndk/24.0.8215888/toolchains/llvm/prebuilt/linux-x86_64/sysroot/usr/local/include
 /home/cyrill/Android/Sdk/ndk/24.0.8215888/toolchains/llvm/prebuilt/linux-x86_64/sysroot/usr/include/arm-linux-androideabi
 /home/cyrill/Android/Sdk/ndk/24.0.8215888/toolchains/llvm/prebuilt/linux-x86_64/sysroot/usr/include
End of search list.
[2/2] Linking C executable cmTC_103c0
Android (8075178, based on r437112b) clang version 14.0.1 (https://android.googlesource.com/toolchain/llvm-project 8671348b81b95fc603505dfc881b45103bee1731)
Target: armv7-none-linux-android24
Thread model: posix
InstalledDir: /home/cyrill/Android/Sdk/ndk/24.0.8215888/toolchains/llvm/prebuilt/linux-x86_64/bin
 "/home/cyrill/Android/Sdk/ndk/24.0.8215888/toolchains/llvm/prebuilt/linux-x86_64/bin/ld" --sysroot=/home/cyrill/Android/Sdk/ndk/24.0.8215888/toolchains/llvm/prebuilt/linux-x86_64/sysroot -pie -z noexecstack -EL --warn-shared-textrel -z now -z relro -z max-page-size=4096 -X --hash-style=gnu --enable-new-dtags --eh-frame-hdr -m armelf_linux_eabi -dynamic-linker /system/bin/linker -o cmTC_103c0 /home/cyrill/Android/Sdk/ndk/24.0.8215888/toolchains/llvm/prebuilt/linux-x86_64/sysroot/usr/lib/arm-linux-androideabi/24/crtbegin_dynamic.o -L/home/cyrill/Android/Sdk/ndk/24.0.8215888/toolchains/llvm/prebuilt/linux-x86_64/lib64/clang/14.0.1/lib/linux/arm -L/home/cyrill/Android/Sdk/ndk/24.0.8215888/toolchains/llvm/prebuilt/linux-x86_64/sysroot/usr/lib/arm-linux-androideabi/24 -L/home/cyrill/Android/Sdk/ndk/24.0.8215888/toolchains/llvm/prebuilt/linux-x86_64/sysroot/usr/lib/arm-linux-androideabi -L/home/cyrill/Android/Sdk/ndk/24.0.8215888/toolchains/llvm/prebuilt/linux-x86_64/sysroot/usr/lib/../lib -L/home/cyrill/Android/Sdk/ndk/24.0.8215888/toolchains/llvm/prebuilt/linux-x86_64/sysroot/usr/lib --build-id=sha1 --no-rosegment --fatal-warnings --no-undefined --gc-sections CMakeFiles/cmTC_103c0.dir/OpenMPTryFlag.c.o -latomic -lm -lomp /home/cyrill/Android/Sdk/ndk/24.0.8215888/toolchains/llvm/prebuilt/linux-x86_64/lib64/clang/14.0.1/lib/linux/libclang_rt.builtins-arm-android.a -l:libunwind.a -ldl -lc /home/cyrill/Android/Sdk/ndk/24.0.8215888/toolchains/llvm/prebuilt/linux-x86_64/lib64/clang/14.0.1/lib/linux/libclang_rt.builtins-arm-android.a -l:libunwind.a -ldl /home/cyrill/Android/Sdk/ndk/24.0.8215888/toolchains/llvm/prebuilt/linux-x86_64/sysroot/usr/lib/arm-linux-androideabi/24/crtend_android.o


Parsed C OpenMP implicit link information from above output:
  link line regex: [^( *|.*[/\])(CMAKE_LINKER-NOTFOUND|CMAKE_LINK_STARTFILE-NOTFOUND|([^/\]+-)?ld|collect2)[^/\]*( |$)]
  ignore line: [Change Dir: /home/cyrill/Downloads/ncnn-android-yolov5/app/.cxx/cmake/debug/armeabi-v7a/CMakeFiles/CMakeTmp]
  ignore line: []
  ignore line: [Run Build Command:"/home/cyrill/Android/Sdk/cmake/3.10.2.4988404/bin/ninja" "cmTC_103c0"]
  ignore line: [[1/2] Building C object CMakeFiles/cmTC_103c0.dir/OpenMPTryFlag.c.o]
  ignore line: [Android (8075178, based on r437112b) clang version 14.0.1 (https://android.googlesource.com/toolchain/llvm-project 8671348b81b95fc603505dfc881b45103bee1731)]
  ignore line: [Target: armv7-none-linux-android24]
  ignore line: [Thread model: posix]
  ignore line: [InstalledDir: /home/cyrill/Android/Sdk/ndk/24.0.8215888/toolchains/llvm/prebuilt/linux-x86_64/bin]
  ignore line: [ (in-process)]
  ignore line: [ "/home/cyrill/Android/Sdk/ndk/24.0.8215888/toolchains/llvm/prebuilt/linux-x86_64/bin/clang" -cc1 -triple thumbv7-none-linux-android24 -emit-obj -mrelax-all --mrelax-relocations -mnoexecstack -disable-free -disable-llvm-verifier -discard-value-names -main-file-name OpenMPTryFlag.c -mrelocation-model pic -pic-level 2 -pic-is-pie -mframe-pointer=all -fno-rounding-math -mconstructor-aliases -munwind-tables -target-cpu generic -target-feature +soft-float-abi -target-feature +vfp2 -target-feature +vfp2sp -target-feature +vfp3 -target-feature +vfp3d16 -target-feature +vfp3d16sp -target-feature +vfp3sp -target-feature -fp16 -target-feature -vfp4 -target-feature -vfp4d16 -target-feature -vfp4d16sp -target-feature -vfp4sp -target-feature -fp-armv8 -target-feature -fp-armv8d16 -target-feature -fp-armv8d16sp -target-feature -fp-armv8sp -target-feature -fullfp16 -target-feature +fp64 -target-feature +d32 -target-feature +neon -target-feature -sha2 -target-feature -aes -target-feature -fp16fml -target-abi aapcs-linux -mfloat-abi soft -fallow-half-arguments-and-returns -debug-info-kind=constructor -dwarf-version=4 -debugger-tuning=gdb -v -ffunction-sections -fdata-sections -fcoverage-compilation-dir=/home/cyrill/Downloads/ncnn-android-yolov5/app/.cxx/cmake/debug/armeabi-v7a/CMakeFiles/CMakeTmp -resource-dir /home/cyrill/Android/Sdk/ndk/24.0.8215888/toolchains/llvm/prebuilt/linux-x86_64/lib64/clang/14.0.1 -D ANDROID -D _FORTIFY_SOURCE=2 -isysroot /home/cyrill/Android/Sdk/ndk/24.0.8215888/toolchains/llvm/prebuilt/linux-x86_64/sysroot -internal-isystem /home/cyrill/Android/Sdk/ndk/24.0.8215888/toolchains/llvm/prebuilt/linux-x86_64/lib64/clang/14.0.1/include -internal-isystem /home/cyrill/Android/Sdk/ndk/24.0.8215888/toolchains/llvm/prebuilt/linux-x86_64/sysroot/usr/local/include -internal-externc-isystem /home/cyrill/Android/Sdk/ndk/24.0.8215888/toolchains/llvm/prebuilt/linux-x86_64/sysroot/usr/include/arm-linux-androideabi -internal-externc-isystem /home/cyrill/Android/Sdk/ndk/24.0.8215888/toolchains/llvm/prebuilt/linux-x86_64/sysroot/include -internal-externc-isystem /home/cyrill/Android/Sdk/ndk/24.0.8215888/toolchains/llvm/prebuilt/linux-x86_64/sysroot/usr/include -Wformat -Werror=format-security -fdebug-compilation-dir=/home/cyrill/Downloads/ncnn-android-yolov5/app/.cxx/cmake/debug/armeabi-v7a/CMakeFiles/CMakeTmp -ferror-limit 19 -fopenmp -stack-protector 2 -fno-signed-char -fgnuc-version=4.2.1 -D__GCC_HAVE_DWARF2_CFI_ASM=1 -o CMakeFiles/cmTC_103c0.dir/OpenMPTryFlag.c.o -x c /home/cyrill/Downloads/ncnn-android-yolov5/app/.cxx/cmake/debug/armeabi-v7a/CMakeFiles/FindOpenMP/OpenMPTryFlag.c]
  ignore line: [clang -cc1 version 14.0.1 based upon LLVM 14.0.1git default target x86_64-unknown-linux-gnu]
  ignore line: [ignoring nonexistent directory "/home/cyrill/Android/Sdk/ndk/24.0.8215888/toolchains/llvm/prebuilt/linux-x86_64/sysroot/include"]
  ignore line: [#include "..." search starts here:]
  ignore line: [#include <...> search starts here:]
  ignore line: [ /home/cyrill/Android/Sdk/ndk/24.0.8215888/toolchains/llvm/prebuilt/linux-x86_64/lib64/clang/14.0.1/include]
  ignore line: [ /home/cyrill/Android/Sdk/ndk/24.0.8215888/toolchains/llvm/prebuilt/linux-x86_64/sysroot/usr/local/include]
  ignore line: [ /home/cyrill/Android/Sdk/ndk/24.0.8215888/toolchains/llvm/prebuilt/linux-x86_64/sysroot/usr/include/arm-linux-androideabi]
  ignore line: [ /home/cyrill/Android/Sdk/ndk/24.0.8215888/toolchains/llvm/prebuilt/linux-x86_64/sysroot/usr/include]
  ignore line: [End of search list.]
  ignore line: [[2/2] Linking C executable cmTC_103c0]
  ignore line: [Android (8075178, based on r437112b) clang version 14.0.1 (https://android.googlesource.com/toolchain/llvm-project 8671348b81b95fc603505dfc881b45103bee1731)]
  ignore line: [Target: armv7-none-linux-android24]
  ignore line: [Thread model: posix]
  ignore line: [InstalledDir: /home/cyrill/Android/Sdk/ndk/24.0.8215888/toolchains/llvm/prebuilt/linux-x86_64/bin]
  link line: [ "/home/cyrill/Android/Sdk/ndk/24.0.8215888/toolchains/llvm/prebuilt/linux-x86_64/bin/ld" --sysroot=/home/cyrill/Android/Sdk/ndk/24.0.8215888/toolchains/llvm/prebuilt/linux-x86_64/sysroot -pie -z noexecstack -EL --warn-shared-textrel -z now -z relro -z max-page-size=4096 -X --hash-style=gnu --enable-new-dtags --eh-frame-hdr -m armelf_linux_eabi -dynamic-linker /system/bin/linker -o cmTC_103c0 /home/cyrill/Android/Sdk/ndk/24.0.8215888/toolchains/llvm/prebuilt/linux-x86_64/sysroot/usr/lib/arm-linux-androideabi/24/crtbegin_dynamic.o -L/home/cyrill/Android/Sdk/ndk/24.0.8215888/toolchains/llvm/prebuilt/linux-x86_64/lib64/clang/14.0.1/lib/linux/arm -L/home/cyrill/Android/Sdk/ndk/24.0.8215888/toolchains/llvm/prebuilt/linux-x86_64/sysroot/usr/lib/arm-linux-androideabi/24 -L/home/cyrill/Android/Sdk/ndk/24.0.8215888/toolchains/llvm/prebuilt/linux-x86_64/sysroot/usr/lib/arm-linux-androideabi -L/home/cyrill/Android/Sdk/ndk/24.0.8215888/toolchains/llvm/prebuilt/linux-x86_64/sysroot/usr/lib/../lib -L/home/cyrill/Android/Sdk/ndk/24.0.8215888/toolchains/llvm/prebuilt/linux-x86_64/sysroot/usr/lib --build-id=sha1 --no-rosegment --fatal-warnings --no-undefined --gc-sections CMakeFiles/cmTC_103c0.dir/OpenMPTryFlag.c.o -latomic -lm -lomp /home/cyrill/Android/Sdk/ndk/24.0.8215888/toolchains/llvm/prebuilt/linux-x86_64/lib64/clang/14.0.1/lib/linux/libclang_rt.builtins-arm-android.a -l:libunwind.a -ldl -lc /home/cyrill/Android/Sdk/ndk/24.0.8215888/toolchains/llvm/prebuilt/linux-x86_64/lib64/clang/14.0.1/lib/linux/libclang_rt.builtins-arm-android.a -l:libunwind.a -ldl /home/cyrill/Android/Sdk/ndk/24.0.8215888/toolchains/llvm/prebuilt/linux-x86_64/sysroot/usr/lib/arm-linux-androideabi/24/crtend_android.o]
    arg [/home/cyrill/Android/Sdk/ndk/24.0.8215888/toolchains/llvm/prebuilt/linux-x86_64/bin/ld] ==> ignore
    arg [--sysroot=/home/cyrill/Android/Sdk/ndk/24.0.8215888/toolchains/llvm/prebuilt/linux-x86_64/sysroot] ==> ignore
    arg [-pie] ==> ignore
    arg [-znoexecstack] ==> ignore
    arg [-EL] ==> ignore
    arg [--warn-shared-textrel] ==> ignore
    arg [-znow] ==> ignore
    arg [-zrelro] ==> ignore
    arg [-zmax-page-size=4096] ==> ignore
    arg [-X] ==> ignore
    arg [--hash-style=gnu] ==> ignore
    arg [--enable-new-dtags] ==> ignore
    arg [--eh-frame-hdr] ==> ignore
    arg [-m] ==> ignore
    arg [armelf_linux_eabi] ==> ignore
    arg [-dynamic-linker] ==> ignore
    arg [/system/bin/linker] ==> ignore
    arg [-o] ==> ignore
    arg [cmTC_103c0] ==> ignore
    arg [/home/cyrill/Android/Sdk/ndk/24.0.8215888/toolchains/llvm/prebuilt/linux-x86_64/sysroot/usr/lib/arm-linux-androideabi/24/crtbegin_dynamic.o] ==> ignore
    arg [-L/home/cyrill/Android/Sdk/ndk/24.0.8215888/toolchains/llvm/prebuilt/linux-x86_64/lib64/clang/14.0.1/lib/linux/arm] ==> dir [/home/cyrill/Android/Sdk/ndk/24.0.8215888/toolchains/llvm/prebuilt/linux-x86_64/lib64/clang/14.0.1/lib/linux/arm]
    arg [-L/home/cyrill/Android/Sdk/ndk/24.0.8215888/toolchains/llvm/prebuilt/linux-x86_64/sysroot/usr/lib/arm-linux-androideabi/24] ==> dir [/home/cyrill/Android/Sdk/ndk/24.0.8215888/toolchains/llvm/prebuilt/linux-x86_64/sysroot/usr/lib/arm-linux-androideabi/24]
    arg [-L/home/cyrill/Android/Sdk/ndk/24.0.8215888/toolchains/llvm/prebuilt/linux-x86_64/sysroot/usr/lib/arm-linux-androideabi] ==> dir [/home/cyrill/Android/Sdk/ndk/24.0.8215888/toolchains/llvm/prebuilt/linux-x86_64/sysroot/usr/lib/arm-linux-androideabi]
    arg [-L/home/cyrill/Android/Sdk/ndk/24.0.8215888/toolchains/llvm/prebuilt/linux-x86_64/sysroot/usr/lib/../lib] ==> dir [/home/cyrill/Android/Sdk/ndk/24.0.8215888/toolchains/llvm/prebuilt/linux-x86_64/sysroot/usr/lib/../lib]
    arg [-L/home/cyrill/Android/Sdk/ndk/24.0.8215888/toolchains/llvm/prebuilt/linux-x86_64/sysroot/usr/lib] ==> dir [/home/cyrill/Android/Sdk/ndk/24.0.8215888/toolchains/llvm/prebuilt/linux-x86_64/sysroot/usr/lib]
    arg [--build-id=sha1] ==> ignore
    arg [--no-rosegment] ==> ignore
    arg [--fatal-warnings] ==> ignore
    arg [--no-undefined] ==> ignore
    arg [--gc-sections] ==> ignore
    arg [CMakeFiles/cmTC_103c0.dir/OpenMPTryFlag.c.o] ==> ignore
    arg [-latomic] ==> lib [atomic]
    arg [-lm] ==> lib [m]
    arg [-lomp] ==> lib [omp]
    arg [/home/cyrill/Android/Sdk/ndk/24.0.8215888/toolchains/llvm/prebuilt/linux-x86_64/lib64/clang/14.0.1/lib/linux/libclang_rt.builtins-arm-android.a] ==> lib [/home/cyrill/Android/Sdk/ndk/24.0.8215888/toolchains/llvm/prebuilt/linux-x86_64/lib64/clang/14.0.1/lib/linux/libclang_rt.builtins-arm-android.a]
    arg [-l:libunwind.a] ==> lib [-l:libunwind.a]
    arg [-ldl] ==> lib [dl]
    arg [-lc] ==> lib [c]
    arg [/home/cyrill/Android/Sdk/ndk/24.0.8215888/toolchains/llvm/prebuilt/linux-x86_64/lib64/clang/14.0.1/lib/linux/libclang_rt.builtins-arm-android.a] ==> lib [/home/cyrill/Android/Sdk/ndk/24.0.8215888/toolchains/llvm/prebuilt/linux-x86_64/lib64/clang/14.0.1/lib/linux/libclang_rt.builtins-arm-android.a]
    arg [-l:libunwind.a] ==> lib [-l:libunwind.a]
    arg [-ldl] ==> lib [dl]
    arg [/home/cyrill/Android/Sdk/ndk/24.0.8215888/toolchains/llvm/prebuilt/linux-x86_64/sysroot/usr/lib/arm-linux-androideabi/24/crtend_android.o] ==> ignore
  remove lib [/home/cyrill/Android/Sdk/ndk/24.0.8215888/toolchains/llvm/prebuilt/linux-x86_64/lib64/clang/14.0.1/lib/linux/libclang_rt.builtins-arm-android.a]
  remove lib [/home/cyrill/Android/Sdk/ndk/24.0.8215888/toolchains/llvm/prebuilt/linux-x86_64/lib64/clang/14.0.1/lib/linux/libclang_rt.builtins-arm-android.a]
  collapse library dir [/home/cyrill/Android/Sdk/ndk/24.0.8215888/toolchains/llvm/prebuilt/linux-x86_64/lib64/clang/14.0.1/lib/linux/arm] ==> [/home/cyrill/Android/Sdk/ndk/24.0.8215888/toolchains/llvm/prebuilt/linux-x86_64/lib64/clang/14.0.1/lib/linux/arm]
  collapse library dir [/home/cyrill/Android/Sdk/ndk/24.0.8215888/toolchains/llvm/prebuilt/linux-x86_64/sysroot/usr/lib/arm-linux-androideabi/24] ==> [/home/cyrill/Android/Sdk/ndk/24.0.8215888/toolchains/llvm/prebuilt/linux-x86_64/sysroot/usr/lib/arm-linux-androideabi/24]
  collapse library dir [/home/cyrill/Android/Sdk/ndk/24.0.8215888/toolchains/llvm/prebuilt/linux-x86_64/sysroot/usr/lib/arm-linux-androideabi] ==> [/home/cyrill/Android/Sdk/ndk/24.0.8215888/toolchains/llvm/prebuilt/linux-x86_64/sysroot/usr/lib/arm-linux-androideabi]
  collapse library dir [/home/cyrill/Android/Sdk/ndk/24.0.8215888/toolchains/llvm/prebuilt/linux-x86_64/sysroot/usr/lib/../lib] ==> [/home/cyrill/Android/Sdk/ndk/24.0.8215888/toolchains/llvm/prebuilt/linux-x86_64/sysroot/usr/lib]
  collapse library dir [/home/cyrill/Android/Sdk/ndk/24.0.8215888/toolchains/llvm/prebuilt/linux-x86_64/sysroot/usr/lib] ==> [/home/cyrill/Android/Sdk/ndk/24.0.8215888/toolchains/llvm/prebuilt/linux-x86_64/sysroot/usr/lib]
  implicit libs: [atomic;m;omp;-l:libunwind.a;dl;c;-l:libunwind.a;dl]
  implicit dirs: [/home/cyrill/Android/Sdk/ndk/24.0.8215888/toolchains/llvm/prebuilt/linux-x86_64/lib64/clang/14.0.1/lib/linux/arm;/home/cyrill/Android/Sdk/ndk/24.0.8215888/toolchains/llvm/prebuilt/linux-x86_64/sysroot/usr/lib/arm-linux-androideabi/24;/home/cyrill/Android/Sdk/ndk/24.0.8215888/toolchains/llvm/prebuilt/linux-x86_64/sysroot/usr/lib/arm-linux-androideabi;/home/cyrill/Android/Sdk/ndk/24.0.8215888/toolchains/llvm/prebuilt/linux-x86_64/sysroot/usr/lib]
  implicit fwks: []


Detecting CXX OpenMP compiler ABI info compiled with the following output:
Change Dir: /home/cyrill/Downloads/ncnn-android-yolov5/app/.cxx/cmake/debug/armeabi-v7a/CMakeFiles/CMakeTmp

Run Build Command:"/home/cyrill/Android/Sdk/cmake/3.10.2.4988404/bin/ninja" "cmTC_b5bb0"
[1/2] Building CXX object CMakeFiles/cmTC_b5bb0.dir/OpenMPTryFlag.cpp.o
Android (8075178, based on r437112b) clang version 14.0.1 (https://android.googlesource.com/toolchain/llvm-project 8671348b81b95fc603505dfc881b45103bee1731)
Target: armv7-none-linux-android24
Thread model: posix
InstalledDir: /home/cyrill/Android/Sdk/ndk/24.0.8215888/toolchains/llvm/prebuilt/linux-x86_64/bin
 (in-process)
 "/home/cyrill/Android/Sdk/ndk/24.0.8215888/toolchains/llvm/prebuilt/linux-x86_64/bin/clang++" -cc1 -triple thumbv7-none-linux-android24 -emit-obj -mrelax-all --mrelax-relocations -mnoexecstack -disable-free -disable-llvm-verifier -discard-value-names -main-file-name OpenMPTryFlag.cpp -mrelocation-model pic -pic-level 2 -pic-is-pie -mframe-pointer=all -fno-rounding-math -mconstructor-aliases -munwind-tables -target-cpu generic -target-feature +soft-float-abi -target-feature +vfp2 -target-feature +vfp2sp -target-feature +vfp3 -target-feature +vfp3d16 -target-feature +vfp3d16sp -target-feature +vfp3sp -target-feature -fp16 -target-feature -vfp4 -target-feature -vfp4d16 -target-feature -vfp4d16sp -target-feature -vfp4sp -target-feature -fp-armv8 -target-feature -fp-armv8d16 -target-feature -fp-armv8d16sp -target-feature -fp-armv8sp -target-feature -fullfp16 -target-feature +fp64 -target-feature +d32 -target-feature +neon -target-feature -sha2 -target-feature -aes -target-feature -fp16fml -target-abi aapcs-linux -mfloat-abi soft -fallow-half-arguments-and-returns -debug-info-kind=constructor -dwarf-version=4 -debugger-tuning=gdb -v -ffunction-sections -fdata-sections -fcoverage-compilation-dir=/home/cyrill/Downloads/ncnn-android-yolov5/app/.cxx/cmake/debug/armeabi-v7a/CMakeFiles/CMakeTmp -resource-dir /home/cyrill/Android/Sdk/ndk/24.0.8215888/toolchains/llvm/prebuilt/linux-x86_64/lib64/clang/14.0.1 -D ANDROID -D _FORTIFY_SOURCE=2 -isysroot /home/cyrill/Android/Sdk/ndk/24.0.8215888/toolchains/llvm/prebuilt/linux-x86_64/sysroot -internal-isystem /home/cyrill/Android/Sdk/ndk/24.0.8215888/toolchains/llvm/prebuilt/linux-x86_64/sysroot/usr/include/c++/v1 -internal-isystem /home/cyrill/Android/Sdk/ndk/24.0.8215888/toolchains/llvm/prebuilt/linux-x86_64/lib64/clang/14.0.1/include -internal-isystem /home/cyrill/Android/Sdk/ndk/24.0.8215888/toolchains/llvm/prebuilt/linux-x86_64/sysroot/usr/local/include -internal-externc-isystem /home/cyrill/Android/Sdk/ndk/24.0.8215888/toolchains/llvm/prebuilt/linux-x86_64/sysroot/usr/include/arm-linux-androideabi -internal-externc-isystem /home/cyrill/Android/Sdk/ndk/24.0.8215888/toolchains/llvm/prebuilt/linux-x86_64/sysroot/include -internal-externc-isystem /home/cyrill/Android/Sdk/ndk/24.0.8215888/toolchains/llvm/prebuilt/linux-x86_64/sysroot/usr/include -Wformat -Werror=format-security -fdeprecated-macro -fdebug-compilation-dir=/home/cyrill/Downloads/ncnn-android-yolov5/app/.cxx/cmake/debug/armeabi-v7a/CMakeFiles/CMakeTmp -ferror-limit 19 -fopenmp -stack-protector 2 -fno-signed-char -fgnuc-version=4.2.1 -fcxx-exceptions -fexceptions -D__GCC_HAVE_DWARF2_CFI_ASM=1 -o CMakeFiles/cmTC_b5bb0.dir/OpenMPTryFlag.cpp.o -x c++ /home/cyrill/Downloads/ncnn-android-yolov5/app/.cxx/cmake/debug/armeabi-v7a/CMakeFiles/FindOpenMP/OpenMPTryFlag.cpp
clang -cc1 version 14.0.1 based upon LLVM 14.0.1git default target x86_64-unknown-linux-gnu
ignoring nonexistent directory "/home/cyrill/Android/Sdk/ndk/24.0.8215888/toolchains/llvm/prebuilt/linux-x86_64/sysroot/include"
#include "..." search starts here:
#include <...> search starts here:
 /home/cyrill/Android/Sdk/ndk/24.0.8215888/toolchains/llvm/prebuilt/linux-x86_64/sysroot/usr/include/c++/v1
 /home/cyrill/Android/Sdk/ndk/24.0.8215888/toolchains/llvm/prebuilt/linux-x86_64/lib64/clang/14.0.1/include
 /home/cyrill/Android/Sdk/ndk/24.0.8215888/toolchains/llvm/prebuilt/linux-x86_64/sysroot/usr/local/include
 /home/cyrill/Android/Sdk/ndk/24.0.8215888/toolchains/llvm/prebuilt/linux-x86_64/sysroot/usr/include/arm-linux-androideabi
 /home/cyrill/Android/Sdk/ndk/24.0.8215888/toolchains/llvm/prebuilt/linux-x86_64/sysroot/usr/include
End of search list.
[2/2] Linking CXX executable cmTC_b5bb0
Android (8075178, based on r437112b) clang version 14.0.1 (https://android.googlesource.com/toolchain/llvm-project 8671348b81b95fc603505dfc881b45103bee1731)
Target: armv7-none-linux-android24
Thread model: posix
InstalledDir: /home/cyrill/Android/Sdk/ndk/24.0.8215888/toolchains/llvm/prebuilt/linux-x86_64/bin
 "/home/cyrill/Android/Sdk/ndk/24.0.8215888/toolchains/llvm/prebuilt/linux-x86_64/bin/ld" --sysroot=/home/cyrill/Android/Sdk/ndk/24.0.8215888/toolchains/llvm/prebuilt/linux-x86_64/sysroot -pie -z noexecstack -EL --warn-shared-textrel -z now -z relro -z max-page-size=4096 -X --hash-style=gnu --enable-new-dtags --eh-frame-hdr -m armelf_linux_eabi -dynamic-linker /system/bin/linker -o cmTC_b5bb0 /home/cyrill/Android/Sdk/ndk/24.0.8215888/toolchains/llvm/prebuilt/linux-x86_64/sysroot/usr/lib/arm-linux-androideabi/24/crtbegin_dynamic.o -L/home/cyrill/Android/Sdk/ndk/24.0.8215888/toolchains/llvm/prebuilt/linux-x86_64/lib64/clang/14.0.1/lib/linux/arm -L/home/cyrill/Android/Sdk/ndk/24.0.8215888/toolchains/llvm/prebuilt/linux-x86_64/sysroot/usr/lib/arm-linux-androideabi/24 -L/home/cyrill/Android/Sdk/ndk/24.0.8215888/toolchains/llvm/prebuilt/linux-x86_64/sysroot/usr/lib/arm-linux-androideabi -L/home/cyrill/Android/Sdk/ndk/24.0.8215888/toolchains/llvm/prebuilt/linux-x86_64/sysroot/usr/lib/../lib -L/home/cyrill/Android/Sdk/ndk/24.0.8215888/toolchains/llvm/prebuilt/linux-x86_64/sysroot/usr/lib --build-id=sha1 --no-rosegment --fatal-warnings --no-undefined --gc-sections CMakeFiles/cmTC_b5bb0.dir/OpenMPTryFlag.cpp.o -latomic -lm -Bstatic -lc++ -Bdynamic -lm -lomp /home/cyrill/Android/Sdk/ndk/24.0.8215888/toolchains/llvm/prebuilt/linux-x86_64/lib64/clang/14.0.1/lib/linux/libclang_rt.builtins-arm-android.a -l:libunwind.a -ldl -lc /home/cyrill/Android/Sdk/ndk/24.0.8215888/toolchains/llvm/prebuilt/linux-x86_64/lib64/clang/14.0.1/lib/linux/libclang_rt.builtins-arm-android.a -l:libunwind.a -ldl /home/cyrill/Android/Sdk/ndk/24.0.8215888/toolchains/llvm/prebuilt/linux-x86_64/sysroot/usr/lib/arm-linux-androideabi/24/crtend_android.o


Parsed CXX OpenMP implicit link information from above output:
  link line regex: [^( *|.*[/\])(CMAKE_LINKER-NOTFOUND|CMAKE_LINK_STARTFILE-NOTFOUND|([^/\]+-)?ld|collect2)[^/\]*( |$)]
  ignore line: [Change Dir: /home/cyrill/Downloads/ncnn-android-yolov5/app/.cxx/cmake/debug/armeabi-v7a/CMakeFiles/CMakeTmp]
  ignore line: []
  ignore line: [Run Build Command:"/home/cyrill/Android/Sdk/cmake/3.10.2.4988404/bin/ninja" "cmTC_b5bb0"]
  ignore line: [[1/2] Building CXX object CMakeFiles/cmTC_b5bb0.dir/OpenMPTryFlag.cpp.o]
  ignore line: [Android (8075178, based on r437112b) clang version 14.0.1 (https://android.googlesource.com/toolchain/llvm-project 8671348b81b95fc603505dfc881b45103bee1731)]
  ignore line: [Target: armv7-none-linux-android24]
  ignore line: [Thread model: posix]
  ignore line: [InstalledDir: /home/cyrill/Android/Sdk/ndk/24.0.8215888/toolchains/llvm/prebuilt/linux-x86_64/bin]
  ignore line: [ (in-process)]
  ignore line: [ "/home/cyrill/Android/Sdk/ndk/24.0.8215888/toolchains/llvm/prebuilt/linux-x86_64/bin/clang++" -cc1 -triple thumbv7-none-linux-android24 -emit-obj -mrelax-all --mrelax-relocations -mnoexecstack -disable-free -disable-llvm-verifier -discard-value-names -main-file-name OpenMPTryFlag.cpp -mrelocation-model pic -pic-level 2 -pic-is-pie -mframe-pointer=all -fno-rounding-math -mconstructor-aliases -munwind-tables -target-cpu generic -target-feature +soft-float-abi -target-feature +vfp2 -target-feature +vfp2sp -target-feature +vfp3 -target-feature +vfp3d16 -target-feature +vfp3d16sp -target-feature +vfp3sp -target-feature -fp16 -target-feature -vfp4 -target-feature -vfp4d16 -target-feature -vfp4d16sp -target-feature -vfp4sp -target-feature -fp-armv8 -target-feature -fp-armv8d16 -target-feature -fp-armv8d16sp -target-feature -fp-armv8sp -target-feature -fullfp16 -target-feature +fp64 -target-feature +d32 -target-feature +neon -target-feature -sha2 -target-feature -aes -target-feature -fp16fml -target-abi aapcs-linux -mfloat-abi soft -fallow-half-arguments-and-returns -debug-info-kind=constructor -dwarf-version=4 -debugger-tuning=gdb -v -ffunction-sections -fdata-sections -fcoverage-compilation-dir=/home/cyrill/Downloads/ncnn-android-yolov5/app/.cxx/cmake/debug/armeabi-v7a/CMakeFiles/CMakeTmp -resource-dir /home/cyrill/Android/Sdk/ndk/24.0.8215888/toolchains/llvm/prebuilt/linux-x86_64/lib64/clang/14.0.1 -D ANDROID -D _FORTIFY_SOURCE=2 -isysroot /home/cyrill/Android/Sdk/ndk/24.0.8215888/toolchains/llvm/prebuilt/linux-x86_64/sysroot -internal-isystem /home/cyrill/Android/Sdk/ndk/24.0.8215888/toolchains/llvm/prebuilt/linux-x86_64/sysroot/usr/include/c++/v1 -internal-isystem /home/cyrill/Android/Sdk/ndk/24.0.8215888/toolchains/llvm/prebuilt/linux-x86_64/lib64/clang/14.0.1/include -internal-isystem /home/cyrill/Android/Sdk/ndk/24.0.8215888/toolchains/llvm/prebuilt/linux-x86_64/sysroot/usr/local/include -internal-externc-isystem /home/cyrill/Android/Sdk/ndk/24.0.8215888/toolchains/llvm/prebuilt/linux-x86_64/sysroot/usr/include/arm-linux-androideabi -internal-externc-isystem /home/cyrill/Android/Sdk/ndk/24.0.8215888/toolchains/llvm/prebuilt/linux-x86_64/sysroot/include -internal-externc-isystem /home/cyrill/Android/Sdk/ndk/24.0.8215888/toolchains/llvm/prebuilt/linux-x86_64/sysroot/usr/include -Wformat -Werror=format-security -fdeprecated-macro -fdebug-compilation-dir=/home/cyrill/Downloads/ncnn-android-yolov5/app/.cxx/cmake/debug/armeabi-v7a/CMakeFiles/CMakeTmp -ferror-limit 19 -fopenmp -stack-protector 2 -fno-signed-char -fgnuc-version=4.2.1 -fcxx-exceptions -fexceptions -D__GCC_HAVE_DWARF2_CFI_ASM=1 -o CMakeFiles/cmTC_b5bb0.dir/OpenMPTryFlag.cpp.o -x c++ /home/cyrill/Downloads/ncnn-android-yolov5/app/.cxx/cmake/debug/armeabi-v7a/CMakeFiles/FindOpenMP/OpenMPTryFlag.cpp]
  ignore line: [clang -cc1 version 14.0.1 based upon LLVM 14.0.1git default target x86_64-unknown-linux-gnu]
  ignore line: [ignoring nonexistent directory "/home/cyrill/Android/Sdk/ndk/24.0.8215888/toolchains/llvm/prebuilt/linux-x86_64/sysroot/include"]
  ignore line: [#include "..." search starts here:]
  ignore line: [#include <...> search starts here:]
  ignore line: [ /home/cyrill/Android/Sdk/ndk/24.0.8215888/toolchains/llvm/prebuilt/linux-x86_64/sysroot/usr/include/c++/v1]
  ignore line: [ /home/cyrill/Android/Sdk/ndk/24.0.8215888/toolchains/llvm/prebuilt/linux-x86_64/lib64/clang/14.0.1/include]
  ignore line: [ /home/cyrill/Android/Sdk/ndk/24.0.8215888/toolchains/llvm/prebuilt/linux-x86_64/sysroot/usr/local/include]
  ignore line: [ /home/cyrill/Android/Sdk/ndk/24.0.8215888/toolchains/llvm/prebuilt/linux-x86_64/sysroot/usr/include/arm-linux-androideabi]
  ignore line: [ /home/cyrill/Android/Sdk/ndk/24.0.8215888/toolchains/llvm/prebuilt/linux-x86_64/sysroot/usr/include]
  ignore line: [End of search list.]
  ignore line: [[2/2] Linking CXX executable cmTC_b5bb0]
  ignore line: [Android (8075178, based on r437112b) clang version 14.0.1 (https://android.googlesource.com/toolchain/llvm-project 8671348b81b95fc603505dfc881b45103bee1731)]
  ignore line: [Target: armv7-none-linux-android24]
  ignore line: [Thread model: posix]
  ignore line: [InstalledDir: /home/cyrill/Android/Sdk/ndk/24.0.8215888/toolchains/llvm/prebuilt/linux-x86_64/bin]
  link line: [ "/home/cyrill/Android/Sdk/ndk/24.0.8215888/toolchains/llvm/prebuilt/linux-x86_64/bin/ld" --sysroot=/home/cyrill/Android/Sdk/ndk/24.0.8215888/toolchains/llvm/prebuilt/linux-x86_64/sysroot -pie -z noexecstack -EL --warn-shared-textrel -z now -z relro -z max-page-size=4096 -X --hash-style=gnu --enable-new-dtags --eh-frame-hdr -m armelf_linux_eabi -dynamic-linker /system/bin/linker -o cmTC_b5bb0 /home/cyrill/Android/Sdk/ndk/24.0.8215888/toolchains/llvm/prebuilt/linux-x86_64/sysroot/usr/lib/arm-linux-androideabi/24/crtbegin_dynamic.o -L/home/cyrill/Android/Sdk/ndk/24.0.8215888/toolchains/llvm/prebuilt/linux-x86_64/lib64/clang/14.0.1/lib/linux/arm -L/home/cyrill/Android/Sdk/ndk/24.0.8215888/toolchains/llvm/prebuilt/linux-x86_64/sysroot/usr/lib/arm-linux-androideabi/24 -L/home/cyrill/Android/Sdk/ndk/24.0.8215888/toolchains/llvm/prebuilt/linux-x86_64/sysroot/usr/lib/arm-linux-androideabi -L/home/cyrill/Android/Sdk/ndk/24.0.8215888/toolchains/llvm/prebuilt/linux-x86_64/sysroot/usr/lib/../lib -L/home/cyrill/Android/Sdk/ndk/24.0.8215888/toolchains/llvm/prebuilt/linux-x86_64/sysroot/usr/lib --build-id=sha1 --no-rosegment --fatal-warnings --no-undefined --gc-sections CMakeFiles/cmTC_b5bb0.dir/OpenMPTryFlag.cpp.o -latomic -lm -Bstatic -lc++ -Bdynamic -lm -lomp /home/cyrill/Android/Sdk/ndk/24.0.8215888/toolchains/llvm/prebuilt/linux-x86_64/lib64/clang/14.0.1/lib/linux/libclang_rt.builtins-arm-android.a -l:libunwind.a -ldl -lc /home/cyrill/Android/Sdk/ndk/24.0.8215888/toolchains/llvm/prebuilt/linux-x86_64/lib64/clang/14.0.1/lib/linux/libclang_rt.builtins-arm-android.a -l:libunwind.a -ldl /home/cyrill/Android/Sdk/ndk/24.0.8215888/toolchains/llvm/prebuilt/linux-x86_64/sysroot/usr/lib/arm-linux-androideabi/24/crtend_android.o]
    arg [/home/cyrill/Android/Sdk/ndk/24.0.8215888/toolchains/llvm/prebuilt/linux-x86_64/bin/ld] ==> ignore
    arg [--sysroot=/home/cyrill/Android/Sdk/ndk/24.0.8215888/toolchains/llvm/prebuilt/linux-x86_64/sysroot] ==> ignore
    arg [-pie] ==> ignore
    arg [-znoexecstack] ==> ignore
    arg [-EL] ==> ignore
    arg [--warn-shared-textrel] ==> ignore
    arg [-znow] ==> ignore
    arg [-zrelro] ==> ignore
    arg [-zmax-page-size=4096] ==> ignore
    arg [-X] ==> ignore
    arg [--hash-style=gnu] ==> ignore
    arg [--enable-new-dtags] ==> ignore
    arg [--eh-frame-hdr] ==> ignore
    arg [-m] ==> ignore
    arg [armelf_linux_eabi] ==> ignore
    arg [-dynamic-linker] ==> ignore
    arg [/system/bin/linker] ==> ignore
    arg [-o] ==> ignore
    arg [cmTC_b5bb0] ==> ignore
    arg [/home/cyrill/Android/Sdk/ndk/24.0.8215888/toolchains/llvm/prebuilt/linux-x86_64/sysroot/usr/lib/arm-linux-androideabi/24/crtbegin_dynamic.o] ==> ignore
    arg [-L/home/cyrill/Android/Sdk/ndk/24.0.8215888/toolchains/llvm/prebuilt/linux-x86_64/lib64/clang/14.0.1/lib/linux/arm] ==> dir [/home/cyrill/Android/Sdk/ndk/24.0.8215888/toolchains/llvm/prebuilt/linux-x86_64/lib64/clang/14.0.1/lib/linux/arm]
    arg [-L/home/cyrill/Android/Sdk/ndk/24.0.8215888/toolchains/llvm/prebuilt/linux-x86_64/sysroot/usr/lib/arm-linux-androideabi/24] ==> dir [/home/cyrill/Android/Sdk/ndk/24.0.8215888/toolchains/llvm/prebuilt/linux-x86_64/sysroot/usr/lib/arm-linux-androideabi/24]
    arg [-L/home/cyrill/Android/Sdk/ndk/24.0.8215888/toolchains/llvm/prebuilt/linux-x86_64/sysroot/usr/lib/arm-linux-androideabi] ==> dir [/home/cyrill/Android/Sdk/ndk/24.0.8215888/toolchains/llvm/prebuilt/linux-x86_64/sysroot/usr/lib/arm-linux-androideabi]
    arg [-L/home/cyrill/Android/Sdk/ndk/24.0.8215888/toolchains/llvm/prebuilt/linux-x86_64/sysroot/usr/lib/../lib] ==> dir [/home/cyrill/Android/Sdk/ndk/24.0.8215888/toolchains/llvm/prebuilt/linux-x86_64/sysroot/usr/lib/../lib]
    arg [-L/home/cyrill/Android/Sdk/ndk/24.0.8215888/toolchains/llvm/prebuilt/linux-x86_64/sysroot/usr/lib] ==> dir [/home/cyrill/Android/Sdk/ndk/24.0.8215888/toolchains/llvm/prebuilt/linux-x86_64/sysroot/usr/lib]
    arg [--build-id=sha1] ==> ignore
    arg [--no-rosegment] ==> ignore
    arg [--fatal-warnings] ==> ignore
    arg [--no-undefined] ==> ignore
    arg [--gc-sections] ==> ignore
    arg [CMakeFiles/cmTC_b5bb0.dir/OpenMPTryFlag.cpp.o] ==> ignore
    arg [-latomic] ==> lib [atomic]
    arg [-lm] ==> lib [m]
    arg [-Bstatic] ==> ignore
    arg [-lc++] ==> lib [c++]
    arg [-Bdynamic] ==> ignore
    arg [-lm] ==> lib [m]
    arg [-lomp] ==> lib [omp]
    arg [/home/cyrill/Android/Sdk/ndk/24.0.8215888/toolchains/llvm/prebuilt/linux-x86_64/lib64/clang/14.0.1/lib/linux/libclang_rt.builtins-arm-android.a] ==> lib [/home/cyrill/Android/Sdk/ndk/24.0.8215888/toolchains/llvm/prebuilt/linux-x86_64/lib64/clang/14.0.1/lib/linux/libclang_rt.builtins-arm-android.a]
    arg [-l:libunwind.a] ==> lib [-l:libunwind.a]
    arg [-ldl] ==> lib [dl]
    arg [-lc] ==> lib [c]
    arg [/home/cyrill/Android/Sdk/ndk/24.0.8215888/toolchains/llvm/prebuilt/linux-x86_64/lib64/clang/14.0.1/lib/linux/libclang_rt.builtins-arm-android.a] ==> lib [/home/cyrill/Android/Sdk/ndk/24.0.8215888/toolchains/llvm/prebuilt/linux-x86_64/lib64/clang/14.0.1/lib/linux/libclang_rt.builtins-arm-android.a]
    arg [-l:libunwind.a] ==> lib [-l:libunwind.a]
    arg [-ldl] ==> lib [dl]
    arg [/home/cyrill/Android/Sdk/ndk/24.0.8215888/toolchains/llvm/prebuilt/linux-x86_64/sysroot/usr/lib/arm-linux-androideabi/24/crtend_android.o] ==> ignore
  remove lib [/home/cyrill/Android/Sdk/ndk/24.0.8215888/toolchains/llvm/prebuilt/linux-x86_64/lib64/clang/14.0.1/lib/linux/libclang_rt.builtins-arm-android.a]
  remove lib [/home/cyrill/Android/Sdk/ndk/24.0.8215888/toolchains/llvm/prebuilt/linux-x86_64/lib64/clang/14.0.1/lib/linux/libclang_rt.builtins-arm-android.a]
  collapse library dir [/home/cyrill/Android/Sdk/ndk/24.0.8215888/toolchains/llvm/prebuilt/linux-x86_64/lib64/clang/14.0.1/lib/linux/arm] ==> [/home/cyrill/Android/Sdk/ndk/24.0.8215888/toolchains/llvm/prebuilt/linux-x86_64/lib64/clang/14.0.1/lib/linux/arm]
  collapse library dir [/home/cyrill/Android/Sdk/ndk/24.0.8215888/toolchains/llvm/prebuilt/linux-x86_64/sysroot/usr/lib/arm-linux-androideabi/24] ==> [/home/cyrill/Android/Sdk/ndk/24.0.8215888/toolchains/llvm/prebuilt/linux-x86_64/sysroot/usr/lib/arm-linux-androideabi/24]
  collapse library dir [/home/cyrill/Android/Sdk/ndk/24.0.8215888/toolchains/llvm/prebuilt/linux-x86_64/sysroot/usr/lib/arm-linux-androideabi] ==> [/home/cyrill/Android/Sdk/ndk/24.0.8215888/toolchains/llvm/prebuilt/linux-x86_64/sysroot/usr/lib/arm-linux-androideabi]
  collapse library dir [/home/cyrill/Android/Sdk/ndk/24.0.8215888/toolchains/llvm/prebuilt/linux-x86_64/sysroot/usr/lib/../lib] ==> [/home/cyrill/Android/Sdk/ndk/24.0.8215888/toolchains/llvm/prebuilt/linux-x86_64/sysroot/usr/lib]
  collapse library dir [/home/cyrill/Android/Sdk/ndk/24.0.8215888/toolchains/llvm/prebuilt/linux-x86_64/sysroot/usr/lib] ==> [/home/cyrill/Android/Sdk/ndk/24.0.8215888/toolchains/llvm/prebuilt/linux-x86_64/sysroot/usr/lib]
  implicit libs: [atomic;m;c++;m;omp;-l:libunwind.a;dl;c;-l:libunwind.a;dl]
  implicit dirs: [/home/cyrill/Android/Sdk/ndk/24.0.8215888/toolchains/llvm/prebuilt/linux-x86_64/lib64/clang/14.0.1/lib/linux/arm;/home/cyrill/Android/Sdk/ndk/24.0.8215888/toolchains/llvm/prebuilt/linux-x86_64/sysroot/usr/lib/arm-linux-androideabi/24;/home/cyrill/Android/Sdk/ndk/24.0.8215888/toolchains/llvm/prebuilt/linux-x86_64/sysroot/usr/lib/arm-linux-androideabi;/home/cyrill/Android/Sdk/ndk/24.0.8215888/toolchains/llvm/prebuilt/linux-x86_64/sysroot/usr/lib]
  implicit fwks: []


Determining if the include file pthread.h exists passed with the following output:
Change Dir: /home/cyrill/Downloads/ncnn-android-yolov5/app/.cxx/cmake/debug/armeabi-v7a/CMakeFiles/CMakeTmp

Run Build Command:"/home/cyrill/Android/Sdk/cmake/3.10.2.4988404/bin/ninja" "cmTC_e1a8d"
[1/2] Building C object CMakeFiles/cmTC_e1a8d.dir/CheckIncludeFile.c.o
[2/2] Linking C executable cmTC_e1a8d


Determining if the pthread_create exist passed with the following output:
Change Dir: /home/cyrill/Downloads/ncnn-android-yolov5/app/.cxx/cmake/debug/armeabi-v7a/CMakeFiles/CMakeTmp

Run Build Command:"/home/cyrill/Android/Sdk/cmake/3.10.2.4988404/bin/ninja" "cmTC_bbafe"
[1/2] Building C object CMakeFiles/cmTC_bbafe.dir/CheckSymbolExists.c.o
[2/2] Linking C executable cmTC_bbafe

File /home/cyrill/Downloads/ncnn-android-yolov5/app/.cxx/cmake/debug/armeabi-v7a/CMakeFiles/CMakeTmp/CheckSymbolExists.c:
/* */
#include <pthread.h>

int main(int argc, char** argv)
{
  (void)argv;
#ifndef pthread_create
  return ((int*)(&pthread_create))[argc];
#else
  (void)argc;
  return 0;
#endif
}

